{"numTotalTestSuites":35,"numPassedTestSuites":35,"numFailedTestSuites":0,"numPendingTestSuites":0,"numTotalTests":85,"numPassedTests":85,"numFailedTests":0,"numPendingTests":0,"numTodoTests":0,"startTime":1779250999595,"success":true,"testResults":[{"assertionResults":[{"ancestorTitles":["","阿伦尼乌斯热模型核心算法","化学反应速率计算"],"fullName":" 阿伦尼乌斯热模型核心算法 化学反应速率计算 应该正确计算常温下的反应速率","status":"passed","title":"应该正确计算常温下的反应速率","duration":0,"failureMessages":[]},{"ancestorTitles":["","阿伦尼乌斯热模型核心算法","化学反应速率计算"],"fullName":" 阿伦尼乌斯热模型核心算法 化学反应速率计算 高温下反应速率应该显著增加","status":"passed","title":"高温下反应速率应该显著增加","duration":0,"failureMessages":[]},{"ancestorTitles":["","阿伦尼乌斯热模型核心算法","化学反应速率计算"],"fullName":" 阿伦尼乌斯热模型核心算法 化学反应速率计算 活化能越高，反应速率越低","status":"passed","title":"活化能越高，反应速率越低","duration":1,"failureMessages":[]},{"ancestorTitles":["","阿伦尼乌斯热模型核心算法","化学反应速率计算"],"fullName":" 阿伦尼乌斯热模型核心算法 化学反应速率计算 应该使用默认的气体常数","status":"passed","title":"应该使用默认的气体常数","duration":0,"failureMessages":[]},{"ancestorTitles":["","阿伦尼乌斯热模型核心算法","热生成计算"],"fullName":" 阿伦尼乌斯热模型核心算法 热生成计算 应该返回非负的热生成值","status":"passed","title":"应该返回非负的热生成值","duration":0,"failureMessages":[]},{"ancestorTitles":["","阿伦尼乌斯热模型核心算法","热生成计算"],"fullName":" 阿伦尼乌斯热模型核心算法 热生成计算 高温电芯应该产生更多热量","status":"passed","title":"高温电芯应该产生更多热量","duration":0,"failureMessages":[]},{"ancestorTitles":["","阿伦尼乌斯热模型核心算法","温度升高计算"],"fullName":" 阿伦尼乌斯热模型核心算法 温度升高计算 应该正确计算温度升高值","status":"passed","title":"应该正确计算温度升高值","duration":0,"failureMessages":[]},{"ancestorTitles":["","阿伦尼乌斯热模型核心算法","温度升高计算"],"fullName":" 阿伦尼乌斯热模型核心算法 温度升高计算 时间步长越大，温度升高越多","status":"passed","title":"时间步长越大，温度升高越多","duration":0,"failureMessages":[]},{"ancestorTitles":["","阿伦尼乌斯热模型核心算法","热耗散计算"],"fullName":" 阿伦尼乌斯热模型核心算法 热耗散计算 温度高于环境时应该有正的热耗散","status":"passed","title":"温度高于环境时应该有正的热耗散","duration":0,"failureMessages":[]},{"ancestorTitles":["","阿伦尼乌斯热模型核心算法","热耗散计算"],"fullName":" 阿伦尼乌斯热模型核心算法 热耗散计算 温度等于环境时热耗散为零","status":"passed","title":"温度等于环境时热耗散为零","duration":0,"failureMessages":[]},{"ancestorTitles":["","阿伦尼乌斯热模型核心算法","热耗散计算"],"fullName":" 阿伦尼乌斯热模型核心算法 热耗散计算 应该使用默认的表面积","status":"passed","title":"应该使用默认的表面积","duration":0,"failureMessages":[]},{"ancestorTitles":["","阿伦尼乌斯热模型核心算法","热蔓延计算"],"fullName":" 阿伦尼乌斯热模型核心算法 热蔓延计算 相邻电芯之间应该存在热传导","status":"passed","title":"相邻电芯之间应该存在热传导","duration":0,"failureMessages":[]},{"ancestorTitles":["","阿伦尼乌斯热模型核心算法","热蔓延计算"],"fullName":" 阿伦尼乌斯热模型核心算法 热蔓延计算 距离越远，热传导越小","status":"passed","title":"距离越远，热传导越小","duration":1,"failureMessages":[]},{"ancestorTitles":["","阿伦尼乌斯热模型核心算法","热蔓延计算"],"fullName":" 阿伦尼乌斯热模型核心算法 热蔓延计算 应该使用默认的距离值","status":"passed","title":"应该使用默认的距离值","duration":0,"failureMessages":[]},{"ancestorTitles":["","阿伦尼乌斯热模型核心算法","热失控模拟"],"fullName":" 阿伦尼乌斯热模型核心算法 热失控模拟 应该为正常温度电芯返回低风险","status":"passed","title":"应该为正常温度电芯返回低风险","duration":1,"failureMessages":[]},{"ancestorTitles":["","阿伦尼乌斯热模型核心算法","热失控模拟"],"fullName":" 阿伦尼乌斯热模型核心算法 热失控模拟 应该为高温电芯返回高风险","status":"passed","title":"应该为高温电芯返回高风险","duration":1,"failureMessages":[]},{"ancestorTitles":["","阿伦尼乌斯热模型核心算法","热失控模拟"],"fullName":" 阿伦尼乌斯热模型核心算法 热失控模拟 超高温电芯应该返回极端风险","status":"passed","title":"超高温电芯应该返回极端风险","duration":0,"failureMessages":[]},{"ancestorTitles":["","阿伦尼乌斯热模型核心算法","热失控模拟"],"fullName":" 阿伦尼乌斯热模型核心算法 热失控模拟 温度高于临界值时应该立即触发热失控","status":"passed","title":"温度高于临界值时应该立即触发热失控","duration":2,"failureMessages":[]},{"ancestorTitles":["","阿伦尼乌斯热模型核心算法","热失控模拟"],"fullName":" 阿伦尼乌斯热模型核心算法 热失控模拟 应该包含时间点数据","status":"passed","title":"应该包含时间点数据","duration":2,"failureMessages":[]},{"ancestorTitles":["","阿伦尼乌斯热模型核心算法","时间格式化"],"fullName":" 阿伦尼乌斯热模型核心算法 时间格式化 秒数小于60秒时显示秒","status":"passed","title":"秒数小于60秒时显示秒","duration":0,"failureMessages":[]},{"ancestorTitles":["","阿伦尼乌斯热模型核心算法","时间格式化"],"fullName":" 阿伦尼乌斯热模型核心算法 时间格式化 分钟应该正确格式化","status":"passed","title":"分钟应该正确格式化","duration":0,"failureMessages":[]},{"ancestorTitles":["","阿伦尼乌斯热模型核心算法","时间格式化"],"fullName":" 阿伦尼乌斯热模型核心算法 时间格式化 小时应该正确格式化","status":"passed","title":"小时应该正确格式化","duration":0,"failureMessages":[]},{"ancestorTitles":["","阿伦尼乌斯热模型核心算法","温度颜色映射"],"fullName":" 阿伦尼乌斯热模型核心算法 温度颜色映射 低温应该显示绿色","status":"passed","title":"低温应该显示绿色","duration":0,"failureMessages":[]},{"ancestorTitles":["","阿伦尼乌斯热模型核心算法","温度颜色映射"],"fullName":" 阿伦尼乌斯热模型核心算法 温度颜色映射 中温应该显示蓝色","status":"passed","title":"中温应该显示蓝色","duration":0,"failureMessages":[]},{"ancestorTitles":["","阿伦尼乌斯热模型核心算法","温度颜色映射"],"fullName":" 阿伦尼乌斯热模型核心算法 温度颜色映射 较高温应该显示橙色","status":"passed","title":"较高温应该显示橙色","duration":0,"failureMessages":[]},{"ancestorTitles":["","阿伦尼乌斯热模型核心算法","温度颜色映射"],"fullName":" 阿伦尼乌斯热模型核心算法 温度颜色映射 高温应该显示红色","status":"passed","title":"高温应该显示红色","duration":0,"failureMessages":[]},{"ancestorTitles":["","阿伦尼乌斯热模型核心算法","温度颜色映射"],"fullName":" 阿伦尼乌斯热模型核心算法 温度颜色映射 超高温应该显示紫色","status":"passed","title":"超高温应该显示紫色","duration":0,"failureMessages":[]},{"ancestorTitles":["","阿伦尼乌斯热模型核心算法","风险等级颜色和文本"],"fullName":" 阿伦尼乌斯热模型核心算法 风险等级颜色和文本 低风险应该显示绿色和正确文本","status":"passed","title":"低风险应该显示绿色和正确文本","duration":0,"failureMessages":[]},{"ancestorTitles":["","阿伦尼乌斯热模型核心算法","风险等级颜色和文本"],"fullName":" 阿伦尼乌斯热模型核心算法 风险等级颜色和文本 中风险应该显示橙色和正确文本","status":"passed","title":"中风险应该显示橙色和正确文本","duration":0,"failureMessages":[]},{"ancestorTitles":["","阿伦尼乌斯热模型核心算法","风险等级颜色和文本"],"fullName":" 阿伦尼乌斯热模型核心算法 风险等级颜色和文本 高风险应该显示红色和正确文本","status":"passed","title":"高风险应该显示红色和正确文本","duration":0,"failureMessages":[]},{"ancestorTitles":["","阿伦尼乌斯热模型核心算法","风险等级颜色和文本"],"fullName":" 阿伦尼乌斯热模型核心算法 风险等级颜色和文本 极高风险应该显示紫色和正确文本","status":"passed","title":"极高风险应该显示紫色和正确文本","duration":0,"failureMessages":[]}],"startTime":1779251000194,"endTime":1779251000203,"status":"passed","message":"","name":"/Users/yundongsoftware/Documents/projects/dogfoodings/BatteryLogic/tests/arrhenius.test.ts"},{"assertionResults":[{"ancestorTitles":["","BMS数据模拟器","电池包创建"],"fullName":" BMS数据模拟器 电池包创建 应该创建正确数量的模组和电芯","status":"passed","title":"应该创建正确数量的模组和电芯","duration":2,"failureMessages":[]},{"ancestorTitles":["","BMS数据模拟器","电池包创建"],"fullName":" BMS数据模拟器 电池包创建 电芯应该有正确的初始值","status":"passed","title":"电芯应该有正确的初始值","duration":1,"failureMessages":[]},{"ancestorTitles":["","BMS数据模拟器","电池包创建"],"fullName":" BMS数据模拟器 电池包创建 每个电芯应该有唯一的ID","status":"passed","title":"每个电芯应该有唯一的ID","duration":2,"failureMessages":[]},{"ancestorTitles":["","BMS数据模拟器","电池包创建"],"fullName":" BMS数据模拟器 电池包创建 电芯应该有正确的行列位置","status":"passed","title":"电芯应该有正确的行列位置","duration":0,"failureMessages":[]},{"ancestorTitles":["","BMS数据模拟器","数据更新"],"fullName":" BMS数据模拟器 数据更新 单个电芯更新后数据应该在合理范围内","status":"passed","title":"单个电芯更新后数据应该在合理范围内","duration":0,"failureMessages":[]},{"ancestorTitles":["","BMS数据模拟器","数据更新"],"fullName":" BMS数据模拟器 数据更新 整个电池包更新应该更新所有电芯","status":"passed","title":"整个电池包更新应该更新所有电芯","duration":2,"failureMessages":[]},{"ancestorTitles":["","BMS数据模拟器","热失控触发"],"fullName":" BMS数据模拟器 热失控触发 热失控电芯温度应该显著升高","status":"passed","title":"热失控电芯温度应该显著升高","duration":1,"failureMessages":[]},{"ancestorTitles":["","BMS数据模拟器","热失控触发"],"fullName":" BMS数据模拟器 热失控触发 热失控应该蔓延到相邻电芯","status":"passed","title":"热失控应该蔓延到相邻电芯","duration":0,"failureMessages":[]},{"ancestorTitles":["","BMS数据模拟器","统计计算"],"fullName":" BMS数据模拟器 统计计算 应该返回正确的统计数据","status":"passed","title":"应该返回正确的统计数据","duration":0,"failureMessages":[]},{"ancestorTitles":["","BMS数据模拟器","统计计算"],"fullName":" BMS数据模拟器 统计计算 最高温度应该大于等于平均温度","status":"passed","title":"最高温度应该大于等于平均温度","duration":1,"failureMessages":[]},{"ancestorTitles":["","BMS数据模拟器","统计计算"],"fullName":" BMS数据模拟器 统计计算 最低温度应该小于等于平均温度","status":"passed","title":"最低温度应该小于等于平均温度","duration":0,"failureMessages":[]},{"ancestorTitles":["","BMS数据模拟器","告警生成"],"fullName":" BMS数据模拟器 告警生成 正常电芯不应该产生告警","status":"passed","title":"正常电芯不应该产生告警","duration":0,"failureMessages":[]},{"ancestorTitles":["","BMS数据模拟器","告警生成"],"fullName":" BMS数据模拟器 告警生成 高温电芯应该产生温度告警","status":"passed","title":"高温电芯应该产生温度告警","duration":0,"failureMessages":[]},{"ancestorTitles":["","BMS数据模拟器","告警生成"],"fullName":" BMS数据模拟器 告警生成 热失控电芯应该产生热失控告警","status":"passed","title":"热失控电芯应该产生热失控告警","duration":0,"failureMessages":[]},{"ancestorTitles":["","BMS数据模拟器","告警生成"],"fullName":" BMS数据模拟器 告警生成 低电压电芯应该产生电压告警","status":"passed","title":"低电压电芯应该产生电压告警","duration":1,"failureMessages":[]},{"ancestorTitles":["","BMS数据模拟器","告警生成"],"fullName":" BMS数据模拟器 告警生成 已经存在的告警不应该重复生成","status":"passed","title":"已经存在的告警不应该重复生成","duration":0,"failureMessages":[]}],"startTime":1779251000195,"endTime":1779251000206,"status":"passed","message":"","name":"/Users/yundongsoftware/Documents/projects/dogfoodings/BatteryLogic/tests/bmsSimulator.test.ts"},{"assertionResults":[{"ancestorTitles":["","语义对齐引擎","语义标签定义"],"fullName":" 语义对齐引擎 语义标签定义 BMS标签应该包含必要的字段","status":"passed","title":"BMS标签应该包含必要的字段","duration":1,"failureMessages":[]},{"ancestorTitles":["","语义对齐引擎","语义标签定义"],"fullName":" 语义对齐引擎 语义标签定义 消防标签应该包含必要的字段","status":"passed","title":"消防标签应该包含必要的字段","duration":0,"failureMessages":[]},{"ancestorTitles":["","语义对齐引擎","语义标签定义"],"fullName":" 语义对齐引擎 语义标签定义 BMS标签应该包含温度、电压等关键指标","status":"passed","title":"BMS标签应该包含温度、电压等关键指标","duration":1,"failureMessages":[]},{"ancestorTitles":["","语义对齐引擎","语义标签定义"],"fullName":" 语义对齐引擎 语义标签定义 消防标签应该包含探测器、灭火装置等设备","status":"passed","title":"消防标签应该包含探测器、灭火装置等设备","duration":0,"failureMessages":[]},{"ancestorTitles":["","语义对齐引擎","语义标签定义"],"fullName":" 语义对齐引擎 语义标签定义 应该有默认的映射规则","status":"passed","title":"应该有默认的映射规则","duration":0,"failureMessages":[]},{"ancestorTitles":["","语义对齐引擎","值转换"],"fullName":" 语义对齐引擎 值转换 直接转换应该返回原值","status":"passed","title":"直接转换应该返回原值","duration":0,"failureMessages":[]},{"ancestorTitles":["","语义对齐引擎","值转换"],"fullName":" 语义对齐引擎 值转换 阈值转换应该根据阈值返回动作","status":"passed","title":"阈值转换应该根据阈值返回动作","duration":1,"failureMessages":[]},{"ancestorTitles":["","语义对齐引擎","值转换"],"fullName":" 语义对齐引擎 值转换 阈值转换应该支持多阈值配置","status":"passed","title":"阈值转换应该支持多阈值配置","duration":0,"failureMessages":[]},{"ancestorTitles":["","语义对齐引擎","值转换"],"fullName":" 语义对齐引擎 值转换 线性转换应该正确计算","status":"passed","title":"线性转换应该正确计算","duration":0,"failureMessages":[]},{"ancestorTitles":["","语义对齐引擎","消防控制信号生成"],"fullName":" 语义对齐引擎 消防控制信号生成 应该为高温电芯生成报警信号","status":"passed","title":"应该为高温电芯生成报警信号","duration":0,"failureMessages":[]},{"ancestorTitles":["","语义对齐引擎","消防控制信号生成"],"fullName":" 语义对齐引擎 消防控制信号生成 信号应该包含必要的字段","status":"passed","title":"信号应该包含必要的字段","duration":0,"failureMessages":[]},{"ancestorTitles":["","语义对齐引擎","消防控制信号生成"],"fullName":" 语义对齐引擎 消防控制信号生成 高风险预测应该触发更高优先级的信号","status":"passed","title":"高风险预测应该触发更高优先级的信号","duration":0,"failureMessages":[]},{"ancestorTitles":["","语义对齐引擎","消防控制信号生成"],"fullName":" 语义对齐引擎 消防控制信号生成 空预测应该也能生成信号","status":"passed","title":"空预测应该也能生成信号","duration":1,"failureMessages":[]},{"ancestorTitles":["","语义对齐引擎","标签查询"],"fullName":" 语义对齐引擎 标签查询 应该正确返回BMS标签名称","status":"passed","title":"应该正确返回BMS标签名称","duration":0,"failureMessages":[]},{"ancestorTitles":["","语义对齐引擎","标签查询"],"fullName":" 语义对齐引擎 标签查询 应该正确返回消防标签名称","status":"passed","title":"应该正确返回消防标签名称","duration":0,"failureMessages":[]},{"ancestorTitles":["","语义对齐引擎","映射规则"],"fullName":" 语义对齐引擎 映射规则 默认规则应该都是启用的","status":"passed","title":"默认规则应该都是启用的","duration":0,"failureMessages":[]},{"ancestorTitles":["","语义对齐引擎","映射规则"],"fullName":" 语义对齐引擎 映射规则 规则应该有正确的源和目标标签","status":"passed","title":"规则应该有正确的源和目标标签","duration":0,"failureMessages":[]}],"startTime":1779251000194,"endTime":1779251000198,"status":"passed","message":"","name":"/Users/yundongsoftware/Documents/projects/dogfoodings/BatteryLogic/tests/semantic.test.ts"},{"assertionResults":[{"ancestorTitles":["","BatteryStore 状态管理","初始化"],"fullName":" BatteryStore 状态管理 初始化 应该正确初始化电池包","status":"passed","title":"应该正确初始化电池包","duration":2,"failureMessages":[]},{"ancestorTitles":["","BatteryStore 状态管理","初始化"],"fullName":" BatteryStore 状态管理 初始化 应该有默认的阿伦尼乌斯参数","status":"passed","title":"应该有默认的阿伦尼乌斯参数","duration":1,"failureMessages":[]},{"ancestorTitles":["","BatteryStore 状态管理","初始化"],"fullName":" BatteryStore 状态管理 初始化 应该有默认的映射规则","status":"passed","title":"应该有默认的映射规则","duration":0,"failureMessages":[]},{"ancestorTitles":["","BatteryStore 状态管理","初始化"],"fullName":" BatteryStore 状态管理 初始化 初始状态下预测结果应该为空","status":"passed","title":"初始状态下预测结果应该为空","duration":0,"failureMessages":[]},{"ancestorTitles":["","BatteryStore 状态管理","初始化"],"fullName":" BatteryStore 状态管理 初始化 初始状态下不应该正在计算","status":"passed","title":"初始状态下不应该正在计算","duration":1,"failureMessages":[]},{"ancestorTitles":["","BatteryStore 状态管理","电芯数据"],"fullName":" BatteryStore 状态管理 电芯数据 allCells 应该返回所有电芯","status":"passed","title":"allCells 应该返回所有电芯","duration":1,"failureMessages":[]},{"ancestorTitles":["","BatteryStore 状态管理","电芯数据"],"fullName":" BatteryStore 状态管理 电芯数据 getCellById 应该返回正确的电芯","status":"passed","title":"getCellById 应该返回正确的电芯","duration":1,"failureMessages":[]},{"ancestorTitles":["","BatteryStore 状态管理","电芯数据"],"fullName":" BatteryStore 状态管理 电芯数据 getCellById 对于不存在的ID应该返回undefined","status":"passed","title":"getCellById 对于不存在的ID应该返回undefined","duration":1,"failureMessages":[]},{"ancestorTitles":["","BatteryStore 状态管理","电芯数据"],"fullName":" BatteryStore 状态管理 电芯数据 getPredictionForCell 应该返回正确的预测","status":"passed","title":"getPredictionForCell 应该返回正确的预测","duration":1,"failureMessages":[]},{"ancestorTitles":["","BatteryStore 状态管理","统计数据"],"fullName":" BatteryStore 状态管理 统计数据 stats 应该返回正确的统计数据","status":"passed","title":"stats 应该返回正确的统计数据","duration":1,"failureMessages":[]},{"ancestorTitles":["","BatteryStore 状态管理","统计数据"],"fullName":" BatteryStore 状态管理 统计数据 overallStatus 应该根据状态返回正确的值","status":"passed","title":"overallStatus 应该根据状态返回正确的值","duration":2,"failureMessages":[]},{"ancestorTitles":["","BatteryStore 状态管理","告警功能"],"fullName":" BatteryStore 状态管理 告警功能 初始状态下告警应该为空","status":"passed","title":"初始状态下告警应该为空","duration":0,"failureMessages":[]},{"ancestorTitles":["","BatteryStore 状态管理","告警功能"],"fullName":" BatteryStore 状态管理 告警功能 应该能够确认告警","status":"passed","title":"应该能够确认告警","duration":1,"failureMessages":[]},{"ancestorTitles":["","BatteryStore 状态管理","告警功能"],"fullName":" BatteryStore 状态管理 告警功能 unacknowledgedAlarms 应该只返回未确认的告警","status":"passed","title":"unacknowledgedAlarms 应该只返回未确认的告警","duration":0,"failureMessages":[]},{"ancestorTitles":["","BatteryStore 状态管理","映射规则管理"],"fullName":" BatteryStore 状态管理 映射规则管理 应该能够更新映射规则","status":"passed","title":"应该能够更新映射规则","duration":1,"failureMessages":[]},{"ancestorTitles":["","BatteryStore 状态管理","模拟控制"],"fullName":" BatteryStore 状态管理 模拟控制 startSimulation 应该启动模拟","status":"passed","title":"startSimulation 应该启动模拟","duration":0,"failureMessages":[]},{"ancestorTitles":["","BatteryStore 状态管理","模拟控制"],"fullName":" BatteryStore 状态管理 模拟控制 stopSimulation 应该停止模拟","status":"passed","title":"stopSimulation 应该停止模拟","duration":1,"failureMessages":[]},{"ancestorTitles":["","BatteryStore 状态管理","模拟控制"],"fullName":" BatteryStore 状态管理 模拟控制 triggerThermalRunaway 应该设置热失控电芯","status":"passed","title":"triggerThermalRunaway 应该设置热失控电芯","duration":0,"failureMessages":[]},{"ancestorTitles":["","BatteryStore 状态管理","模拟控制"],"fullName":" BatteryStore 状态管理 模拟控制 resetSimulation 应该重置所有状态","status":"passed","title":"resetSimulation 应该重置所有状态","duration":1,"failureMessages":[]},{"ancestorTitles":["","BatteryStore 状态管理","高风险预测"],"fullName":" BatteryStore 状态管理 高风险预测 highRiskPredictions 应该只返回高风险和极端风险","status":"passed","title":"highRiskPredictions 应该只返回高风险和极端风险","duration":1,"failureMessages":[]},{"ancestorTitles":["","BatteryStore 状态管理","阿伦尼乌斯参数更新"],"fullName":" BatteryStore 状态管理 阿伦尼乌斯参数更新 应该能够更新阿伦尼乌斯参数","status":"passed","title":"应该能够更新阿伦尼乌斯参数","duration":1,"failureMessages":[]}],"startTime":1779251000247,"endTime":1779251000264,"status":"passed","message":"","name":"/Users/yundongsoftware/Documents/projects/dogfoodings/BatteryLogic/tests/store.test.ts"}]}