{"numTotalTestSuites":61,"numPassedTestSuites":38,"numFailedTestSuites":17,"numPendingTestSuites":6,"numTotalTests":148,"numPassedTests":92,"numFailedTests":18,"numPendingTests":0,"numTodoTests":0,"snapshot":{"added":0,"failure":false,"filesAdded":0,"filesRemoved":0,"filesRemovedList":[],"filesUnmatched":0,"filesUpdated":0,"matched":0,"total":0,"unchecked":0,"uncheckedKeysByFile":[],"unmatched":0,"updated":0,"didUpdate":false},"startTime":1780100030142,"success":false,"testResults":[{"assertionResults":[{"ancestorTitles":["AttentionTiming Engine","generateTimingRecommendations"],"fullName":"AttentionTiming Engine generateTimingRecommendations should generate recommendations for pending tasks","status":"passed","title":"should generate recommendations for pending tasks","duration":4.993207999999868,"failureMessages":[],"meta":{},"tags":[]},{"ancestorTitles":["AttentionTiming Engine","generateTimingRecommendations"],"fullName":"AttentionTiming Engine generateTimingRecommendations should recommend peak hours for high focus tasks","status":"passed","title":"should recommend peak hours for high focus tasks","duration":0.24604199999976117,"failureMessages":[],"meta":{},"tags":[]},{"ancestorTitles":["AttentionTiming Engine","generateTimingRecommendations"],"fullName":"AttentionTiming Engine generateTimingRecommendations should prioritize urgent tasks with appropriate reasoning","status":"passed","title":"should prioritize urgent tasks with appropriate reasoning","duration":3.0172089999996388,"failureMessages":[],"meta":{},"tags":[]},{"ancestorTitles":["AttentionTiming Engine","generateTimingRecommendations"],"fullName":"AttentionTiming Engine generateTimingRecommendations should handle tasks with near deadlines","status":"passed","title":"should handle tasks with near deadlines","duration":0.774916000000303,"failureMessages":[],"meta":{},"tags":[]},{"ancestorTitles":["AttentionTiming Engine","generateTimingRecommendations"],"fullName":"AttentionTiming Engine generateTimingRecommendations should return empty array for no pending tasks","status":"passed","title":"should return empty array for no pending tasks","duration":0.9065840000002936,"failureMessages":[],"meta":{},"tags":[]},{"ancestorTitles":["AttentionTiming Engine","generateTimingRecommendations"],"fullName":"AttentionTiming Engine generateTimingRecommendations should generate confidence scores as integers","status":"passed","title":"should generate confidence scores as integers","duration":0.22066700000050332,"failureMessages":[],"meta":{},"tags":[]},{"ancestorTitles":["AttentionTiming Engine","predictFocusCurve"],"fullName":"AttentionTiming Engine predictFocusCurve should generate predictions for all 24 hours","status":"passed","title":"should generate predictions for all 24 hours","duration":0.9854589999995369,"failureMessages":[],"meta":{},"tags":[]},{"ancestorTitles":["AttentionTiming Engine","predictFocusCurve"],"fullName":"AttentionTiming Engine predictFocusCurve should apply proximity boost for current and next 2 hours","status":"passed","title":"should apply proximity boost for current and next 2 hours","duration":0.10441700000046694,"failureMessages":[],"meta":{},"tags":[]},{"ancestorTitles":["AttentionTiming Engine","predictFocusCurve"],"fullName":"AttentionTiming Engine predictFocusCurve should apply fatigue dip during 14:00-15:00","status":"passed","title":"should apply fatigue dip during 14:00-15:00","duration":0.08270799999991141,"failureMessages":[],"meta":{},"tags":[]},{"ancestorTitles":["AttentionTiming Engine","predictFocusCurve"],"fullName":"AttentionTiming Engine predictFocusCurve should clamp values between 0 and 100","status":"passed","title":"should clamp values between 0 and 100","duration":0.4217500000004293,"failureMessages":[],"meta":{},"tags":[]},{"ancestorTitles":["AttentionTiming Engine","predictFocusCurve"],"fullName":"AttentionTiming Engine predictFocusCurve should handle missing profile data gracefully","status":"failed","title":"should handle missing profile data gracefully","duration":22.392000000000735,"failureMessages":["AssertionError: expected 60 to be 50 // Object.is equality\n    at /Users/yundongsoftware/Documents/projects/dogfoodings/WorkFlowLogic/src/test/engines/attention-timing.test.ts:158:35\n    at file:///Users/yundongsoftware/Documents/projects/dogfoodings/WorkFlowLogic/node_modules/.pnpm/@vitest+runner@4.1.7/node_modules/@vitest/runner/dist/chunk-artifact.js:302:11\n    at file:///Users/yundongsoftware/Documents/projects/dogfoodings/WorkFlowLogic/node_modules/.pnpm/@vitest+runner@4.1.7/node_modules/@vitest/runner/dist/chunk-artifact.js:1903:26\n    at file:///Users/yundongsoftware/Documents/projects/dogfoodings/WorkFlowLogic/node_modules/.pnpm/@vitest+runner@4.1.7/node_modules/@vitest/runner/dist/chunk-artifact.js:2326:20\n    at new Promise (<anonymous>)\n    at runWithCancel (file:///Users/yundongsoftware/Documents/projects/dogfoodings/WorkFlowLogic/node_modules/.pnpm/@vitest+runner@4.1.7/node_modules/@vitest/runner/dist/chunk-artifact.js:2323:10)\n    at file:///Users/yundongsoftware/Documents/projects/dogfoodings/WorkFlowLogic/node_modules/.pnpm/@vitest+runner@4.1.7/node_modules/@vitest/runner/dist/chunk-artifact.js:2305:20\n    at new Promise (<anonymous>)\n    at runWithTimeout (file:///Users/yundongsoftware/Documents/projects/dogfoodings/WorkFlowLogic/node_modules/.pnpm/@vitest+runner@4.1.7/node_modules/@vitest/runner/dist/chunk-artifact.js:2272:10)\n    at file:///Users/yundongsoftware/Documents/projects/dogfoodings/WorkFlowLogic/node_modules/.pnpm/@vitest+runner@4.1.7/node_modules/@vitest/runner/dist/chunk-artifact.js:2955:64"],"meta":{},"tags":[]}],"startTime":1780100036377,"endTime":1780100036411.392,"status":"failed","message":"","name":"/Users/yundongsoftware/Documents/projects/dogfoodings/WorkFlowLogic/src/test/engines/attention-timing.test.ts"},{"assertionResults":[{"ancestorTitles":["FocusKinetic Engine","computeKineticFrame"],"fullName":"FocusKinetic Engine computeKineticFrame should return default frame for empty samples","status":"passed","title":"should return default frame for empty samples","duration":7.9365829999997,"failureMessages":[],"meta":{},"tags":[]},{"ancestorTitles":["FocusKinetic Engine","computeKineticFrame"],"fullName":"FocusKinetic Engine computeKineticFrame should compute correct value and level from last sample","status":"passed","title":"should compute correct value and level from last sample","duration":0.8279590000001917,"failureMessages":[],"meta":{},"tags":[]},{"ancestorTitles":["FocusKinetic Engine","computeKineticFrame"],"fullName":"FocusKinetic Engine computeKineticFrame should compute velocity with 2 samples","status":"passed","title":"should compute velocity with 2 samples","duration":0.7378749999998035,"failureMessages":[],"meta":{},"tags":[]},{"ancestorTitles":["FocusKinetic Engine","computeKineticFrame"],"fullName":"FocusKinetic Engine computeKineticFrame should compute acceleration with 3+ samples","status":"passed","title":"should compute acceleration with 3+ samples","duration":0.3070830000006026,"failureMessages":[],"meta":{},"tags":[]},{"ancestorTitles":["FocusKinetic Engine","computeKineticFrame"],"fullName":"FocusKinetic Engine computeKineticFrame should compute momentum correctly","status":"passed","title":"should compute momentum correctly","duration":0.31883399999969697,"failureMessages":[],"meta":{},"tags":[]},{"ancestorTitles":["FocusKinetic Engine","computeKineticFrame"],"fullName":"FocusKinetic Engine computeKineticFrame should handle decreasing values correctly","status":"passed","title":"should handle decreasing values correctly","duration":0.16062499999952706,"failureMessages":[],"meta":{},"tags":[]},{"ancestorTitles":["FocusKinetic Engine","generateWaveformPoints"],"fullName":"FocusKinetic Engine generateWaveformPoints should return empty array for empty samples","status":"passed","title":"should return empty array for empty samples","duration":0.12341599999945174,"failureMessages":[],"meta":{},"tags":[]},{"ancestorTitles":["FocusKinetic Engine","generateWaveformPoints"],"fullName":"FocusKinetic Engine generateWaveformPoints should generate points within canvas bounds","status":"passed","title":"should generate points within canvas bounds","duration":0.5006249999996726,"failureMessages":[],"meta":{},"tags":[]},{"ancestorTitles":["FocusKinetic Engine","generateWaveformPoints"],"fullName":"FocusKinetic Engine generateWaveformPoints should map value 100 to top of canvas","status":"passed","title":"should map value 100 to top of canvas","duration":0.07525000000077853,"failureMessages":[],"meta":{},"tags":[]},{"ancestorTitles":["FocusKinetic Engine","generateWaveformPoints"],"fullName":"FocusKinetic Engine generateWaveformPoints should map value 0 to bottom of canvas","status":"passed","title":"should map value 0 to bottom of canvas","duration":0.08587500000066939,"failureMessages":[],"meta":{},"tags":[]},{"ancestorTitles":["FocusKinetic Engine","smoothWaveform"],"fullName":"FocusKinetic Engine smoothWaveform should return empty string for less than 2 points","status":"passed","title":"should return empty string for less than 2 points","duration":0.0998329999993075,"failureMessages":[],"meta":{},"tags":[]},{"ancestorTitles":["FocusKinetic Engine","smoothWaveform"],"fullName":"FocusKinetic Engine smoothWaveform should generate valid SVG path","status":"passed","title":"should generate valid SVG path","duration":0.1615830000000642,"failureMessages":[],"meta":{},"tags":[]},{"ancestorTitles":["FocusKinetic Engine","smoothWaveform"],"fullName":"FocusKinetic Engine smoothWaveform should respect tension parameter","status":"passed","title":"should respect tension parameter","duration":0.13312500000029104,"failureMessages":[],"meta":{},"tags":[]},{"ancestorTitles":["FocusKinetic Engine","getGlowIntensity"],"fullName":"FocusKinetic Engine getGlowIntensity should return highest intensity for deep focus","status":"passed","title":"should return highest intensity for deep focus","duration":0.05291699999997945,"failureMessages":[],"meta":{},"tags":[]},{"ancestorTitles":["FocusKinetic Engine","getGlowIntensity"],"fullName":"FocusKinetic Engine getGlowIntensity should return correct intensities for all levels","status":"passed","title":"should return correct intensities for all levels","duration":0.056125000000065484,"failureMessages":[],"meta":{},"tags":[]},{"ancestorTitles":["FocusKinetic Engine","getGlowIntensity"],"fullName":"FocusKinetic Engine getGlowIntensity should return values between 0 and 1","status":"passed","title":"should return values between 0 and 1","duration":0.10499999999956344,"failureMessages":[],"meta":{},"tags":[]},{"ancestorTitles":["FocusKinetic Engine","getGlowColor"],"fullName":"FocusKinetic Engine getGlowColor should return valid hex color strings","status":"passed","title":"should return valid hex color strings","duration":0.42774999999983265,"failureMessages":[],"meta":{},"tags":[]},{"ancestorTitles":["FocusKinetic Engine","getGlowColor"],"fullName":"FocusKinetic Engine getGlowColor should return distinct colors for each level","status":"passed","title":"should return distinct colors for each level","duration":0.2544579999994312,"failureMessages":[],"meta":{},"tags":[]}],"startTime":1780100036378,"endTime":1780100036390.4277,"status":"passed","message":"","name":"/Users/yundongsoftware/Documents/projects/dogfoodings/WorkFlowLogic/src/test/engines/focus-kinetic.test.ts"},{"assertionResults":[{"ancestorTitles":["PriorityMapper Engine","mapTaskPriority"],"fullName":"PriorityMapper Engine mapTaskPriority should classify urgent and important tasks correctly","status":"passed","title":"should classify urgent and important tasks correctly","duration":2.324290999999903,"failureMessages":[],"meta":{},"tags":[]},{"ancestorTitles":["PriorityMapper Engine","mapTaskPriority"],"fullName":"PriorityMapper Engine mapTaskPriority should classify important but not urgent tasks correctly","status":"passed","title":"should classify important but not urgent tasks correctly","duration":0.7423749999998108,"failureMessages":[],"meta":{},"tags":[]},{"ancestorTitles":["PriorityMapper Engine","mapTaskPriority"],"fullName":"PriorityMapper Engine mapTaskPriority should classify urgent but not important tasks correctly","status":"passed","title":"should classify urgent but not important tasks correctly","duration":0.41762500000004366,"failureMessages":[],"meta":{},"tags":[]},{"ancestorTitles":["PriorityMapper Engine","mapTaskPriority"],"fullName":"PriorityMapper Engine mapTaskPriority should classify low priority tasks correctly","status":"passed","title":"should classify low priority tasks correctly","duration":0.19541600000047765,"failureMessages":[],"meta":{},"tags":[]},{"ancestorTitles":["PriorityMapper Engine","mapTaskPriority"],"fullName":"PriorityMapper Engine mapTaskPriority should use threshold of 0.6 for classification","status":"passed","title":"should use threshold of 0.6 for classification","duration":0.39412500000071304,"failureMessages":[],"meta":{},"tags":[]},{"ancestorTitles":["PriorityMapper Engine","computePriorityMatrix"],"fullName":"PriorityMapper Engine computePriorityMatrix should only include pending and active tasks","status":"passed","title":"should only include pending and active tasks","duration":0.4782920000006925,"failureMessages":[],"meta":{},"tags":[]},{"ancestorTitles":["PriorityMapper Engine","computePriorityMatrix"],"fullName":"PriorityMapper Engine computePriorityMatrix should assign unique priority ranks","status":"passed","title":"should assign unique priority ranks","duration":1.2729169999993246,"failureMessages":[],"meta":{},"tags":[]},{"ancestorTitles":["PriorityMapper Engine","computePriorityMatrix"],"fullName":"PriorityMapper Engine computePriorityMatrix should sort by composite score descending","status":"passed","title":"should sort by composite score descending","duration":0.5682500000002619,"failureMessages":[],"meta":{},"tags":[]},{"ancestorTitles":["PriorityMapper Engine","computePriorityMatrix"],"fullName":"PriorityMapper Engine computePriorityMatrix should return all required properties","status":"passed","title":"should return all required properties","duration":0.5674580000004426,"failureMessages":[],"meta":{},"tags":[]},{"ancestorTitles":["PriorityMapper Engine","computePriorityMatrix"],"fullName":"PriorityMapper Engine computePriorityMatrix should return empty array for no pending tasks","status":"passed","title":"should return empty array for no pending tasks","duration":0.24279200000000856,"failureMessages":[],"meta":{},"tags":[]},{"ancestorTitles":["PriorityMapper Engine","computeSystemMapping"],"fullName":"PriorityMapper Engine computeSystemMapping should separate work and personal tasks correctly","status":"passed","title":"should separate work and personal tasks correctly","duration":0.4148750000003929,"failureMessages":[],"meta":{},"tags":[]},{"ancestorTitles":["PriorityMapper Engine","computeSystemMapping"],"fullName":"PriorityMapper Engine computeSystemMapping should find cross-references for similar tasks","status":"passed","title":"should find cross-references for similar tasks","duration":0.26258299999972223,"failureMessages":[],"meta":{},"tags":[]},{"ancestorTitles":["PriorityMapper Engine","computeSystemMapping"],"fullName":"PriorityMapper Engine computeSystemMapping should not create cross-references for dissimilar tasks","status":"passed","title":"should not create cross-references for dissimilar tasks","duration":0.16129200000068522,"failureMessages":[],"meta":{},"tags":[]},{"ancestorTitles":["PriorityMapper Engine","computeSystemMapping"],"fullName":"PriorityMapper Engine computeSystemMapping should handle empty task list","status":"passed","title":"should handle empty task list","duration":0.18258400000013353,"failureMessages":[],"meta":{},"tags":[]},{"ancestorTitles":["PriorityMapper Engine","computeSystemMapping"],"fullName":"PriorityMapper Engine computeSystemMapping should use focusNeed and importance for similarity check","status":"passed","title":"should use focusNeed and importance for similarity check","duration":0.13612499999999272,"failureMessages":[],"meta":{},"tags":[]}],"startTime":1780100036380,"endTime":1780100036389.2627,"status":"passed","message":"","name":"/Users/yundongsoftware/Documents/projects/dogfoodings/WorkFlowLogic/src/test/engines/priority-mapper.test.ts"},{"assertionResults":[{"ancestorTitles":["TimeSlice Engine","computeScore"],"fullName":"TimeSlice Engine computeScore should compute score with all factors","status":"passed","title":"should compute score with all factors","duration":10.868500000000495,"failureMessages":[],"meta":{},"tags":[]},{"ancestorTitles":["TimeSlice Engine","computeScore"],"fullName":"TimeSlice Engine computeScore should return higher score for urgent tasks","status":"passed","title":"should return higher score for urgent tasks","duration":0.15904200000022684,"failureMessages":[],"meta":{},"tags":[]},{"ancestorTitles":["TimeSlice Engine","computeScore"],"fullName":"TimeSlice Engine computeScore should return higher score for high focus need tasks during peak hours","status":"passed","title":"should return higher score for high focus need tasks during peak hours","duration":0.08924999999999272,"failureMessages":[],"meta":{},"tags":[]},{"ancestorTitles":["TimeSlice Engine","computeScore"],"fullName":"TimeSlice Engine computeScore should handle tasks with deadlines correctly","status":"passed","title":"should handle tasks with deadlines correctly","duration":0.10095900000032998,"failureMessages":[],"meta":{},"tags":[]},{"ancestorTitles":["TimeSlice Engine","computeScore"],"fullName":"TimeSlice Engine computeScore should handle past deadlines correctly","status":"failed","title":"should handle past deadlines correctly","duration":25.329125000000204,"failureMessages":["AssertionError: expected 0.105 to be 0.15 // Object.is equality\n    at /Users/yundongsoftware/Documents/projects/dogfoodings/WorkFlowLogic/src/test/engines/time-slice.test.ts:116:39\n    at file:///Users/yundongsoftware/Documents/projects/dogfoodings/WorkFlowLogic/node_modules/.pnpm/@vitest+runner@4.1.7/node_modules/@vitest/runner/dist/chunk-artifact.js:302:11\n    at file:///Users/yundongsoftware/Documents/projects/dogfoodings/WorkFlowLogic/node_modules/.pnpm/@vitest+runner@4.1.7/node_modules/@vitest/runner/dist/chunk-artifact.js:1903:26\n    at file:///Users/yundongsoftware/Documents/projects/dogfoodings/WorkFlowLogic/node_modules/.pnpm/@vitest+runner@4.1.7/node_modules/@vitest/runner/dist/chunk-artifact.js:2326:20\n    at new Promise (<anonymous>)\n    at runWithCancel (file:///Users/yundongsoftware/Documents/projects/dogfoodings/WorkFlowLogic/node_modules/.pnpm/@vitest+runner@4.1.7/node_modules/@vitest/runner/dist/chunk-artifact.js:2323:10)\n    at file:///Users/yundongsoftware/Documents/projects/dogfoodings/WorkFlowLogic/node_modules/.pnpm/@vitest+runner@4.1.7/node_modules/@vitest/runner/dist/chunk-artifact.js:2305:20\n    at new Promise (<anonymous>)\n    at runWithTimeout (file:///Users/yundongsoftware/Documents/projects/dogfoodings/WorkFlowLogic/node_modules/.pnpm/@vitest+runner@4.1.7/node_modules/@vitest/runner/dist/chunk-artifact.js:2272:10)\n    at file:///Users/yundongsoftware/Documents/projects/dogfoodings/WorkFlowLogic/node_modules/.pnpm/@vitest+runner@4.1.7/node_modules/@vitest/runner/dist/chunk-artifact.js:2955:64"],"meta":{},"tags":[]},{"ancestorTitles":["TimeSlice Engine","allocateTimeSlices"],"fullName":"TimeSlice Engine allocateTimeSlices should return empty array when no pending tasks","status":"passed","title":"should return empty array when no pending tasks","duration":2.3447500000002037,"failureMessages":[],"meta":{},"tags":[]},{"ancestorTitles":["TimeSlice Engine","allocateTimeSlices"],"fullName":"TimeSlice Engine allocateTimeSlices should allocate time slices for pending tasks","status":"passed","title":"should allocate time slices for pending tasks","duration":2.3752919999997175,"failureMessages":[],"meta":{},"tags":[]},{"ancestorTitles":["TimeSlice Engine","allocateTimeSlices"],"fullName":"TimeSlice Engine allocateTimeSlices should not allocate the same slot to multiple tasks","status":"failed","title":"should not allocate the same slot to multiple tasks","duration":1.7052499999999782,"failureMessages":["AssertionError: expected 2 to be 1 // Object.is equality\n    at /Users/yundongsoftware/Documents/projects/dogfoodings/WorkFlowLogic/src/test/engines/time-slice.test.ts:156:33\n    at file:///Users/yundongsoftware/Documents/projects/dogfoodings/WorkFlowLogic/node_modules/.pnpm/@vitest+runner@4.1.7/node_modules/@vitest/runner/dist/chunk-artifact.js:302:11\n    at file:///Users/yundongsoftware/Documents/projects/dogfoodings/WorkFlowLogic/node_modules/.pnpm/@vitest+runner@4.1.7/node_modules/@vitest/runner/dist/chunk-artifact.js:1903:26\n    at file:///Users/yundongsoftware/Documents/projects/dogfoodings/WorkFlowLogic/node_modules/.pnpm/@vitest+runner@4.1.7/node_modules/@vitest/runner/dist/chunk-artifact.js:2326:20\n    at new Promise (<anonymous>)\n    at runWithCancel (file:///Users/yundongsoftware/Documents/projects/dogfoodings/WorkFlowLogic/node_modules/.pnpm/@vitest+runner@4.1.7/node_modules/@vitest/runner/dist/chunk-artifact.js:2323:10)\n    at file:///Users/yundongsoftware/Documents/projects/dogfoodings/WorkFlowLogic/node_modules/.pnpm/@vitest+runner@4.1.7/node_modules/@vitest/runner/dist/chunk-artifact.js:2305:20\n    at new Promise (<anonymous>)\n    at runWithTimeout (file:///Users/yundongsoftware/Documents/projects/dogfoodings/WorkFlowLogic/node_modules/.pnpm/@vitest+runner@4.1.7/node_modules/@vitest/runner/dist/chunk-artifact.js:2272:10)\n    at file:///Users/yundongsoftware/Documents/projects/dogfoodings/WorkFlowLogic/node_modules/.pnpm/@vitest+runner@4.1.7/node_modules/@vitest/runner/dist/chunk-artifact.js:2955:64"],"meta":{},"tags":[]},{"ancestorTitles":["TimeSlice Engine","allocateTimeSlices"],"fullName":"TimeSlice Engine allocateTimeSlices should respect estimatedMinutes for slot count","status":"passed","title":"should respect estimatedMinutes for slot count","duration":0.5670829999999114,"failureMessages":[],"meta":{},"tags":[]},{"ancestorTitles":["TimeSlice Engine","getRecommendedSlots"],"fullName":"TimeSlice Engine getRecommendedSlots should return top 3 recommended slots","status":"passed","title":"should return top 3 recommended slots","duration":0.6450409999997646,"failureMessages":[],"meta":{},"tags":[]},{"ancestorTitles":["TimeSlice Engine","getRecommendedSlots"],"fullName":"TimeSlice Engine getRecommendedSlots should recommend peak hours for high focus tasks","status":"passed","title":"should recommend peak hours for high focus tasks","duration":3.171792000000096,"failureMessages":[],"meta":{},"tags":[]}],"startTime":1780100036378,"endTime":1780100036425.1719,"status":"failed","message":"","name":"/Users/yundongsoftware/Documents/projects/dogfoodings/WorkFlowLogic/src/test/engines/time-slice.test.ts"},{"assertionResults":[{"ancestorTitles":["FocusGauge Component"],"fullName":"FocusGauge Component should render without crashing","status":"passed","title":"should render without crashing","duration":319.1037080000001,"failureMessages":[],"meta":{},"tags":[]},{"ancestorTitles":["FocusGauge Component"],"fullName":"FocusGauge Component should display the value correctly","status":"passed","title":"should display the value correctly","duration":58.685207999999875,"failureMessages":[],"meta":{},"tags":[]},{"ancestorTitles":["FocusGauge Component"],"fullName":"FocusGauge Component should handle minimum value (0)","status":"passed","title":"should handle minimum value (0)","duration":20.49974999999995,"failureMessages":[],"meta":{},"tags":[]},{"ancestorTitles":["FocusGauge Component"],"fullName":"FocusGauge Component should handle maximum value (100)","status":"passed","title":"should handle maximum value (100)","duration":18.660249999999905,"failureMessages":[],"meta":{},"tags":[]},{"ancestorTitles":["FocusGauge Component"],"fullName":"FocusGauge Component should have correct SVG structure","status":"failed","title":"should have correct SVG structure","duration":49.41254100000015,"failureMessages":["AssertionError: expected 0 to be greater than 0\n    at /Users/yundongsoftware/Documents/projects/dogfoodings/WorkFlowLogic/src/test/components/FocusGauge.test.tsx:34:52\n    at file:///Users/yundongsoftware/Documents/projects/dogfoodings/WorkFlowLogic/node_modules/.pnpm/@vitest+runner@4.1.7/node_modules/@vitest/runner/dist/chunk-artifact.js:302:11\n    at file:///Users/yundongsoftware/Documents/projects/dogfoodings/WorkFlowLogic/node_modules/.pnpm/@vitest+runner@4.1.7/node_modules/@vitest/runner/dist/chunk-artifact.js:1903:26\n    at file:///Users/yundongsoftware/Documents/projects/dogfoodings/WorkFlowLogic/node_modules/.pnpm/@vitest+runner@4.1.7/node_modules/@vitest/runner/dist/chunk-artifact.js:2326:20\n    at new Promise (<anonymous>)\n    at runWithCancel (file:///Users/yundongsoftware/Documents/projects/dogfoodings/WorkFlowLogic/node_modules/.pnpm/@vitest+runner@4.1.7/node_modules/@vitest/runner/dist/chunk-artifact.js:2323:10)\n    at file:///Users/yundongsoftware/Documents/projects/dogfoodings/WorkFlowLogic/node_modules/.pnpm/@vitest+runner@4.1.7/node_modules/@vitest/runner/dist/chunk-artifact.js:2305:20\n    at new Promise (<anonymous>)\n    at runWithTimeout (file:///Users/yundongsoftware/Documents/projects/dogfoodings/WorkFlowLogic/node_modules/.pnpm/@vitest+runner@4.1.7/node_modules/@vitest/runner/dist/chunk-artifact.js:2272:10)\n    at file:///Users/yundongsoftware/Documents/projects/dogfoodings/WorkFlowLogic/node_modules/.pnpm/@vitest+runner@4.1.7/node_modules/@vitest/runner/dist/chunk-artifact.js:2955:64"],"meta":{},"tags":[]},{"ancestorTitles":["FocusGauge Component"],"fullName":"FocusGauge Component should apply custom size prop","status":"failed","title":"should apply custom size prop","duration":25.294624999999996,"failureMessages":["Error: \u001b[2mexpect(\u001b[22m\u001b[31melement\u001b[39m\u001b[2m).toHaveAttribute(\u001b[22m\u001b[32m\u001b[32m\"width\"\u001b[32m\u001b[39m\u001b[2m, \u001b[22m\u001b[32m\u001b[32m\"120\"\u001b[32m\u001b[39m\u001b[2m) // element.getAttribute(\"width\") === \"120\"\u001b[22m\n\nExpected the element to have attribute:\n\u001b[32m  width=\"120\"\u001b[39m\nReceived:\n\u001b[31m  width=\"220\"\u001b[39m\n    at Proxy.__VITEST_EXTEND_ASSERTION__ (file:///Users/yundongsoftware/Documents/projects/dogfoodings/WorkFlowLogic/node_modules/.pnpm/@vitest+expect@4.1.7/node_modules/@vitest/expect/dist/index.js:1888:12)\n    at Proxy.<anonymous> (file:///Users/yundongsoftware/Documents/projects/dogfoodings/WorkFlowLogic/node_modules/.pnpm/@vitest+expect@4.1.7/node_modules/@vitest/expect/dist/index.js:1156:15)\n    at Proxy.toHaveAttribute (file:///Users/yundongsoftware/Documents/projects/dogfoodings/WorkFlowLogic/node_modules/.pnpm/chai@6.2.2/node_modules/chai/index.js:1700:25)\n    at /Users/yundongsoftware/Documents/projects/dogfoodings/WorkFlowLogic/src/test/components/FocusGauge.test.tsx:40:17\n    at file:///Users/yundongsoftware/Documents/projects/dogfoodings/WorkFlowLogic/node_modules/.pnpm/@vitest+runner@4.1.7/node_modules/@vitest/runner/dist/chunk-artifact.js:302:11\n    at file:///Users/yundongsoftware/Documents/projects/dogfoodings/WorkFlowLogic/node_modules/.pnpm/@vitest+runner@4.1.7/node_modules/@vitest/runner/dist/chunk-artifact.js:1903:26\n    at file:///Users/yundongsoftware/Documents/projects/dogfoodings/WorkFlowLogic/node_modules/.pnpm/@vitest+runner@4.1.7/node_modules/@vitest/runner/dist/chunk-artifact.js:2326:20\n    at new Promise (<anonymous>)\n    at runWithCancel (file:///Users/yundongsoftware/Documents/projects/dogfoodings/WorkFlowLogic/node_modules/.pnpm/@vitest+runner@4.1.7/node_modules/@vitest/runner/dist/chunk-artifact.js:2323:10)\n    at file:///Users/yundongsoftware/Documents/projects/dogfoodings/WorkFlowLogic/node_modules/.pnpm/@vitest+runner@4.1.7/node_modules/@vitest/runner/dist/chunk-artifact.js:2305:20"],"meta":{},"tags":[]}],"startTime":1780100038792,"endTime":1780100039285.2947,"status":"failed","message":"","name":"/Users/yundongsoftware/Documents/projects/dogfoodings/WorkFlowLogic/src/test/components/FocusGauge.test.tsx"},{"assertionResults":[{"ancestorTitles":["Sidebar Component"],"fullName":"Sidebar Component should render without crashing","status":"failed","title":"should render without crashing","duration":251.4393329999998,"failureMessages":["Error: <A> and 'use' router primitives can be only used inside a Route.\n    at invariant (/Users/yundongsoftware/Documents/projects/dogfoodings/WorkFlowLogic/node_modules/.pnpm/@solidjs+router@0.15.4_solid-js@1.9.13/node_modules/@solidjs/router/dist/utils.js:29:15)\n    at useRouter (/Users/yundongsoftware/Documents/projects/dogfoodings/WorkFlowLogic/node_modules/.pnpm/@solidjs+router@0.15.4_solid-js@1.9.13/node_modules/@solidjs/router/dist/routing.js:9:41)\n    at useRoute (/Users/yundongsoftware/Documents/projects/dogfoodings/WorkFlowLogic/node_modules/.pnpm/@solidjs+router@0.15.4_solid-js@1.9.13/node_modules/@solidjs/router/dist/routing.js:11:75)\n    at useResolvedPath (/Users/yundongsoftware/Documents/projects/dogfoodings/WorkFlowLogic/node_modules/.pnpm/@solidjs+router@0.15.4_solid-js@1.9.13/node_modules/@solidjs/router/dist/routing.js:13:19)\n    at A (/Users/yundongsoftware/Documents/projects/dogfoodings/WorkFlowLogic/node_modules/.pnpm/@solidjs+router@0.15.4_solid-js@1.9.13/node_modules/@solidjs/router/dist/components.jsx:14:16)\n    at file:///Users/yundongsoftware/Documents/projects/dogfoodings/WorkFlowLogic/node_modules/.pnpm/solid-js@1.9.13/node_modules/solid-js/dist/dev.js:585:12\n    at untrack (file:///Users/yundongsoftware/Documents/projects/dogfoodings/WorkFlowLogic/node_modules/.pnpm/solid-js@1.9.13/node_modules/solid-js/dist/dev.js:474:12)\n    at Object.fn (file:///Users/yundongsoftware/Documents/projects/dogfoodings/WorkFlowLogic/node_modules/.pnpm/solid-js@1.9.13/node_modules/solid-js/dist/dev.js:581:37)\n    at runComputation (file:///Users/yundongsoftware/Documents/projects/dogfoodings/WorkFlowLogic/node_modules/.pnpm/solid-js@1.9.13/node_modules/solid-js/dist/dev.js:744:22)\n    at updateComputation (file:///Users/yundongsoftware/Documents/projects/dogfoodings/WorkFlowLogic/node_modules/.pnpm/solid-js@1.9.13/node_modules/solid-js/dist/dev.js:726:3)"],"meta":{},"tags":[]},{"ancestorTitles":["Sidebar Component"],"fullName":"Sidebar Component should display brand logo and name","status":"failed","title":"should display brand logo and name","duration":9.554916999999932,"failureMessages":["Error: <A> and 'use' router primitives can be only used inside a Route.\n    at invariant (/Users/yundongsoftware/Documents/projects/dogfoodings/WorkFlowLogic/node_modules/.pnpm/@solidjs+router@0.15.4_solid-js@1.9.13/node_modules/@solidjs/router/dist/utils.js:29:15)\n    at useRouter (/Users/yundongsoftware/Documents/projects/dogfoodings/WorkFlowLogic/node_modules/.pnpm/@solidjs+router@0.15.4_solid-js@1.9.13/node_modules/@solidjs/router/dist/routing.js:9:41)\n    at useRoute (/Users/yundongsoftware/Documents/projects/dogfoodings/WorkFlowLogic/node_modules/.pnpm/@solidjs+router@0.15.4_solid-js@1.9.13/node_modules/@solidjs/router/dist/routing.js:11:75)\n    at useResolvedPath (/Users/yundongsoftware/Documents/projects/dogfoodings/WorkFlowLogic/node_modules/.pnpm/@solidjs+router@0.15.4_solid-js@1.9.13/node_modules/@solidjs/router/dist/routing.js:13:19)\n    at A (/Users/yundongsoftware/Documents/projects/dogfoodings/WorkFlowLogic/node_modules/.pnpm/@solidjs+router@0.15.4_solid-js@1.9.13/node_modules/@solidjs/router/dist/components.jsx:14:16)\n    at file:///Users/yundongsoftware/Documents/projects/dogfoodings/WorkFlowLogic/node_modules/.pnpm/solid-js@1.9.13/node_modules/solid-js/dist/dev.js:585:12\n    at untrack (file:///Users/yundongsoftware/Documents/projects/dogfoodings/WorkFlowLogic/node_modules/.pnpm/solid-js@1.9.13/node_modules/solid-js/dist/dev.js:474:12)\n    at Object.fn (file:///Users/yundongsoftware/Documents/projects/dogfoodings/WorkFlowLogic/node_modules/.pnpm/solid-js@1.9.13/node_modules/solid-js/dist/dev.js:581:37)\n    at runComputation (file:///Users/yundongsoftware/Documents/projects/dogfoodings/WorkFlowLogic/node_modules/.pnpm/solid-js@1.9.13/node_modules/solid-js/dist/dev.js:744:22)\n    at updateComputation (file:///Users/yundongsoftware/Documents/projects/dogfoodings/WorkFlowLogic/node_modules/.pnpm/solid-js@1.9.13/node_modules/solid-js/dist/dev.js:726:3)"],"meta":{},"tags":[]},{"ancestorTitles":["Sidebar Component"],"fullName":"Sidebar Component should display navigation items","status":"failed","title":"should display navigation items","duration":4.41537500000004,"failureMessages":["Error: <A> and 'use' router primitives can be only used inside a Route.\n    at invariant (/Users/yundongsoftware/Documents/projects/dogfoodings/WorkFlowLogic/node_modules/.pnpm/@solidjs+router@0.15.4_solid-js@1.9.13/node_modules/@solidjs/router/dist/utils.js:29:15)\n    at useRouter (/Users/yundongsoftware/Documents/projects/dogfoodings/WorkFlowLogic/node_modules/.pnpm/@solidjs+router@0.15.4_solid-js@1.9.13/node_modules/@solidjs/router/dist/routing.js:9:41)\n    at useRoute (/Users/yundongsoftware/Documents/projects/dogfoodings/WorkFlowLogic/node_modules/.pnpm/@solidjs+router@0.15.4_solid-js@1.9.13/node_modules/@solidjs/router/dist/routing.js:11:75)\n    at useResolvedPath (/Users/yundongsoftware/Documents/projects/dogfoodings/WorkFlowLogic/node_modules/.pnpm/@solidjs+router@0.15.4_solid-js@1.9.13/node_modules/@solidjs/router/dist/routing.js:13:19)\n    at A (/Users/yundongsoftware/Documents/projects/dogfoodings/WorkFlowLogic/node_modules/.pnpm/@solidjs+router@0.15.4_solid-js@1.9.13/node_modules/@solidjs/router/dist/components.jsx:14:16)\n    at file:///Users/yundongsoftware/Documents/projects/dogfoodings/WorkFlowLogic/node_modules/.pnpm/solid-js@1.9.13/node_modules/solid-js/dist/dev.js:585:12\n    at untrack (file:///Users/yundongsoftware/Documents/projects/dogfoodings/WorkFlowLogic/node_modules/.pnpm/solid-js@1.9.13/node_modules/solid-js/dist/dev.js:474:12)\n    at Object.fn (file:///Users/yundongsoftware/Documents/projects/dogfoodings/WorkFlowLogic/node_modules/.pnpm/solid-js@1.9.13/node_modules/solid-js/dist/dev.js:581:37)\n    at runComputation (file:///Users/yundongsoftware/Documents/projects/dogfoodings/WorkFlowLogic/node_modules/.pnpm/solid-js@1.9.13/node_modules/solid-js/dist/dev.js:744:22)\n    at updateComputation (file:///Users/yundongsoftware/Documents/projects/dogfoodings/WorkFlowLogic/node_modules/.pnpm/solid-js@1.9.13/node_modules/solid-js/dist/dev.js:726:3)"],"meta":{},"tags":[]},{"ancestorTitles":["Sidebar Component"],"fullName":"Sidebar Component should display navigation descriptions","status":"failed","title":"should display navigation descriptions","duration":5.832916999999725,"failureMessages":["Error: <A> and 'use' router primitives can be only used inside a Route.\n    at invariant (/Users/yundongsoftware/Documents/projects/dogfoodings/WorkFlowLogic/node_modules/.pnpm/@solidjs+router@0.15.4_solid-js@1.9.13/node_modules/@solidjs/router/dist/utils.js:29:15)\n    at useRouter (/Users/yundongsoftware/Documents/projects/dogfoodings/WorkFlowLogic/node_modules/.pnpm/@solidjs+router@0.15.4_solid-js@1.9.13/node_modules/@solidjs/router/dist/routing.js:9:41)\n    at useRoute (/Users/yundongsoftware/Documents/projects/dogfoodings/WorkFlowLogic/node_modules/.pnpm/@solidjs+router@0.15.4_solid-js@1.9.13/node_modules/@solidjs/router/dist/routing.js:11:75)\n    at useResolvedPath (/Users/yundongsoftware/Documents/projects/dogfoodings/WorkFlowLogic/node_modules/.pnpm/@solidjs+router@0.15.4_solid-js@1.9.13/node_modules/@solidjs/router/dist/routing.js:13:19)\n    at A (/Users/yundongsoftware/Documents/projects/dogfoodings/WorkFlowLogic/node_modules/.pnpm/@solidjs+router@0.15.4_solid-js@1.9.13/node_modules/@solidjs/router/dist/components.jsx:14:16)\n    at file:///Users/yundongsoftware/Documents/projects/dogfoodings/WorkFlowLogic/node_modules/.pnpm/solid-js@1.9.13/node_modules/solid-js/dist/dev.js:585:12\n    at untrack (file:///Users/yundongsoftware/Documents/projects/dogfoodings/WorkFlowLogic/node_modules/.pnpm/solid-js@1.9.13/node_modules/solid-js/dist/dev.js:474:12)\n    at Object.fn (file:///Users/yundongsoftware/Documents/projects/dogfoodings/WorkFlowLogic/node_modules/.pnpm/solid-js@1.9.13/node_modules/solid-js/dist/dev.js:581:37)\n    at runComputation (file:///Users/yundongsoftware/Documents/projects/dogfoodings/WorkFlowLogic/node_modules/.pnpm/solid-js@1.9.13/node_modules/solid-js/dist/dev.js:744:22)\n    at updateComputation (file:///Users/yundongsoftware/Documents/projects/dogfoodings/WorkFlowLogic/node_modules/.pnpm/solid-js@1.9.13/node_modules/solid-js/dist/dev.js:726:3)"],"meta":{},"tags":[]},{"ancestorTitles":["Sidebar Component"],"fullName":"Sidebar Component should display focus status card","status":"failed","title":"should display focus status card","duration":6.272875000000113,"failureMessages":["Error: <A> and 'use' router primitives can be only used inside a Route.\n    at invariant (/Users/yundongsoftware/Documents/projects/dogfoodings/WorkFlowLogic/node_modules/.pnpm/@solidjs+router@0.15.4_solid-js@1.9.13/node_modules/@solidjs/router/dist/utils.js:29:15)\n    at useRouter (/Users/yundongsoftware/Documents/projects/dogfoodings/WorkFlowLogic/node_modules/.pnpm/@solidjs+router@0.15.4_solid-js@1.9.13/node_modules/@solidjs/router/dist/routing.js:9:41)\n    at useRoute (/Users/yundongsoftware/Documents/projects/dogfoodings/WorkFlowLogic/node_modules/.pnpm/@solidjs+router@0.15.4_solid-js@1.9.13/node_modules/@solidjs/router/dist/routing.js:11:75)\n    at useResolvedPath (/Users/yundongsoftware/Documents/projects/dogfoodings/WorkFlowLogic/node_modules/.pnpm/@solidjs+router@0.15.4_solid-js@1.9.13/node_modules/@solidjs/router/dist/routing.js:13:19)\n    at A (/Users/yundongsoftware/Documents/projects/dogfoodings/WorkFlowLogic/node_modules/.pnpm/@solidjs+router@0.15.4_solid-js@1.9.13/node_modules/@solidjs/router/dist/components.jsx:14:16)\n    at file:///Users/yundongsoftware/Documents/projects/dogfoodings/WorkFlowLogic/node_modules/.pnpm/solid-js@1.9.13/node_modules/solid-js/dist/dev.js:585:12\n    at untrack (file:///Users/yundongsoftware/Documents/projects/dogfoodings/WorkFlowLogic/node_modules/.pnpm/solid-js@1.9.13/node_modules/solid-js/dist/dev.js:474:12)\n    at Object.fn (file:///Users/yundongsoftware/Documents/projects/dogfoodings/WorkFlowLogic/node_modules/.pnpm/solid-js@1.9.13/node_modules/solid-js/dist/dev.js:581:37)\n    at runComputation (file:///Users/yundongsoftware/Documents/projects/dogfoodings/WorkFlowLogic/node_modules/.pnpm/solid-js@1.9.13/node_modules/solid-js/dist/dev.js:744:22)\n    at updateComputation (file:///Users/yundongsoftware/Documents/projects/dogfoodings/WorkFlowLogic/node_modules/.pnpm/solid-js@1.9.13/node_modules/solid-js/dist/dev.js:726:3)"],"meta":{},"tags":[]},{"ancestorTitles":["Sidebar Component"],"fullName":"Sidebar Component should have correct number of navigation links","status":"failed","title":"should have correct number of navigation links","duration":9.892707999999857,"failureMessages":["Error: <A> and 'use' router primitives can be only used inside a Route.\n    at invariant (/Users/yundongsoftware/Documents/projects/dogfoodings/WorkFlowLogic/node_modules/.pnpm/@solidjs+router@0.15.4_solid-js@1.9.13/node_modules/@solidjs/router/dist/utils.js:29:15)\n    at useRouter (/Users/yundongsoftware/Documents/projects/dogfoodings/WorkFlowLogic/node_modules/.pnpm/@solidjs+router@0.15.4_solid-js@1.9.13/node_modules/@solidjs/router/dist/routing.js:9:41)\n    at useRoute (/Users/yundongsoftware/Documents/projects/dogfoodings/WorkFlowLogic/node_modules/.pnpm/@solidjs+router@0.15.4_solid-js@1.9.13/node_modules/@solidjs/router/dist/routing.js:11:75)\n    at useResolvedPath (/Users/yundongsoftware/Documents/projects/dogfoodings/WorkFlowLogic/node_modules/.pnpm/@solidjs+router@0.15.4_solid-js@1.9.13/node_modules/@solidjs/router/dist/routing.js:13:19)\n    at A (/Users/yundongsoftware/Documents/projects/dogfoodings/WorkFlowLogic/node_modules/.pnpm/@solidjs+router@0.15.4_solid-js@1.9.13/node_modules/@solidjs/router/dist/components.jsx:14:16)\n    at file:///Users/yundongsoftware/Documents/projects/dogfoodings/WorkFlowLogic/node_modules/.pnpm/solid-js@1.9.13/node_modules/solid-js/dist/dev.js:585:12\n    at untrack (file:///Users/yundongsoftware/Documents/projects/dogfoodings/WorkFlowLogic/node_modules/.pnpm/solid-js@1.9.13/node_modules/solid-js/dist/dev.js:474:12)\n    at Object.fn (file:///Users/yundongsoftware/Documents/projects/dogfoodings/WorkFlowLogic/node_modules/.pnpm/solid-js@1.9.13/node_modules/solid-js/dist/dev.js:581:37)\n    at runComputation (file:///Users/yundongsoftware/Documents/projects/dogfoodings/WorkFlowLogic/node_modules/.pnpm/solid-js@1.9.13/node_modules/solid-js/dist/dev.js:744:22)\n    at updateComputation (file:///Users/yundongsoftware/Documents/projects/dogfoodings/WorkFlowLogic/node_modules/.pnpm/solid-js@1.9.13/node_modules/solid-js/dist/dev.js:726:3)"],"meta":{},"tags":[]}],"startTime":1780100040121,"endTime":1780100040407.8928,"status":"failed","message":"","name":"/Users/yundongsoftware/Documents/projects/dogfoodings/WorkFlowLogic/src/test/components/Sidebar.test.tsx"},{"assertionResults":[{"ancestorTitles":["TimeSliceBar Component"],"fullName":"TimeSliceBar Component should render without crashing","status":"pending","title":"should render without crashing","failureMessages":[],"meta":{},"tags":[]},{"ancestorTitles":["TimeSliceBar Component"],"fullName":"TimeSliceBar Component should display title","status":"pending","title":"should display title","failureMessages":[],"meta":{},"tags":[]},{"ancestorTitles":["TimeSliceBar Component"],"fullName":"TimeSliceBar Component should display time slots from 8:00 to 22:00","status":"pending","title":"should display time slots from 8:00 to 22:00","failureMessages":[],"meta":{},"tags":[]},{"ancestorTitles":["TimeSliceBar Component"],"fullName":"TimeSliceBar Component should display no allocations message when empty","status":"pending","title":"should display no allocations message when empty","failureMessages":[],"meta":{},"tags":[]},{"ancestorTitles":["TimeSliceBar Component"],"fullName":"TimeSliceBar Component should render allocations","status":"pending","title":"should render allocations","failureMessages":[],"meta":{},"tags":[]}],"startTime":1780100030142,"endTime":1780100030142,"status":"passed","message":"","name":"/Users/yundongsoftware/Documents/projects/dogfoodings/WorkFlowLogic/src/test/components/TimeSliceBar.test.tsx"},{"assertionResults":[{"ancestorTitles":["Engine Integration Tests","Task Priority + Time Allocation Integration"],"fullName":"Engine Integration Tests Task Priority + Time Allocation Integration should prioritize urgent-important tasks in time allocation","status":"pending","title":"should prioritize urgent-important tasks in time allocation","failureMessages":[],"meta":{},"tags":[]},{"ancestorTitles":["Engine Integration Tests","Task Priority + Time Allocation Integration"],"fullName":"Engine Integration Tests Task Priority + Time Allocation Integration should align high focus tasks with peak hours","status":"pending","title":"should align high focus tasks with peak hours","failureMessages":[],"meta":{},"tags":[]},{"ancestorTitles":["Engine Integration Tests","Task Priority + Time Allocation Integration"],"fullName":"Engine Integration Tests Task Priority + Time Allocation Integration should handle deadline proximity correctly","status":"pending","title":"should handle deadline proximity correctly","failureMessages":[],"meta":{},"tags":[]},{"ancestorTitles":["Engine Integration Tests","Priority Matrix + System Mapping Integration"],"fullName":"Engine Integration Tests Priority Matrix + System Mapping Integration should classify tasks across work/personal boundary","status":"pending","title":"should classify tasks across work/personal boundary","failureMessages":[],"meta":{},"tags":[]},{"ancestorTitles":["Engine Integration Tests","Priority Matrix + System Mapping Integration"],"fullName":"Engine Integration Tests Priority Matrix + System Mapping Integration should identify cross-references between similar tasks","status":"pending","title":"should identify cross-references between similar tasks","failureMessages":[],"meta":{},"tags":[]},{"ancestorTitles":["Engine Integration Tests","Timing Recommendations + Profile Integration"],"fullName":"Engine Integration Tests Timing Recommendations + Profile Integration should generate consistent recommendations with time allocation","status":"pending","title":"should generate consistent recommendations with time allocation","failureMessages":[],"meta":{},"tags":[]},{"ancestorTitles":["Engine Integration Tests","Timing Recommendations + Profile Integration"],"fullName":"Engine Integration Tests Timing Recommendations + Profile Integration should provide reasoning based on task characteristics","status":"pending","title":"should provide reasoning based on task characteristics","failureMessages":[],"meta":{},"tags":[]},{"ancestorTitles":["Engine Integration Tests","Multi-task Workflow Simulation"],"fullName":"Engine Integration Tests Multi-task Workflow Simulation should handle complex task scheduling scenario","status":"pending","title":"should handle complex task scheduling scenario","failureMessages":[],"meta":{},"tags":[]}],"startTime":1780100030142,"endTime":1780100030142,"status":"passed","message":"","name":"/Users/yundongsoftware/Documents/projects/dogfoodings/WorkFlowLogic/src/test/integration/engine-integration.test.ts"},{"assertionResults":[{"ancestorTitles":["Efficiency Store","initial state"],"fullName":"Efficiency Store initial state should have 90 days of mock records","status":"passed","title":"should have 90 days of mock records","duration":16.770958000000064,"failureMessages":[],"meta":{},"tags":[]},{"ancestorTitles":["Efficiency Store","initial state"],"fullName":"Efficiency Store initial state should have default period of 7 days","status":"passed","title":"should have default period of 7 days","duration":2.61529100000007,"failureMessages":[],"meta":{},"tags":[]},{"ancestorTitles":["Efficiency Store","initial state"],"fullName":"Efficiency Store initial state should have records with correct structure","status":"passed","title":"should have records with correct structure","duration":6.709125000000313,"failureMessages":[],"meta":{},"tags":[]},{"ancestorTitles":["Efficiency Store","initial state"],"fullName":"Efficiency Store initial state should have scores within valid ranges","status":"passed","title":"should have scores within valid ranges","duration":87.03433399999994,"failureMessages":[],"meta":{},"tags":[]},{"ancestorTitles":["Efficiency Store","setPeriod"],"fullName":"Efficiency Store setPeriod should set period to 7 days","status":"pending","title":"should set period to 7 days","failureMessages":[],"meta":{},"tags":[]},{"ancestorTitles":["Efficiency Store","setPeriod"],"fullName":"Efficiency Store setPeriod should set period to 30 days","status":"pending","title":"should set period to 30 days","failureMessages":[],"meta":{},"tags":[]},{"ancestorTitles":["Efficiency Store","setPeriod"],"fullName":"Efficiency Store setPeriod should set period to 90 days","status":"pending","title":"should set period to 90 days","failureMessages":[],"meta":{},"tags":[]},{"ancestorTitles":["Efficiency Store","getFilteredRecords"],"fullName":"Efficiency Store getFilteredRecords should return 7 records for 7-day period","status":"pending","title":"should return 7 records for 7-day period","failureMessages":[],"meta":{},"tags":[]},{"ancestorTitles":["Efficiency Store","getFilteredRecords"],"fullName":"Efficiency Store getFilteredRecords should return 30 records for 30-day period","status":"pending","title":"should return 30 records for 30-day period","failureMessages":[],"meta":{},"tags":[]},{"ancestorTitles":["Efficiency Store","getFilteredRecords"],"fullName":"Efficiency Store getFilteredRecords should return 90 records for 90-day period","status":"pending","title":"should return 90 records for 90-day period","failureMessages":[],"meta":{},"tags":[]},{"ancestorTitles":["Efficiency Store","getFilteredRecords"],"fullName":"Efficiency Store getFilteredRecords should return most recent records","status":"pending","title":"should return most recent records","failureMessages":[],"meta":{},"tags":[]},{"ancestorTitles":["Efficiency Store","getFilteredRecords"],"fullName":"Efficiency Store getFilteredRecords should return records in chronological order","status":"pending","title":"should return records in chronological order","failureMessages":[],"meta":{},"tags":[]},{"ancestorTitles":["Efficiency Store","getLatestRecord"],"fullName":"Efficiency Store getLatestRecord should return the most recent record","status":"pending","title":"should return the most recent record","failureMessages":[],"meta":{},"tags":[]},{"ancestorTitles":["Efficiency Store","getAverageMetrics"],"fullName":"Efficiency Store getAverageMetrics should return null for empty records","status":"pending","title":"should return null for empty records","failureMessages":[],"meta":{},"tags":[]},{"ancestorTitles":["Efficiency Store","getAverageMetrics"],"fullName":"Efficiency Store getAverageMetrics should return average metrics for selected period","status":"pending","title":"should return average metrics for selected period","failureMessages":[],"meta":{},"tags":[]},{"ancestorTitles":["Efficiency Store","getAverageMetrics"],"fullName":"Efficiency Store getAverageMetrics should return integers for all metrics","status":"pending","title":"should return integers for all metrics","failureMessages":[],"meta":{},"tags":[]},{"ancestorTitles":["Efficiency Store","getAverageMetrics"],"fullName":"Efficiency Store getAverageMetrics should return metrics within 0-100 range","status":"pending","title":"should return metrics within 0-100 range","failureMessages":[],"meta":{},"tags":[]},{"ancestorTitles":["Efficiency Store","weekend effect"],"fullName":"Efficiency Store weekend effect should have lower scores on weekends","status":"pending","title":"should have lower scores on weekends","failureMessages":[],"meta":{},"tags":[]}],"startTime":1780100036385,"endTime":1780100036499.0344,"status":"passed","message":"","name":"/Users/yundongsoftware/Documents/projects/dogfoodings/WorkFlowLogic/src/test/stores/efficiency.test.ts"},{"assertionResults":[{"ancestorTitles":["Optimization Store","initial state"],"fullName":"Optimization Store initial state should have correct default weights","status":"passed","title":"should have correct default weights","duration":17.347125000000233,"failureMessages":[],"meta":{},"tags":[]},{"ancestorTitles":["Optimization Store","initial state"],"fullName":"Optimization Store initial state should have empty allocations initially","status":"passed","title":"should have empty allocations initially","duration":3.9827079999995476,"failureMessages":[],"meta":{},"tags":[]},{"ancestorTitles":["Optimization Store","initial state"],"fullName":"Optimization Store initial state should have weights summing to 1.0","status":"passed","title":"should have weights summing to 1.0","duration":0.949666999999863,"failureMessages":[],"meta":{},"tags":[]},{"ancestorTitles":["Optimization Store","updateWeights"],"fullName":"Optimization Store updateWeights should update individual weight values","status":"passed","title":"should update individual weight values","duration":0.6065830000006827,"failureMessages":[],"meta":{},"tags":[]},{"ancestorTitles":["Optimization Store","updateWeights"],"fullName":"Optimization Store updateWeights should update multiple weights at once","status":"passed","title":"should update multiple weights at once","duration":0.3605420000003505,"failureMessages":[],"meta":{},"tags":[]},{"ancestorTitles":["Optimization Store","updateWeights"],"fullName":"Optimization Store updateWeights should update all weights","status":"passed","title":"should update all weights","duration":0.19091699999989942,"failureMessages":[],"meta":{},"tags":[]},{"ancestorTitles":["Optimization Store","setAllocations"],"fullName":"Optimization Store setAllocations should set allocations correctly","status":"passed","title":"should set allocations correctly","duration":0.26762500000040745,"failureMessages":[],"meta":{},"tags":[]},{"ancestorTitles":["Optimization Store","setAllocations"],"fullName":"Optimization Store setAllocations should replace existing allocations","status":"passed","title":"should replace existing allocations","duration":0.48070800000004965,"failureMessages":[],"meta":{},"tags":[]},{"ancestorTitles":["Optimization Store","setAllocations"],"fullName":"Optimization Store setAllocations should handle empty allocations","status":"passed","title":"should handle empty allocations","duration":0.1837919999998121,"failureMessages":[],"meta":{},"tags":[]}],"startTime":1780100036385,"endTime":1780100036410.4807,"status":"passed","message":"","name":"/Users/yundongsoftware/Documents/projects/dogfoodings/WorkFlowLogic/src/test/stores/optimization.test.ts"},{"assertionResults":[{"ancestorTitles":["Tasks Store","addTask"],"fullName":"Tasks Store addTask should add a new task to the store","status":"pending","title":"should add a new task to the store","failureMessages":[],"meta":{},"tags":[]},{"ancestorTitles":["Tasks Store","addTask"],"fullName":"Tasks Store addTask should generate unique IDs for tasks","status":"pending","title":"should generate unique IDs for tasks","failureMessages":[],"meta":{},"tags":[]},{"ancestorTitles":["Tasks Store","addTask"],"fullName":"Tasks Store addTask should set createdAt timestamp","status":"pending","title":"should set createdAt timestamp","failureMessages":[],"meta":{},"tags":[]},{"ancestorTitles":["Tasks Store","updateTask"],"fullName":"Tasks Store updateTask should update task properties","status":"pending","title":"should update task properties","failureMessages":[],"meta":{},"tags":[]},{"ancestorTitles":["Tasks Store","updateTask"],"fullName":"Tasks Store updateTask should not affect other tasks","status":"pending","title":"should not affect other tasks","failureMessages":[],"meta":{},"tags":[]},{"ancestorTitles":["Tasks Store","completeTask"],"fullName":"Tasks Store completeTask should mark task as completed and set completedAt","status":"pending","title":"should mark task as completed and set completedAt","failureMessages":[],"meta":{},"tags":[]},{"ancestorTitles":["Tasks Store","setTaskRecommendation"],"fullName":"Tasks Store setTaskRecommendation should set recommended slot for a task","status":"pending","title":"should set recommended slot for a task","failureMessages":[],"meta":{},"tags":[]},{"ancestorTitles":["Tasks Store","setTaskRecommendation"],"fullName":"Tasks Store setTaskRecommendation should clear recommended slot when null is passed","status":"pending","title":"should clear recommended slot when null is passed","failureMessages":[],"meta":{},"tags":[]},{"ancestorTitles":["Tasks Store","getPendingTasks"],"fullName":"Tasks Store getPendingTasks should return only pending and active tasks","status":"pending","title":"should return only pending and active tasks","failureMessages":[],"meta":{},"tags":[]},{"ancestorTitles":["Tasks Store","getWorkTasks"],"fullName":"Tasks Store getWorkTasks should return only work tasks","status":"pending","title":"should return only work tasks","failureMessages":[],"meta":{},"tags":[]},{"ancestorTitles":["Tasks Store","getPersonalTasks"],"fullName":"Tasks Store getPersonalTasks should return only personal tasks","status":"pending","title":"should return only personal tasks","failureMessages":[],"meta":{},"tags":[]}],"startTime":1780100030142,"endTime":1780100030142,"status":"passed","message":"","name":"/Users/yundongsoftware/Documents/projects/dogfoodings/WorkFlowLogic/src/test/stores/tasks.test.ts"},{"assertionResults":[{"ancestorTitles":["Dashboard Page"],"fullName":"Dashboard Page should render without crashing","status":"passed","title":"should render without crashing","duration":1206.5128329999998,"failureMessages":[],"meta":{},"tags":[]},{"ancestorTitles":["Dashboard Page"],"fullName":"Dashboard Page should display page description","status":"failed","title":"should display page description","duration":234.9425000000001,"failureMessages":["TestingLibraryElementError: Unable to find an element with the text: /实时效能数据与智能时间分配/. This could be because the text is broken up by multiple elements. In this case, you can provide a function for your text matcher to make your matcher more flexible.\n\nIgnored nodes: comments, script, style\n\u001b[36m<body>\u001b[39m\n  \u001b[36m<div>\u001b[39m\n    \u001b[36m<div\u001b[39m\n      \u001b[33mclass\u001b[39m=\u001b[32m\"space-y-6\"\u001b[39m\n    \u001b[36m>\u001b[39m\n      \u001b[36m<div\u001b[39m\n        \u001b[33mclass\u001b[39m=\u001b[32m\"flex items-center justify-between\"\u001b[39m\n      \u001b[36m>\u001b[39m\n        \u001b[36m<div>\u001b[39m\n          \u001b[36m<h1\u001b[39m\n            \u001b[33mclass\u001b[39m=\u001b[32m\"text-2xl font-bold text-[#f1f5f9] tracking-tight\"\u001b[39m\n          \u001b[36m>\u001b[39m\n            \u001b[0m效能驾驶舱\u001b[0m\n          \u001b[36m</h1>\u001b[39m\n          \u001b[36m<p\u001b[39m\n            \u001b[33mclass\u001b[39m=\u001b[32m\"text-sm text-[#94a3b8] mt-1\"\u001b[39m\n          \u001b[36m>\u001b[39m\n            \u001b[0m2024年1月1日星期一\u001b[0m\n          \u001b[36m</p>\u001b[39m\n        \u001b[36m</div>\u001b[39m\n        \u001b[36m<div\u001b[39m\n          \u001b[33mclass\u001b[39m=\u001b[32m\"flex items-center gap-2.5 px-3 py-2 rounded-xl bg-[#1e293b] border border-[rgba(148,163,184,0.1)]\"\u001b[39m\n        \u001b[36m>\u001b[39m\n          \u001b[36m<span\u001b[39m\n            \u001b[33mclass\u001b[39m=\u001b[32m\"w-2.5 h-2.5 rounded-full bg-[#64748b]\"\u001b[39m\n          \u001b[36m/>\u001b[39m\n          \u001b[36m<span\u001b[39m\n            \u001b[33mclass\u001b[39m=\u001b[32m\"text-sm text-[#94a3b8] font-medium\"\u001b[39m\n          \u001b[36m>\u001b[39m\n            \u001b[0m未启动追踪\u001b[0m\n          \u001b[36m</span>\u001b[39m\n        \u001b[36m</div>\u001b[39m\n      \u001b[36m</div>\u001b[39m\n      \u001b[36m<div\u001b[39m\n        \u001b[33mclass\u001b[39m=\u001b[32m\"grid grid-cols-1 lg:grid-cols-4 gap-5\"\u001b[39m\n      \u001b[36m>\u001b[39m\n        \u001b[36m<div\u001b[39m\n          \u001b[33mclass\u001b[39m=\u001b[32m\"card-base p-6 flex flex-col items-center justify-center\"\u001b[39m\n        \u001b[36m>\u001b[39m\n          \u001b[36m<span\u001b[39m\n            \u001b[33mclass\u001b[39m=\u001b[32m\"section-title self-start\"\u001b[39m\n          \u001b[36m>\u001b[39m\n            \u001b[0m专注力指数\u001b[0m\n          \u001b[36m</span>\u001b[39m\n          \u001b[36m<div\u001b[39m\n            \u001b[33mclass\u001b[39m=\u001b[32m\"relative flex items-center justify-center\"\u001b[39m\n          \u001b[36m>\u001b[39m\n            \u001b[36m<svg\u001b[39m\n              \u001b[33mheight\u001b[39m=\u001b[32m\"220\"\u001b[39m\n              \u001b[33mviewBox\u001b[39m=\u001b[32m\"0 0 200 200\"\u001b[39m\n              \u001b[33mwidth\u001b[39m=\u001b[32m\"220\"\u001b[39m\n            \u001b[36m>\u001b[39m\n              \u001b[36m<defs>\u001b[39m\n                \u001b[36m<filter\u001b[39m\n                  \u001b[33mheight\u001b[39m=\u001b[32m\"200%\"\u001b[39m\n                  \u001b[33mid\u001b[39m=\u001b[32m\"gaugeGlow\"\u001b[39m\n                  \u001b[33mwidth\u001b[39m=\u001b[32m\"200%\"\u001b[39m\n                  \u001b[33mx\u001b[39m=\u001b[32m\"-50%\"\u001b[39m\n                  \u001b[33my\u001b[39m=\u001b[32m\"-50%\"\u001b[39m\n                \u001b[36m>\u001b[39m\n                  \u001b[36m<fegaussianblur\u001b[39m\n                    \u001b[33mresult\u001b[39m=\u001b[32m\"blur\"\u001b[39m\n                    \u001b[33mstdDeviation\u001b[39m=\u001b[32m\"6\"\u001b[39m\n                  \u001b[36m/>\u001b[39m\n                  \u001b[36m<femerge>\u001b[39m\n                    \u001b[36m<femergenode\u001b[39m\n                      \u001b[33min\u001b[39m=\u001b[32m\"blur\"\u001b[39m\n                    \u001b[36m/>\u001b[39m\n                    \u001b[36m<femergenode\u001b[39m\n                      \u001b[33min\u001b[39m=\u001b[32m\"blur\"\u001b[39m\n                    \u001b[36m/>\u001b[39m\n                    \u001b[36m<femergenode\u001b[39m\n                      \u001b[33min\u001b[39m=\u001b[32m\"SourceGraphic\"\u001b[39m\n                    \u001b[36m/>\u001b[39m\n                  \u001b[36m</femerge>\u001b[39m\n                \u001b[36m</filter>\u001b[39m\n                \u001b[36m<lineargradient\u001b[39m\n                  \u001b[33mid\u001b[39m=\u001b[32m\"bgGradient\"\u001b[39m\n                  \u001b[33mx1\u001b[39m=\u001b[32m\"0%\"\u001b[39m\n                  \u001b[33mx2\u001b[39m=\u001b[32m\"100%\"\u001b[39m\n                  \u001b[33my1\u001b[39m=\u001b[32m\"0%\"\u001b[39m\n                  \u001b[33my2\u001b[39m=\u001b[32m\"100%\"\u001b[39m\n                \u001b[36m>\u001b[39m\n                  \u001b[36m<stop\u001b[39m\n                    \u001b[33moffset\u001b[39m=\u001b[32m\"0%\"\u001b[39m\n                    \u001b[33mstop-color\u001b[39m=\u001b[32m\"#334155\"\u001b[39m\n                    \u001b[33mstop-opacity\u001b[39m=\u001b[32m\"0.3\"\u001b[39m\n                  \u001b[36m/>\u001b[39m\n                  \u001b[36m<stop\u001b[39m\n                    \u001b[33moffset\u001b[39m=\u001b[32m\"100%\"\u001b[39m\n                    \u001b[33mstop-color\u001b[39m=\u001b[32m\"#1e293b\"\u001b[39m\n                    \u001b[33mstop-opacity\u001b[39m=\u001b[32m\"0.5\"\u001b[39m\n                  \u001b[36m/>\u001b[39m\n                \u001b[36m</lineargradient>\u001b[39m\n              \u001b[36m</defs>\u001b[39m\n              \u001b[36m<path\u001b[39m\n                \u001b[33md\u001b[39m=\u001b[32m\"M 46.96699141100894 153.03300858899107 A 75 75 0 1 1 153.03300858899112 153.033008588991\"\u001b[39m\n                \u001b[33mfill\u001b[39m=\u001b[32m\"none\"\u001b[39m\n                \u001b[33mopacity\u001b[39m=\u001b[32m\"0.4\"\u001b[39m\n                \u001b[33mstroke\u001b[39m=\u001b[32m\"#334155\"\u001b[39m\n                \u001b[33mstroke-linecap\u001b[39m=\u001b[32m\"round\"\u001b[39m\n                \u001b[33mstroke-width\u001b[39m=\u001b[32m\"10\"\u001b[39m\n              \u001b[36m/>\u001b[39m\n              \u001b[36m<path\u001b[39m\n                \u001b[33md\u001b[39m=\u001b[32m\"M 46.96699141100894 153.03300858899107 A 75 75 0 1 1 153.03300858899112 153.033008588991\"\u001b[39m\n                \u001b[33mfill\u001b[39m=\u001b[32m\"none\"\u001b[39m\n                \u001b[33mfilter\u001b[39m=\u001b[32m\"url(#gaugeGlow)\"\u001b[39m\n                \u001b[33mstroke\u001b[39m=\u001b[32m\"#ef4444\"\u001b[39m\n                \u001b[33mstroke-dasharray\u001b[39m=\u001b[32m\"353.4291735288517\"\u001b[39m\n                \u001b[33mstroke-dashoffset\u001b[39m=\u001b[32m\"353.4291735288517\"\u001b[39m\n                \u001b[33mstroke-linecap\u001b[39m=\u001b[32m\"round\"\u001b[39m\n                \u001b[33mstroke-width\u001b[39m=\u001b[32m\"10\"\u001b[39m\n                \u001b[33mstyle\u001b[39m=\u001b[32m\"transition:stroke-dashoffset 0.5s cubic-bezier(0.4, 0, 0.2, 1), stroke 0.3s ease\"\u001b[39m\n              \u001b[36m/>\u001b[39m\n            \u001b[36m</svg>\u001b[39m\n            \u001b[36m<div\u001b[39m\n              \u001b[33mclass\u001b[39m=\u001b[32m\"absolute flex flex-col items-center justify-center\"\u001b[39m\n            \u001b[36m>\u001b[39m\n              \u001b[36m<span\u001b[39m\n                \u001b[33mclass\u001b[39m=\u001b[32m\"text-5xl font-bold tracking-tight\"\u001b[39m\n                \u001b[33mstyle\u001b[39m=\u001b[32m\"font-family: \\\"JetBrains Mono\\\", \\\"SF Mono\\\", monospace; color: rgb(239, 68, 68);\"\u001b[39m\n              \u001b[36m>\u001b[39m\n                \u001b[0m0\u001b[0m\n              \u001b[36m</span>\u001b[39m\n              \u001b[36m<span\u001b[39m\n                \u001b[33mclass\u001b[39m=\u001b[32m\"text-sm text-[#94a3b8] mt-1 font-medium\"\u001b[39m\n              \u001b[36m>\u001b[39m\n                \u001b[0m专注指数\u001b[0m\n              \u001b[36m</span>\u001b[39m\n            \u001b[36m</div>\u001b[39m\n          \u001b[36m</div>\u001b[39m\n        \u001b[36m</div>\u001b[39m\n        \u001b[36m<div\u001b[39m\n          \u001b[33mclass\u001b[39m=\u001b[32m\"card-base p-6 lg:col-span-3\"\u001b[39m\n        \u001b[36m>\u001b[39m\n          \u001b[36m<span\u001b[39m\n            \u001b[33mclass\u001b[39m=\u001b[32m\"section-title\"\u001b[39m\n          \u001b[36m>\u001b[39m\n            \u001b[0m今日时间片分配\u001b[0m\n          \u001b[36m</span>\u001b[39m\n          \u001b[36m<div\u001b[39m\n            \u001b[33mclass\u001b[39m=\u001b[32m\"w-full\"\u001b[39m\n          \u001b[36m>\u001b[39m\n            \u001b[36m<div\u001b[39m\n              \u001b[33mclass\u001b[39m=\u001b[32m\"relative\"\u001b[39m\n            \u001b[36m>\u001b[39m\n              \u001b[36m<div\u001b[39m\n                \u001b[33mclass\u001b[39m=\u001b[32m\"relative h-11 rounded-xl bg-[#1e293b] overflow-hidden border border-[rgba(148,163,184,0.1)]\"\u001b[39m\n              \u001b[36m>\u001b[39m\n                \u001b[36m<div\u001b[39m\n                  \u001b[33mclass\u001b[39m=\u001b[32m\"absolute top-0 h-full transition-all duration-200 hover:opacity-90 cursor-pointer\"\u001b[39m\n                  \u001b[33mstyle\u001b[39m=\u001b[32m\"opacity: 0.85; box-shadow: inset 0 1px 0 rgba(255,255,255,0.1); background-color: rgb(148, 163, 184); left: 14.285714285714285%; width: 7.142857142857142%;\"\u001b[39m\n                \u001b[36m/>\u001b[39m\n                \u001b[36m<div\u001b[39m\n                  \u001b[33mclass\u001b[39m=\u001b[32m\"absolute top-0 h-full transition-all duration-200 hover:opacity-90 cursor-pointer\"\u001b[39m\n                  \u001b[33mstyle\u001b[39m=\u001b...\n    at Object.getElementError (/Users/yundongsoftware/Documents/projects/dogfoodings/WorkFlowLogic/node_modules/.pnpm/@testing-library+dom@10.4.1/node_modules/@testing-library/dom/dist/config.js:37:19)\n    at /Users/yundongsoftware/Documents/projects/dogfoodings/WorkFlowLogic/node_modules/.pnpm/@testing-library+dom@10.4.1/node_modules/@testing-library/dom/dist/query-helpers.js:76:38\n    at /Users/yundongsoftware/Documents/projects/dogfoodings/WorkFlowLogic/node_modules/.pnpm/@testing-library+dom@10.4.1/node_modules/@testing-library/dom/dist/query-helpers.js:52:17\n    at getByText (/Users/yundongsoftware/Documents/projects/dogfoodings/WorkFlowLogic/node_modules/.pnpm/@testing-library+dom@10.4.1/node_modules/@testing-library/dom/dist/query-helpers.js:95:19)\n    at /Users/yundongsoftware/Documents/projects/dogfoodings/WorkFlowLogic/src/test/pages/Dashboard.test.tsx:22:19\n    at file:///Users/yundongsoftware/Documents/projects/dogfoodings/WorkFlowLogic/node_modules/.pnpm/@vitest+runner@4.1.7/node_modules/@vitest/runner/dist/chunk-artifact.js:302:11\n    at file:///Users/yundongsoftware/Documents/projects/dogfoodings/WorkFlowLogic/node_modules/.pnpm/@vitest+runner@4.1.7/node_modules/@vitest/runner/dist/chunk-artifact.js:1903:26\n    at file:///Users/yundongsoftware/Documents/projects/dogfoodings/WorkFlowLogic/node_modules/.pnpm/@vitest+runner@4.1.7/node_modules/@vitest/runner/dist/chunk-artifact.js:2326:20\n    at new Promise (<anonymous>)\n    at runWithCancel (file:///Users/yundongsoftware/Documents/projects/dogfoodings/WorkFlowLogic/node_modules/.pnpm/@vitest+runner@4.1.7/node_modules/@vitest/runner/dist/chunk-artifact.js:2323:10)"],"meta":{},"tags":[]},{"ancestorTitles":["Dashboard Page"],"fullName":"Dashboard Page should display focus gauge section","status":"failed","title":"should display focus gauge section","duration":81.33712500000001,"failureMessages":["TestingLibraryElementError: Unable to find an element with the text: /当前专注力/. This could be because the text is broken up by multiple elements. In this case, you can provide a function for your text matcher to make your matcher more flexible.\n\nIgnored nodes: comments, script, style\n\u001b[36m<body>\u001b[39m\n  \u001b[36m<div>\u001b[39m\n    \u001b[36m<div\u001b[39m\n      \u001b[33mclass\u001b[39m=\u001b[32m\"space-y-6\"\u001b[39m\n    \u001b[36m>\u001b[39m\n      \u001b[36m<div\u001b[39m\n        \u001b[33mclass\u001b[39m=\u001b[32m\"flex items-center justify-between\"\u001b[39m\n      \u001b[36m>\u001b[39m\n        \u001b[36m<div>\u001b[39m\n          \u001b[36m<h1\u001b[39m\n            \u001b[33mclass\u001b[39m=\u001b[32m\"text-2xl font-bold text-[#f1f5f9] tracking-tight\"\u001b[39m\n          \u001b[36m>\u001b[39m\n            \u001b[0m效能驾驶舱\u001b[0m\n          \u001b[36m</h1>\u001b[39m\n          \u001b[36m<p\u001b[39m\n            \u001b[33mclass\u001b[39m=\u001b[32m\"text-sm text-[#94a3b8] mt-1\"\u001b[39m\n          \u001b[36m>\u001b[39m\n            \u001b[0m2024年1月1日星期一\u001b[0m\n          \u001b[36m</p>\u001b[39m\n        \u001b[36m</div>\u001b[39m\n        \u001b[36m<div\u001b[39m\n          \u001b[33mclass\u001b[39m=\u001b[32m\"flex items-center gap-2.5 px-3 py-2 rounded-xl bg-[#1e293b] border border-[rgba(148,163,184,0.1)]\"\u001b[39m\n        \u001b[36m>\u001b[39m\n          \u001b[36m<span\u001b[39m\n            \u001b[33mclass\u001b[39m=\u001b[32m\"w-2.5 h-2.5 rounded-full bg-[#64748b]\"\u001b[39m\n          \u001b[36m/>\u001b[39m\n          \u001b[36m<span\u001b[39m\n            \u001b[33mclass\u001b[39m=\u001b[32m\"text-sm text-[#94a3b8] font-medium\"\u001b[39m\n          \u001b[36m>\u001b[39m\n            \u001b[0m未启动追踪\u001b[0m\n          \u001b[36m</span>\u001b[39m\n        \u001b[36m</div>\u001b[39m\n      \u001b[36m</div>\u001b[39m\n      \u001b[36m<div\u001b[39m\n        \u001b[33mclass\u001b[39m=\u001b[32m\"grid grid-cols-1 lg:grid-cols-4 gap-5\"\u001b[39m\n      \u001b[36m>\u001b[39m\n        \u001b[36m<div\u001b[39m\n          \u001b[33mclass\u001b[39m=\u001b[32m\"card-base p-6 flex flex-col items-center justify-center\"\u001b[39m\n        \u001b[36m>\u001b[39m\n          \u001b[36m<span\u001b[39m\n            \u001b[33mclass\u001b[39m=\u001b[32m\"section-title self-start\"\u001b[39m\n          \u001b[36m>\u001b[39m\n            \u001b[0m专注力指数\u001b[0m\n          \u001b[36m</span>\u001b[39m\n          \u001b[36m<div\u001b[39m\n            \u001b[33mclass\u001b[39m=\u001b[32m\"relative flex items-center justify-center\"\u001b[39m\n          \u001b[36m>\u001b[39m\n            \u001b[36m<svg\u001b[39m\n              \u001b[33mheight\u001b[39m=\u001b[32m\"220\"\u001b[39m\n              \u001b[33mviewBox\u001b[39m=\u001b[32m\"0 0 200 200\"\u001b[39m\n              \u001b[33mwidth\u001b[39m=\u001b[32m\"220\"\u001b[39m\n            \u001b[36m>\u001b[39m\n              \u001b[36m<defs>\u001b[39m\n                \u001b[36m<filter\u001b[39m\n                  \u001b[33mheight\u001b[39m=\u001b[32m\"200%\"\u001b[39m\n                  \u001b[33mid\u001b[39m=\u001b[32m\"gaugeGlow\"\u001b[39m\n                  \u001b[33mwidth\u001b[39m=\u001b[32m\"200%\"\u001b[39m\n                  \u001b[33mx\u001b[39m=\u001b[32m\"-50%\"\u001b[39m\n                  \u001b[33my\u001b[39m=\u001b[32m\"-50%\"\u001b[39m\n                \u001b[36m>\u001b[39m\n                  \u001b[36m<fegaussianblur\u001b[39m\n                    \u001b[33mresult\u001b[39m=\u001b[32m\"blur\"\u001b[39m\n                    \u001b[33mstdDeviation\u001b[39m=\u001b[32m\"6\"\u001b[39m\n                  \u001b[36m/>\u001b[39m\n                  \u001b[36m<femerge>\u001b[39m\n                    \u001b[36m<femergenode\u001b[39m\n                      \u001b[33min\u001b[39m=\u001b[32m\"blur\"\u001b[39m\n                    \u001b[36m/>\u001b[39m\n                    \u001b[36m<femergenode\u001b[39m\n                      \u001b[33min\u001b[39m=\u001b[32m\"blur\"\u001b[39m\n                    \u001b[36m/>\u001b[39m\n                    \u001b[36m<femergenode\u001b[39m\n                      \u001b[33min\u001b[39m=\u001b[32m\"SourceGraphic\"\u001b[39m\n                    \u001b[36m/>\u001b[39m\n                  \u001b[36m</femerge>\u001b[39m\n                \u001b[36m</filter>\u001b[39m\n                \u001b[36m<lineargradient\u001b[39m\n                  \u001b[33mid\u001b[39m=\u001b[32m\"bgGradient\"\u001b[39m\n                  \u001b[33mx1\u001b[39m=\u001b[32m\"0%\"\u001b[39m\n                  \u001b[33mx2\u001b[39m=\u001b[32m\"100%\"\u001b[39m\n                  \u001b[33my1\u001b[39m=\u001b[32m\"0%\"\u001b[39m\n                  \u001b[33my2\u001b[39m=\u001b[32m\"100%\"\u001b[39m\n                \u001b[36m>\u001b[39m\n                  \u001b[36m<stop\u001b[39m\n                    \u001b[33moffset\u001b[39m=\u001b[32m\"0%\"\u001b[39m\n                    \u001b[33mstop-color\u001b[39m=\u001b[32m\"#334155\"\u001b[39m\n                    \u001b[33mstop-opacity\u001b[39m=\u001b[32m\"0.3\"\u001b[39m\n                  \u001b[36m/>\u001b[39m\n                  \u001b[36m<stop\u001b[39m\n                    \u001b[33moffset\u001b[39m=\u001b[32m\"100%\"\u001b[39m\n                    \u001b[33mstop-color\u001b[39m=\u001b[32m\"#1e293b\"\u001b[39m\n                    \u001b[33mstop-opacity\u001b[39m=\u001b[32m\"0.5\"\u001b[39m\n                  \u001b[36m/>\u001b[39m\n                \u001b[36m</lineargradient>\u001b[39m\n              \u001b[36m</defs>\u001b[39m\n              \u001b[36m<path\u001b[39m\n                \u001b[33md\u001b[39m=\u001b[32m\"M 46.96699141100894 153.03300858899107 A 75 75 0 1 1 153.03300858899112 153.033008588991\"\u001b[39m\n                \u001b[33mfill\u001b[39m=\u001b[32m\"none\"\u001b[39m\n                \u001b[33mopacity\u001b[39m=\u001b[32m\"0.4\"\u001b[39m\n                \u001b[33mstroke\u001b[39m=\u001b[32m\"#334155\"\u001b[39m\n                \u001b[33mstroke-linecap\u001b[39m=\u001b[32m\"round\"\u001b[39m\n                \u001b[33mstroke-width\u001b[39m=\u001b[32m\"10\"\u001b[39m\n              \u001b[36m/>\u001b[39m\n              \u001b[36m<path\u001b[39m\n                \u001b[33md\u001b[39m=\u001b[32m\"M 46.96699141100894 153.03300858899107 A 75 75 0 1 1 153.03300858899112 153.033008588991\"\u001b[39m\n                \u001b[33mfill\u001b[39m=\u001b[32m\"none\"\u001b[39m\n                \u001b[33mfilter\u001b[39m=\u001b[32m\"url(#gaugeGlow)\"\u001b[39m\n                \u001b[33mstroke\u001b[39m=\u001b[32m\"#ef4444\"\u001b[39m\n                \u001b[33mstroke-dasharray\u001b[39m=\u001b[32m\"353.4291735288517\"\u001b[39m\n                \u001b[33mstroke-dashoffset\u001b[39m=\u001b[32m\"353.4291735288517\"\u001b[39m\n                \u001b[33mstroke-linecap\u001b[39m=\u001b[32m\"round\"\u001b[39m\n                \u001b[33mstroke-width\u001b[39m=\u001b[32m\"10\"\u001b[39m\n                \u001b[33mstyle\u001b[39m=\u001b[32m\"transition:stroke-dashoffset 0.5s cubic-bezier(0.4, 0, 0.2, 1), stroke 0.3s ease\"\u001b[39m\n              \u001b[36m/>\u001b[39m\n            \u001b[36m</svg>\u001b[39m\n            \u001b[36m<div\u001b[39m\n              \u001b[33mclass\u001b[39m=\u001b[32m\"absolute flex flex-col items-center justify-center\"\u001b[39m\n            \u001b[36m>\u001b[39m\n              \u001b[36m<span\u001b[39m\n                \u001b[33mclass\u001b[39m=\u001b[32m\"text-5xl font-bold tracking-tight\"\u001b[39m\n                \u001b[33mstyle\u001b[39m=\u001b[32m\"font-family: \\\"JetBrains Mono\\\", \\\"SF Mono\\\", monospace; color: rgb(239, 68, 68);\"\u001b[39m\n              \u001b[36m>\u001b[39m\n                \u001b[0m0\u001b[0m\n              \u001b[36m</span>\u001b[39m\n              \u001b[36m<span\u001b[39m\n                \u001b[33mclass\u001b[39m=\u001b[32m\"text-sm text-[#94a3b8] mt-1 font-medium\"\u001b[39m\n              \u001b[36m>\u001b[39m\n                \u001b[0m专注指数\u001b[0m\n              \u001b[36m</span>\u001b[39m\n            \u001b[36m</div>\u001b[39m\n          \u001b[36m</div>\u001b[39m\n        \u001b[36m</div>\u001b[39m\n        \u001b[36m<div\u001b[39m\n          \u001b[33mclass\u001b[39m=\u001b[32m\"card-base p-6 lg:col-span-3\"\u001b[39m\n        \u001b[36m>\u001b[39m\n          \u001b[36m<span\u001b[39m\n            \u001b[33mclass\u001b[39m=\u001b[32m\"section-title\"\u001b[39m\n          \u001b[36m>\u001b[39m\n            \u001b[0m今日时间片分配\u001b[0m\n          \u001b[36m</span>\u001b[39m\n          \u001b[36m<div\u001b[39m\n            \u001b[33mclass\u001b[39m=\u001b[32m\"w-full\"\u001b[39m\n          \u001b[36m>\u001b[39m\n            \u001b[36m<div\u001b[39m\n              \u001b[33mclass\u001b[39m=\u001b[32m\"relative\"\u001b[39m\n            \u001b[36m>\u001b[39m\n              \u001b[36m<div\u001b[39m\n                \u001b[33mclass\u001b[39m=\u001b[32m\"relative h-11 rounded-xl bg-[#1e293b] overflow-hidden border border-[rgba(148,163,184,0.1)]\"\u001b[39m\n              \u001b[36m>\u001b[39m\n                \u001b[36m<div\u001b[39m\n                  \u001b[33mclass\u001b[39m=\u001b[32m\"absolute top-0 h-full transition-all duration-200 hover:opacity-90 cursor-pointer\"\u001b[39m\n                  \u001b[33mstyle\u001b[39m=\u001b[32m\"opacity: 0.85; box-shadow: inset 0 1px 0 rgba(255,255,255,0.1); background-color: rgb(148, 163, 184); left: 14.285714285714285%; width: 7.142857142857142%;\"\u001b[39m\n                \u001b[36m/>\u001b[39m\n                \u001b[36m<div\u001b[39m\n                  \u001b[33mclass\u001b[39m=\u001b[32m\"absolute top-0 h-full transition-all duration-200 hover:opacity-90 cursor-pointer\"\u001b[39m\n                  \u001b[33mstyle\u001b[39m=\u001b...\n    at Object.getElementError (/Users/yundongsoftware/Documents/projects/dogfoodings/WorkFlowLogic/node_modules/.pnpm/@testing-library+dom@10.4.1/node_modules/@testing-library/dom/dist/config.js:37:19)\n    at /Users/yundongsoftware/Documents/projects/dogfoodings/WorkFlowLogic/node_modules/.pnpm/@testing-library+dom@10.4.1/node_modules/@testing-library/dom/dist/query-helpers.js:76:38\n    at /Users/yundongsoftware/Documents/projects/dogfoodings/WorkFlowLogic/node_modules/.pnpm/@testing-library+dom@10.4.1/node_modules/@testing-library/dom/dist/query-helpers.js:52:17\n    at getByText (/Users/yundongsoftware/Documents/projects/dogfoodings/WorkFlowLogic/node_modules/.pnpm/@testing-library+dom@10.4.1/node_modules/@testing-library/dom/dist/query-helpers.js:95:19)\n    at /Users/yundongsoftware/Documents/projects/dogfoodings/WorkFlowLogic/src/test/pages/Dashboard.test.tsx:27:19\n    at file:///Users/yundongsoftware/Documents/projects/dogfoodings/WorkFlowLogic/node_modules/.pnpm/@vitest+runner@4.1.7/node_modules/@vitest/runner/dist/chunk-artifact.js:302:11\n    at file:///Users/yundongsoftware/Documents/projects/dogfoodings/WorkFlowLogic/node_modules/.pnpm/@vitest+runner@4.1.7/node_modules/@vitest/runner/dist/chunk-artifact.js:1903:26\n    at file:///Users/yundongsoftware/Documents/projects/dogfoodings/WorkFlowLogic/node_modules/.pnpm/@vitest+runner@4.1.7/node_modules/@vitest/runner/dist/chunk-artifact.js:2326:20\n    at new Promise (<anonymous>)\n    at runWithCancel (file:///Users/yundongsoftware/Documents/projects/dogfoodings/WorkFlowLogic/node_modules/.pnpm/@vitest+runner@4.1.7/node_modules/@vitest/runner/dist/chunk-artifact.js:2323:10)"],"meta":{},"tags":[]},{"ancestorTitles":["Dashboard Page"],"fullName":"Dashboard Page should display time allocation section","status":"failed","title":"should display time allocation section","duration":106.16120800000044,"failureMessages":["TestingLibraryElementError: Unable to find an element with the text: /今日时间分配/. This could be because the
[...]
39m\n              \u001b[33my1\u001b[39m=\u001b[32m\"130\"\u001b[39m\n              \u001b[33my2\u001b[39m=\u001b[32m\"130\"\u001b[39m\n            \u001b[36m/>\u001b[39m\n            \u001b[36m<line\u001b[39m\n              \u001b[33mstroke\u001b[39m=\u001b[32m\"rgba(148, 163, 184, 0.08)\"\u001b[39m\n              \u001b[33mstroke-width\u001b[39m=\u001b[32m\"1\"\u001b[39m\n              \u001b[33mx1\u001b[39m=\u001b[32m\"48\"\u001b[39m\n              \u001b[33mx2\u001b[39m=\u001b[32m\"592\"\u001b[39m\n              \u001b[33my1\u001b[39m=\u001b[32m\"77\"\u001b[39m\n              \u001b[33my2\u001b[39m=\u001b[32m\"77\"\u001b[39m\n            \u001b[36m/>\u001b[39m\n            \u001b[36m<line\u001b[39m\n              \u001b[33mstroke\u001b[39m=\u001b[32m\"rgba(148, 163, 184, 0.08)\"\u001b[39m\n              \u001b[33mstroke-width\u001b[39m=\u001b[32m\"1\"\u001b[39m\n              \u001b[33mx1\u001b[39m=\u001b[32m\"48\"\u001b[39m\n              \u001b[33mx2\u001b[39m=\u001b[32m\"592\"\u001b[39m\n              \u001b[33my1\u001b[39m=\u001b[32m\"24\"\u001b[39m\n              \u001b[33my2\u001b[39m=\u001b[32m\"24\"\u001b[39m\n            \u001b[36m/>\u001b[39m\n            \u001b[36m<path\u001b[39m\n              \u001b[33md\u001b[39m=\u001b[32m\"M 48 100.32 L 66.75862068965517 134.24 L 85.51724137931035 140.6 L 104.27586206896552 153.32 L 123.03448275862068 119.39999999999999 L 141.79310344827587 140.6 L 160.55172413793105 132.12 L 179.31034482758622 81.24000000000001 L 198.06896551724137 110.92 L 216.82758620689657 155.44 L 235.58620689655174 142.72 L 254.3448275862069 60.04000000000002 L 273.1034482758621 110.92 L 291.8620689655172 64.28 L 310.62068965517244 119.39999999999999 L 329.3793103448276 130 L 348.13793103448273 174.52 L 366.8965517241379 166.04 L 385.65517241379314 68.51999999999998 L 404.41379310344826 127.88 L 423.1724137931035 130 L 441.9310344827586 62.16 L 460.6896551724138 79.12 L 479.44827586206895 130 L 498.2068965517241 132.12 L 516.9655172413793 100.32 L 535.7241379310344 123.64 L 554.4827586206897 130 L 573.2413793103449 62.16 L 592 121.52 L 592 236 L 48 236 Z\"\u001b[39m\n              \u001b[33mfill\u001b[39m=\u001b[32m\"url(#trendFillNew)\"\u001b[39m\n            \u001b[36m/>\u001b[39m\n            \u001b[36m<path\u001b[39m\n              \u001b[33md\u001b[39m=\u001b[32m\"M 48 100.32 L 66.75862068965517 134.24 L 85.51724137931035 140.6 L 104.27586206896552 153.32 L 123.03448275862068 119.39999999999999 L 141.79310344827587 140.6 L 160.55172413793105 132.12 L 179.31034482758622 81.24000000000001 L 198.06896551724137 110.92 L 216.82758620689657 155.44 L 235.58620689655174 142.72 L 254.3448275862069 60.04000000000002 L 273.1034482758621 110.92 L 291.8620689655172 64.28 L 310.62068965517244 119.39999999999999 L 329.3793103448276 130 L 348.13793103448273 174.52 L 366.8965517241379 166.04 L 385.65517241379314 68.51999999999998 L 404.41379310344826 127.88 L 423.1724137931035 130 L 441.9310344827586 62.16 L 460.6896551724138 79.12 L 479.44827586206895 130 L 498.2068965517241 132.12 L 516.9655172413793 100.32 L 535.7241379310344 123.64 L 554.4827586206897 130 L 573.2413793103449 62.16 L 592 121.52\"\u001b[39m\n              \u001b[33mfill\u001b[39m=\u001b[32m\"none\"\u001b[39m\n              \u001b[33mstroke\u001b[39m=\u001b[32m\"#6366f1\"\u001b[39m\n              \u001b[33mstroke-linecap\u001b[39m=\u001b[32m\"round\"\u001b[39m\n              \u001b[33mstroke-width\u001b[39m=\u001b[32m\"2.5\"\u001b[39m\n            \u001b[36m/>\u001b[39m\n            \u001b[36m<path\u001b[39m\n ...\n    at Object.getElementError (/Users/yundongsoftware/Documents/projects/dogfoodings/WorkFlowLogic/node_modules/.pnpm/@testing-library+dom@10.4.1/node_modules/@testing-library/dom/dist/config.js:37:19)\n    at getElementError (/Users/yundongsoftware/Documents/projects/dogfoodings/WorkFlowLogic/node_modules/.pnpm/@testing-library+dom@10.4.1/node_modules/@testing-library/dom/dist/query-helpers.js:20:35)\n    at getMultipleElementsFoundError (/Users/yundongsoftware/Documents/projects/dogfoodings/WorkFlowLogic/node_modules/.pnpm/@testing-library+dom@10.4.1/node_modules/@testing-library/dom/dist/query-helpers.js:23:10)\n    at /Users/yundongsoftware/Documents/projects/dogfoodings/WorkFlowLogic/node_modules/.pnpm/@testing-library+dom@10.4.1/node_modules/@testing-library/dom/dist/query-helpers.js:55:13\n    at getByText (/Users/yundongsoftware/Documents/projects/dogfoodings/WorkFlowLogic/node_modules/.pnpm/@testing-library+dom@10.4.1/node_modules/@testing-library/dom/dist/query-helpers.js:95:19)\n    at /Users/yundongsoftware/Documents/projects/dogfoodings/WorkFlowLogic/src/test/pages/EfficiencyAtlas.test.tsx:81:19\n    at file:///Users/yundongsoftware/Documents/projects/dogfoodings/WorkFlowLogic/node_modules/.pnpm/@vitest+runner@4.1.7/node_modules/@vitest/runner/dist/chunk-artifact.js:302:11\n    at file:///Users/yundongsoftware/Documents/projects/dogfoodings/WorkFlowLogic/node_modules/.pnpm/@vitest+runner@4.1.7/node_modules/@vitest/runner/dist/chunk-artifact.js:1903:26\n    at file:///Users/yundongsoftware/Documents/projects/dogfoodings/WorkFlowLogic/node_modules/.pnpm/@vitest+runner@4.1.7/node_modules/@vitest/runner/dist/chunk-artifact.js:2326:20\n    at new Promise (<anonymous>)"],"meta":{},"tags":[]}],"startTime":1780100037044,"endTime":1780100039005.2026,"status":"failed","message":"","name":"/Users/yundongsoftware/Documents/projects/dogfoodings/WorkFlowLogic/src/test/pages/EfficiencyAtlas.test.tsx"},{"assertionResults":[{"ancestorTitles":["TaskMatrix Page"],"fullName":"TaskMatrix Page should render without crashing","status":"passed","title":"should render without crashing","duration":707.5737079999999,"failureMessages":[],"meta":{},"tags":[]},{"ancestorTitles":["TaskMatrix Page"],"fullName":"TaskMatrix Page should display page description","status":"passed","title":"should display page description","duration":123.24241700000039,"failureMessages":[],"meta":{},"tags":[]},{"ancestorTitles":["TaskMatrix Page"],"fullName":"TaskMatrix Page should display add task button","status":"passed","title":"should display add task button","duration":30.94554100000005,"failureMessages":[],"meta":{},"tags":[]},{"ancestorTitles":["TaskMatrix Page"],"fullName":"TaskMatrix Page should show task form when add button is clicked","status":"passed","title":"should show task form when add button is clicked","duration":76.33637499999986,"failureMessages":[],"meta":{},"tags":[]},{"ancestorTitles":["TaskMatrix Page"],"fullName":"TaskMatrix Page should display priority matrix section","status":"passed","title":"should display priority matrix section","duration":124.4247919999998,"failureMessages":[],"meta":{},"tags":[]},{"ancestorTitles":["TaskMatrix Page"],"fullName":"TaskMatrix Page should display all four quadrants","status":"passed","title":"should display all four quadrants","duration":54.94916600000033,"failureMessages":[],"meta":{},"tags":[]},{"ancestorTitles":["TaskMatrix Page"],"fullName":"TaskMatrix Page should display system mapping section","status":"failed","title":"should display system mapping section","duration":358.7937089999996,"failureMessages":["TestingLibraryElementError: Found multiple elements with the text: /系统映射/\n\nHere are the matching elements:\n\nIgnored nodes: comments, script, style\n\u001b[36m<p\u001b[39m\n  \u001b[33mclass\u001b[39m=\u001b[32m\"text-sm text-slate-400 mt-1\"\u001b[39m\n\u001b[36m>\u001b[39m\n  \u001b[0m任务优先级与跨系统映射\u001b[0m\n\u001b[36m</p>\u001b[39m\n\nIgnored nodes: comments, script, style\n\u001b[36m<div\u001b[39m\n  \u001b[33mclass\u001b[39m=\u001b[32m\"text-sm font-semibold uppercase tracking-wider text-slate-400 mb-4\"\u001b[39m\n\u001b[36m>\u001b[39m\n  \u001b[0m系统映射\u001b[0m\n\u001b[36m</div>\u001b[39m\n\n(If this is intentional, then use the `*AllBy*` variant of the query (like `queryAllByText`, `getAllByText`, or `findAllByText`)).\n\nIgnored nodes: comments, script, style\n\u001b[36m<body>\u001b[39m\n  \u001b[36m<div>\u001b[39m\n    \u001b[36m<div\u001b[39m\n      \u001b[33mclass\u001b[39m=\u001b[32m\"space-y-6 max-w-6xl\"\u001b[39m\n    \u001b[36m>\u001b[39m\n      \u001b[36m<div\u001b[39m\n        \u001b[33mclass\u001b[39m=\u001b[32m\"flex items-center justify-between\"\u001b[39m\n      \u001b[36m>\u001b[39m\n        \u001b[36m<div>\u001b[39m\n          \u001b[36m<h1\u001b[39m\n            \u001b[33mclass\u001b[39m=\u001b[32m\"text-2xl font-bold tracking-tight text-slate-100\"\u001b[39m\n          \u001b[36m>\u001b[39m\n            \u001b[0m任务映射矩阵\u001b[0m\n          \u001b[36m</h1>\u001b[39m\n          \u001b[36m<p\u001b[39m\n            \u001b[33mclass\u001b[39m=\u001b[32m\"text-sm text-slate-400 mt-1\"\u001b[39m\n          \u001b[36m>\u001b[39m\n            \u001b[0m任务优先级与跨系统映射\u001b[0m\n          \u001b[36m</p>\u001b[39m\n        \u001b[36m</div>\u001b[39m\n        \u001b[36m<button\u001b[39m\n          \u001b[33mclass\u001b[39m=\u001b[32m\"px-4 py-2.5 rounded-xl text-sm bg-slate-700/50 text-slate-200 hover:bg-slate-600/50 border border-slate-600/30 transition-all\"\u001b[39m\n        \u001b[36m>\u001b[39m\n          \u001b[0m+ 添加任务\u001b[0m\n        \u001b[36m</button>\u001b[39m\n      \u001b[36m</div>\u001b[39m\n      \u001b[0m\u001b[0m\n      \u001b[36m<div\u001b[39m\n        \u001b[33mclass\u001b[39m=\u001b[32m\"card-base p-6\"\u001b[39m\n      \u001b[36m>\u001b[39m\n        \u001b[36m<div\u001b[39m\n          \u001b[33mclass\u001b[39m=\u001b[32m\"text-sm font-semibold uppercase tracking-wider text-slate-400 mb-5\"\u001b[39m\n        \u001b[36m>\u001b[39m\n          \u001b[0m优先级矩阵\u001b[0m\n        \u001b[36m</div>\u001b[39m\n        \u001b[36m<div\u001b[39m\n          \u001b[33mclass\u001b[39m=\u001b[32m\"grid grid-cols-1 md:grid-cols-2 gap-4\"\u001b[39m\n        \u001b[36m>\u001b[39m\n          \u001b[36m<div\u001b[39m\n            \u001b[33mclass\u001b[39m=\u001b[32m\"rounded-2xl p-5 min-h-[140px]\"\u001b[39m\n            \u001b[33mstyle\u001b[39m=\u001b[32m\"background: rgba(245, 158, 11, 0.08); border: 1px solid rgba(245, 158, 11, 0.133);\"\u001b[39m\n          \u001b[36m>\u001b[39m\n            \u001b[36m<div\u001b[39m\n              \u001b[33mclass\u001b[39m=\u001b[32m\"mb-3\"\u001b[39m\n            \u001b[36m>\u001b[39m\n              \u001b[36m<span\u001b[39m\n                \u001b[33mclass\u001b[39m=\u001b[32m\"text-sm font-semibold\"\u001b[39m\n                \u001b[33mstyle\u001b[39m=\u001b[32m\"color: rgb(245, 158, 11);\"\u001b[39m\n              \u001b[36m>\u001b[39m\n                \u001b[0m紧急且重要\u001b[0m\n              \u001b[36m</span>\u001b[39m\n              \u001b[36m<span\u001b[39m\n                \u001b[33mclass\u001b[39m=\u001b[32m\"block text-xs text-slate-500 mt-0.5\"\u001b[39m\n              \u001b[36m>\u001b[39m\n                \u001b[0m立即执行\u001b[0m\n              \u001b[36m</span>\u001b[39m\n            \u001b[36m</div>\u001b[39m\n            \u001b[36m<div\u001b[39m\n              \u001b[33mclass\u001b[39m=\u001b[32m\"space-y-2\"\u001b[39m\n            \u001b[36m>\u001b[39m\n              \u001b[36m<div\u001b[39m\n                \u001b[33mclass\u001b[39m=\u001b[32m\"flex items-center gap-2 px-3 py-2 rounded-lg bg-slate-800/40 text-xs\"\u001b[39m\n                \u001b[33mstyle\u001b[39m=\u001b[32m\"border-left: 2px solid rgb(245, 158, 11);\"\u001b[39m\n              \u001b[36m>\u001b[39m\n                \u001b[36m<span\u001b[39m\n                  \u001b[33mclass\u001b[39m=\u001b[32m\"text-slate-300 flex-1 truncate\"\u001b[39m\n                \u001b[36m>\u001b[39m\n                  \u001b[0m完成季度数据报告\u001b[0m\n                \u001b[36m</span>\u001b[39m\n                \u001b[36m<span\u001b[39m\n                  \u001b[33mclass\u001b[39m=\u001b[32m\"text-slate-500 font-mono\"\u001b[39m\n                  \u001b[33mstyle\u001b[39m=\u001b[32m\"font-size:11px\"\u001b[39m\n                \u001b[36m>\u001b[39m\n                  \u001b[0m120\u001b[0m\n                  \u001b[0mm\u001b[0m\n                \u001b[36m</span>\u001b[39m\n              \u001b[36m</div>\u001b[39m\n              \u001b[36m<div\u001b[39m\n                \u001b[33mclass\u001b[39m=\u001b[32m\"flex items-center gap-2 px-3 py-2 rounded-lg bg-slate-800/40 text-xs\"\u001b[39m\n                \u001b[33mstyle\u001b[39m=\u001b[32m\"border-left: 2px solid rgb(245, 158, 11);\"\u001b[39m\n              \u001b[36m>\u001b[39m\n                \u001b[36m<span\u001b[39m\n                  \u001b[33mclass\u001b[39m=\u001b[32m\"text-slate-300 flex-1 truncate\"\u001b[39m\n                \u001b[36m>\u001b[39m\n                  \u001b[0m回复客户邮件\u001b[0m\n                \u001b[36m</span>\u001b[39m\n                \u001b[36m<span\u001b[39m\n                  \u001b[33mclass\u001b[39m=\u001b[32m\"text-slate-500 font-mono\"\u001b[39m\n                  \u001b[33mstyle\u001b[39m=\u001b[32m\"font-size:11px\"\u001b[39m\n                \u001b[36m>\u001b[39m\n                  \u001b[0m20\u001b[0m\n                  \u001b[0mm\u001b[0m\n                \u001b[36m</span>\u001b[39m\n              \u001b[36m</div>\u001b[39m\n              \u001b[36m<div\u001b[39m\n                \u001b[33mclass\u001b[39m=\u001b[32m\"flex items-center gap-2 px-3 py-2 rounded-lg bg-slate-800/40 text-xs\"\u001b[39m\n                \u001b[33mstyle\u001b[39m=\u001b[32m\"border-left: 2px solid rgb(245, 158, 11);\"\u001b[39m\n              \u001b[36m>\u001b[39m\n                \u001b[36m<span\u001b[39m\n                  \u001b[33mclass\u001b[39m=\u001b[32m\"text-slate-300 flex-1 truncate\"\u001b[39m\n                \u001b[36m>\u001b[39m\n                  \u001b[0m代码审查 - 支付模块\u001b[0m\n                \u001b[36m</span>\u001b[39m\n                \u001b[36m<span\u001b[39m\n                  \u001b[33mclass\u001b[39m=\u001b[32m\"text-slate-500 font-mono\"\u001b[39m\n                  \u001b[33mstyle\u001b[39m=\u001b[32m\"font-size:11px\"\u001b[39m\n                \u001b[36m>\u001b[39m\n                  \u001b[0m60\u001b[0m\n                  \u001b[0mm\u001b[0m\n                \u001b[36m</span>\u001b[39m\n              \u001b[36m</div>\u001b[39m\n              \u001b[0m\u001b[0m\n            \u001b[36m</div>\u001b[39m\n          \u001b[36m</div>\u001b[39m\n          \u001b[36m<div\u001b[39m\n            \u001b[33mclass\u001b[39m=\u001b[32m\"rounded-2xl p-5 min-h-[140px]\"\u001b[39m\n            \u001b[33mstyle\u001b[39m=\u001b[32m\"background: rgba(99, 102, 241, 0.08); border: 1px solid rgba(99, 102, 241, 0.133);\"\u001b[39m\n          \u001b[36m>\u001b[39m\n            \u001b[36m<div\u001b[39m\n              \u001b[33mclass\u001b[39m=\u001b[32m\"mb-3\"\u001b[39m\n            \u001b[36m>\u001b[39m\n              \u001b[36m<span\u001b[39m\n                \u001b[33mclass\u001b[39m=\u001b[32m\"text-sm font-semibold\"\u001b[39m\n                \u001b[33mstyle\u001b[39m=\u001b[32m\"color: rgb(99, 102, 241);\"\u001b[39m\n              \u001b[36m>\u001b[39m\n                \u001b[0m重要不紧急\u001b[0m\n              \u001b[36m</span>\u001b[39m\n              \u001b[36m<span\u001b[39m\n                \u001b[33mclass\u001b[39m=\u001b[32m\"block text-xs text-slate-500 mt-0.5\"\u001b[39m\n              \u001b[36m>\u001b[39m\n                \u001b[0m计划执行\u001b[0m\n              \u001b[36m</span>\u001b[39m\n            \u001b[36m</div>\u001b[39m\n            \u001b[36m<div\u001b[39m\n              \u001b[33mclass\u001b[39m=\u001b[32m\"space-y-2\"\u001b[39m\n            \u001b[36m>\u001b[39m\n              \u001b[36m<div\u001b[39m\n                \u001b[33mclass\u001b[39m=\u001b[32m\"flex items-center gap-2 px-3 py-2 rounded-lg bg-slate-800/40 text-xs\"\u001b[39m\n                \u001b[33mstyle\u001b[39m=\u001b[32m\"border-left: 2px solid rgb(99, 102, 241);\"\u001b[39m\n              \u001b[36m>\u001b[39m\n                \u001b[36m<span\u001b[39m\n                  \u001b[33mclass\u001b[39m=\u001b[32m\"text-slate-300 flex-1 truncate\"\u001b[39m\n                \u001b[36m>\u001b[39m\n                  \u001b[0m健身计划 - 力量训练\u001b[0m\n                \u001b[36m</span>\u001b[39m\n                \u001b[36m<span\u001b[39m\n                  \u001b[33mclass\u001b[39m=\u001b[32m\"text-slate-500 font-mono\"\u001b[39m\n                  \u001b[33mstyle\u001b[39m=\u001b[32m\"font-size:11px\"\u001b[39m\n                \u001b[36m>\u001b[39m\n                  \u001b[0m60\u001b[0m\n                  \u001b[0mm\u001b[0m\n                \u001b[36m</span>\u001b[39m\n              \u001b[36m</div>\u001b[39m\n              \u001b[36m<div\u001b[39m\n                \u001b[33mclass\u001b[39m=\u001b[32m\"flex items-center gap-2 px-3 py-2 rounded-lg bg-slate-800/40 text-xs\"\u001b[39m\n                \u001b[33mstyle\u001b[39m=\u001b[32m\"border-left: 2px solid rgb(99, 102, 241);\"\u001b[39m\n              \u001b[36m>\u001b[39m\n                \u001b[36m<span\u001b[39m\n                  \u001b[33mclass\u001b[39m=\u001b[32m\"text-slate-300 flex-1 truncate\"\u001b[39m\n                \u001b[36m>\u001b[39m\n                  \u001b[0m阅读技术架构文档\u001b[0m\n                \u001b[36m</span>\u001b[39m\n                \u001b[36m<span\u001b[39m\n                  \u001b[33mclass\u001b[39m=\u001b[32m\"text-slate-500 font-mono\"\u001b[39m\n                  \u001b[33mstyle\u001b[39m=\u001b[32m\"font-size:11px\"\u001b[39m\n        ...\n    at Object.getElementError (/Users/yundongsoftware/Documents/projects/dogfoodings/WorkFlowLogic/node_modules/.pnpm/@testing-library+dom@10.4.1/node_modules/@testing-library/dom/dist/config.js:37:19)\n    at getElementError (/Users/yundongsoftware/Documents/projects/dogfoodings/WorkFlowLogic/node_modules/.pnpm/@testing-library+dom@10.4.1/node_modules/@testing-library/dom/dist/query-helpers.js:20:35)\n    at getMultipleElementsFoundError (/Users/yundongsoftware/Documents/projects/dogfoodings/WorkFlowLogic/node_modules/.pnpm/@testing-library+dom@10.4.1/node_modules/@testing-library/dom/dist/query-helpers.js:23:10)\n    at /Users/yundongsoftware/Documents/projects/dogfoodings/WorkFlowLogic/node_modules/.pnpm/@testing-library+dom@10.4.1/node_modules/@testing-library/dom/dist/query-helpers.js:55:13\n    at getByText (/Users/yundongsoftware/Documents/projects/dogfoodings/WorkFlowLogic/node_modules/.pnpm/@testing-library+dom@10.4.1/node_modules/@testing-library/dom/dist/query-helpers.js:95:19)\n    at /Users/yundongsoftware/Documents/projects/dogfoodings/WorkFlowLogic/src/test/pages/TaskMatrix.test.tsx:56:19\n    at file:///Users/yundongsoftware/Documents/projects/dogfoodings/WorkFlowLogic/node_modules/.pnpm/@vitest+runner@4.1.7/node_modules/@vitest/runner/dist/chunk-artifact.js:302:11\n    at file:///Users/yundongsoftware/Documents/projects/dogfoodings/WorkFlowLogic/node_modules/.pnpm/@vitest+runner@4.1.7/node_modules/@vitest/runner/dist/chunk-artifact.js:1903:26\n    at file:///Users/yundongsoftware/Documents/projects/dogfoodings/WorkFlowLogic/node_modules/.pnpm/@vitest+runner@4.1.7/node_modules/@vitest/runner/dist/chunk-artifact.js:2326:20\n    at new Promise (<anonymous>)"],"meta":{},"tags":[]},{"ancestorTitles":["TaskMatrix Page"],"fullName":"TaskMatrix Page should display weight adjustment section","status":"passed","title":"should display weight adjustment section","duration":106.85837500000162,"failureMessages":[],"meta":{},"tags":[]},{"ancestorTitles":["TaskMatrix Page"],"fullName":"TaskMatrix Page should display timing recommendations section","status":"passed","title":"should display timing recommendations section","duration":146.03262499999983,"failureMessages":[],"meta":{},"tags":[]},{"ancestorTitles":["TaskMatrix Page"],"fullName":"TaskMatrix Page should have proper layout with grid","status":"passed","title":"should have proper layout with grid","duration":52.78770799999984,"failureMessages":[],"meta":{},"tags":[]}],"startTime":1780100037078,"endTime":1780100038860.7876,"status":"failed","message":"","name":"/Users/yundongsoftware/Documents/projects/dogfoodings/WorkFlowLogic/src/test/pages/TaskMatrix.test.tsx"}]}