{"total": {"lines":{"total":783,"covered":432,"skipped":0,"pct":55.17},"statements":{"total":848,"covered":459,"skipped":0,"pct":54.12},"functions":{"total":172,"covered":91,"skipped":0,"pct":52.9},"branches":{"total":336,"covered":130,"skipped":0,"pct":38.69},"branchesTrue":{"total":0,"covered":0,"skipped":0,"pct":100}}
,"/Users/yundongsoftware/Documents/projects/dogfoodings/SignalLink/src/App.jsx": {"lines":{"total":47,"covered":0,"skipped":0,"pct":0},"functions":{"total":15,"covered":0,"skipped":0,"pct":0},"statements":{"total":48,"covered":0,"skipped":0,"pct":0},"branches":{"total":24,"covered":0,"skipped":0,"pct":0}}
,"/Users/yundongsoftware/Documents/projects/dogfoodings/SignalLink/src/components/ControlPanel.jsx": {"lines":{"total":6,"covered":0,"skipped":0,"pct":0},"functions":{"total":5,"covered":0,"skipped":0,"pct":0},"statements":{"total":6,"covered":0,"skipped":0,"pct":0},"branches":{"total":14,"covered":0,"skipped":0,"pct":0}}
,"/Users/yundongsoftware/Documents/projects/dogfoodings/SignalLink/src/components/LogViewer.jsx": {"lines":{"total":21,"covered":0,"skipped":0,"pct":0},"functions":{"total":7,"covered":0,"skipped":0,"pct":0},"statements":{"total":25,"covered":0,"skipped":0,"pct":0},"branches":{"total":28,"covered":0,"skipped":0,"pct":0}}
,"/Users/yundongsoftware/Documents/projects/dogfoodings/SignalLink/src/components/RoadNetworkCanvas.jsx": {"lines":{"total":76,"covered":0,"skipped":0,"pct":0},"functions":{"total":7,"covered":0,"skipped":0,"pct":0},"statements":{"total":82,"covered":0,"skipped":0,"pct":0},"branches":{"total":21,"covered":0,"skipped":0,"pct":0}}
,"/Users/yundongsoftware/Documents/projects/dogfoodings/SignalLink/src/components/StatsPanel.jsx": {"lines":{"total":3,"covered":0,"skipped":0,"pct":0},"functions":{"total":2,"covered":0,"skipped":0,"pct":0},"statements":{"total":3,"covered":0,"skipped":0,"pct":0},"branches":{"total":8,"covered":0,"skipped":0,"pct":0}}
,"/Users/yundongsoftware/Documents/projects/dogfoodings/SignalLink/src/coordination/greenWave.js": {"lines":{"total":109,"covered":89,"skipped":0,"pct":81.65},"functions":{"total":31,"covered":27,"skipped":0,"pct":87.09},"statements":{"total":116,"covered":93,"skipped":0,"pct":80.17},"branches":{"total":47,"covered":25,"skipped":0,"pct":53.19}}
,"/Users/yundongsoftware/Documents/projects/dogfoodings/SignalLink/src/hooks/useDeviceSync.js": {"lines":{"total":20,"covered":20,"skipped":0,"pct":100},"functions":{"total":4,"covered":4,"skipped":0,"pct":100},"statements":{"total":20,"covered":20,"skipped":0,"pct":100},"branches":{"total":2,"covered":2,"skipped":0,"pct":100}}
,"/Users/yundongsoftware/Documents/projects/dogfoodings/SignalLink/src/hooks/useGreenWaveCoordination.js": {"lines":{"total":58,"covered":4,"skipped":0,"pct":6.89},"functions":{"total":13,"covered":0,"skipped":0,"pct":0},"statements":{"total":62,"covered":4,"skipped":0,"pct":6.45},"branches":{"total":17,"covered":0,"skipped":0,"pct":0}}
,"/Users/yundongsoftware/Documents/projects/dogfoodings/SignalLink/src/hooks/useSimulation.js": {"lines":{"total":112,"covered":4,"skipped":0,"pct":3.57},"functions":{"total":17,"covered":0,"skipped":0,"pct":0},"statements":{"total":121,"covered":4,"skipped":0,"pct":3.3},"branches":{"total":48,"covered":0,"skipped":0,"pct":0}}
,"/Users/yundongsoftware/Documents/projects/dogfoodings/SignalLink/src/services/database.js": {"lines":{"total":113,"covered":113,"skipped":0,"pct":100},"functions":{"total":50,"covered":39,"skipped":0,"pct":78},"statements":{"total":134,"covered":123,"skipped":0,"pct":91.79},"branches":{"total":17,"covered":12,"skipped":0,"pct":70.58}}
,"/Users/yundongsoftware/Documents/projects/dogfoodings/SignalLink/src/simulation/cellAutomata.js": {"lines":{"total":214,"covered":198,"skipped":0,"pct":92.52},"functions":{"total":21,"covered":21,"skipped":0,"pct":100},"statements":{"total":227,"covered":211,"skipped":0,"pct":92.95},"branches":{"total":110,"covered":91,"skipped":0,"pct":82.72}}
,"/Users/yundongsoftware/Documents/projects/dogfoodings/SignalLink/src/types/index.js": {"lines":{"total":4,"covered":4,"skipped":0,"pct":100},"functions":{"total":0,"covered":0,"skipped":0,"pct":100},"statements":{"total":4,"covered":4,"skipped":0,"pct":100},"branches":{"total":0,"covered":0,"skipped":0,"pct":100}}
}
