{"numTotalTestSuites":7,"numPassedTestSuites":7,"numFailedTestSuites":0,"numPendingTestSuites":0,"numTotalTests":36,"numPassedTests":36,"numFailedTests":0,"numPendingTests":0,"numTodoTests":0,"snapshot":{"added":0,"failure":false,"filesAdded":0,"filesRemoved":0,"filesRemovedList":[],"filesUnmatched":0,"filesUpdated":0,"matched":0,"total":0,"unchecked":0,"uncheckedKeysByFile":[],"unmatched":0,"updated":0,"didUpdate":false},"startTime":1779221577833,"success":true,"testResults":[{"assertionResults":[{"ancestorTitles":["语义同步引擎测试"],"fullName":"语义同步引擎测试 UUID 生成器应生成唯一标识符","status":"passed","title":"UUID 生成器应生成唯一标识符","duration":1.2817909999999983,"failureMessages":[],"location":{"line":15,"column":3},"meta":{},"tags":[]},{"ancestorTitles":["语义同步引擎测试"],"fullName":"语义同步引擎测试 应正确处理 DCS 氧含量数据","status":"passed","title":"应正确处理 DCS 氧含量数据","duration":0.25820899999996527,"failureMessages":[],"location":{"line":22,"column":3},"meta":{},"tags":[]},{"ancestorTitles":["语义同步引擎测试"],"fullName":"语义同步引擎测试 应正确处理 FSSS 氧含量数据","status":"passed","title":"应正确处理 FSSS 氧含量数据","duration":0.09691699999996217,"failureMessages":[],"location":{"line":37,"column":3},"meta":{},"tags":[]},{"ancestorTitles":["语义同步引擎测试"],"fullName":"语义同步引擎测试 应记录所有同步状态","status":"passed","title":"应记录所有同步状态","duration":0.23670900000001893,"failureMessages":[],"location":{"line":51,"column":3},"meta":{},"tags":[]},{"ancestorTitles":["语义同步引擎测试"],"fullName":"语义同步引擎测试 数据质量差的应保留原始质量信息","status":"passed","title":"数据质量差的应保留原始质量信息","duration":0.14445800000009967,"failureMessages":[],"location":{"line":66,"column":3},"meta":{},"tags":[]},{"ancestorTitles":["MPC 模型预测控制测试"],"fullName":"MPC 模型预测控制测试 应使用默认配置初始化","status":"passed","title":"应使用默认配置初始化","duration":0.1335829999999305,"failureMessages":[],"location":{"line":86,"column":3},"meta":{},"tags":[]},{"ancestorTitles":["MPC 模型预测控制测试"],"fullName":"MPC 模型预测控制测试 应更新配置","status":"passed","title":"应更新配置","duration":0.08875000000000455,"failureMessages":[],"location":{"line":92,"column":3},"meta":{},"tags":[]},{"ancestorTitles":["MPC 模型预测控制测试"],"fullName":"MPC 模型预测控制测试 应添加历史数据","status":"passed","title":"应添加历史数据","duration":0.0847079999999778,"failureMessages":[],"location":{"line":98,"column":3},"meta":{},"tags":[]},{"ancestorTitles":["MPC 模型预测控制测试"],"fullName":"MPC 模型预测控制测试 应生成预测结果","status":"passed","title":"应生成预测结果","duration":0.8059170000000222,"failureMessages":[],"location":{"line":127,"column":3},"meta":{},"tags":[]},{"ancestorTitles":["MPC 模型预测控制测试"],"fullName":"MPC 模型预测控制测试 优化参数应在约束范围内","status":"passed","title":"优化参数应在约束范围内","duration":0.42316600000003746,"failureMessages":[],"location":{"line":173,"column":3},"meta":{},"tags":[]},{"ancestorTitles":["异常检测引擎测试"],"fullName":"异常检测引擎测试 应使用默认阈值初始化","status":"passed","title":"应使用默认阈值初始化","duration":0.11199999999996635,"failureMessages":[],"location":{"line":222,"column":3},"meta":{},"tags":[]},{"ancestorTitles":["异常检测引擎测试"],"fullName":"异常检测引擎测试 应更新阈值","status":"passed","title":"应更新阈值","duration":0.044499999999970896,"failureMessages":[],"location":{"line":226,"column":3},"meta":{},"tags":[]},{"ancestorTitles":["异常检测引擎测试"],"fullName":"异常检测引擎测试 应检测氧含量过低","status":"passed","title":"应检测氧含量过低","duration":0.13429199999995944,"failureMessages":[],"location":{"line":231,"column":3},"meta":{},"tags":[]},{"ancestorTitles":["异常检测引擎测试"],"fullName":"异常检测引擎测试 应检测氧含量过高","status":"passed","title":"应检测氧含量过高","duration":0.060875000000010004,"failureMessages":[],"location":{"line":246,"column":3},"meta":{},"tags":[]},{"ancestorTitles":["异常检测引擎测试"],"fullName":"异常检测引擎测试 正常值不应触发异常","status":"passed","title":"正常值不应触发异常","duration":0.04270900000005895,"failureMessages":[],"location":{"line":261,"column":3},"meta":{},"tags":[]},{"ancestorTitles":["异常检测引擎测试"],"fullName":"异常检测引擎测试 应检测氧含量快速变化","status":"passed","title":"应检测氧含量快速变化","duration":0.08920799999998508,"failureMessages":[],"location":{"line":274,"column":3},"meta":{},"tags":[]},{"ancestorTitles":["异常检测引擎测试"],"fullName":"异常检测引擎测试 应检测效率过低","status":"passed","title":"应检测效率过低","duration":0.059750000000008185,"failureMessages":[],"location":{"line":298,"column":3},"meta":{},"tags":[]},{"ancestorTitles":["异常检测引擎测试"],"fullName":"异常检测引擎测试 应检测风机转速偏差","status":"passed","title":"应检测风机转速偏差","duration":0.05945900000006077,"failureMessages":[],"location":{"line":312,"column":3},"meta":{},"tags":[]},{"ancestorTitles":["异常检测引擎测试"],"fullName":"异常检测引擎测试 应创建波形快照","status":"passed","title":"应创建波形快照","duration":0.268416000000002,"failureMessages":[],"location":{"line":326,"column":3},"meta":{},"tags":[]},{"ancestorTitles":["异常检测引擎测试"],"fullName":"异常检测引擎测试 应通知异常监听器","status":"passed","title":"应通知异常监听器","duration":0.11675000000002456,"failureMessages":[],"location":{"line":366,"column":3},"meta":{},"tags":[]},{"ancestorTitles":["IndexedDB 数据存储测试"],"fullName":"IndexedDB 数据存储测试 应成功打开数据库连接","status":"passed","title":"应成功打开数据库连接","duration":0.5104589999999689,"failureMessages":[],"location":{"line":412,"column":3},"meta":{},"tags":[]},{"ancestorTitles":["IndexedDB 数据存储测试"],"fullName":"IndexedDB 数据存储测试 应保存和检索波形快照","status":"passed","title":"应保存和检索波形快照","duration":0.08912499999996726,"failureMessages":[],"location":{"line":422,"column":3},"meta":{},"tags":[]},{"ancestorTitles":["IndexedDB 数据存储测试"],"fullName":"IndexedDB 数据存储测试 应删除波形快照","status":"passed","title":"应删除波形快照","duration":0.14291700000001129,"failureMessages":[],"location":{"line":456,"column":3},"meta":{},"tags":[]},{"ancestorTitles":["IndexedDB 数据存储测试"],"fullName":"IndexedDB 数据存储测试 应清空所有数据","status":"passed","title":"应清空所有数据","duration":0.06816700000001674,"failureMessages":[],"location":{"line":481,"column":3},"meta":{},"tags":[]},{"ancestorTitles":["数据模拟器测试"],"fullName":"数据模拟器测试 应生成 DCS 氧含量数据","status":"passed","title":"应生成 DCS 氧含量数据","duration":0.0950830000000451,"failureMessages":[],"location":{"line":513,"column":3},"meta":{},"tags":[]},{"ancestorTitles":["数据模拟器测试"],"fullName":"数据模拟器测试 应生成 FSSS 氧含量数据","status":"passed","title":"应生成 FSSS 氧含量数据","duration":0.04158299999994597,"failureMessages":[],"location":{"line":520,"column":3},"meta":{},"tags":[]},{"ancestorTitles":["数据模拟器测试"],"fullName":"数据模拟器测试 应生成效率数据","status":"passed","title":"应生成效率数据","duration":0.0715420000000222,"failureMessages":[],"location":{"line":526,"column":3},"meta":{},"tags":[]},{"ancestorTitles":["数据模拟器测试"],"fullName":"数据模拟器测试 应生成风机控制数据","status":"passed","title":"应生成风机控制数据","duration":0.07187499999997726,"failureMessages":[],"location":{"line":533,"column":3},"meta":{},"tags":[]},{"ancestorTitles":["数据模拟器测试"],"fullName":"数据模拟器测试 应触发异常","status":"passed","title":"应触发异常","duration":0.04224999999996726,"failureMessages":[],"location":{"line":541,"column":3},"meta":{},"tags":[]},{"ancestorTitles":["数据模拟器测试"],"fullName":"数据模拟器测试 应设置风机控制","status":"passed","title":"应设置风机控制","duration":0.07187499999997726,"failureMessages":[],"location":{"line":554,"column":3},"meta":{},"tags":[]},{"ancestorTitles":["数据模拟器测试"],"fullName":"数据模拟器测试 应设置氧含量设定值","status":"passed","title":"应设置氧含量设定值","duration":0.03566699999998946,"failureMessages":[],"location":{"line":561,"column":3},"meta":{},"tags":[]},{"ancestorTitles":["核心业务场景集成测试"],"fullName":"核心业务场景集成测试 场景1: 实时数据采集与语义同步流程","status":"passed","title":"场景1: 实时数据采集与语义同步流程","duration":0.704166999999984,"failureMessages":[],"location":{"line":576,"column":3},"meta":{},"tags":[]},{"ancestorTitles":["核心业务场景集成测试"],"fullName":"核心业务场景集成测试 场景2: MPC 预测控制优化流程","status":"passed","title":"场景2: MPC 预测控制优化流程","duration":0.324416000000042,"failureMessages":[],"location":{"line":598,"column":3},"meta":{},"tags":[]},{"ancestorTitles":["核心业务场景集成测试"],"fullName":"核心业务场景集成测试 场景3: 异常捕获与波形快照存储","status":"passed","title":"场景3: 异常捕获与波形快照存储","duration":0.23891600000001745,"failureMessages":[],"location":{"line":621,"column":3},"meta":{},"tags":[]},{"ancestorTitles":["核心业务场景集成测试"],"fullName":"核心业务场景集成测试 场景4: 手动/自动控制切换","status":"passed","title":"场景4: 手动/自动控制切换","duration":0.6097919999999704,"failureMessages":[],"location":{"line":676,"column":3},"meta":{},"tags":[]},{"ancestorTitles":["核心业务场景集成测试"],"fullName":"核心业务场景集成测试 场景5: 数据清空与重置","status":"passed","title":"场景5: 数据清空与重置","duration":0.22062500000004093,"failureMessages":[],"location":{"line":702,"column":3},"meta":{},"tags":[]}],"startTime":1779221578494,"endTime":1779221578502.2207,"status":"passed","message":"","name":"/Users/yundongsoftware/Documents/projects/dogfoodings/BoilerPulse/tests/integration.test.ts"}]}