{"/Users/yundongsoftware/Documents/projects/dogfoodings/OzoneNexus/src/app/layout.tsx": {"path":"/Users/yundongsoftware/Documents/projects/dogfoodings/OzoneNexus/src/app/layout.tsx","statementMap":{"0":{"start":{"line":12,"column":24},"end":{"line":12,"column":35}},"1":{"start":{"line":7,"column":13},"end":{"line":7,"column":21}},"2":{"start":{"line":2,"column":22},"end":{"line":2,"column":null}},"3":{"start":{"line":3,"column":7},"end":{"line":3,"column":null}},"4":{"start":{"line":5,"column":14},"end":{"line":5,"column":null}},"5":{"start":{"line":7,"column":34},"end":{"line":10,"column":null}}},"fnMap":{"0":{"name":"RootLayout","decl":{"start":{"line":12,"column":24},"end":{"line":12,"column":35}},"loc":{"start":{"line":16,"column":1},"end":{"line":22,"column":1}}}},"branchMap":{},"s":{"0":0,"1":0,"2":0,"3":0,"4":0,"5":0},"f":{"0":0},"b":{}}
,"/Users/yundongsoftware/Documents/projects/dogfoodings/OzoneNexus/src/app/page.tsx": {"path":"/Users/yundongsoftware/Documents/projects/dogfoodings/OzoneNexus/src/app/page.tsx","statementMap":{"0":{"start":{"line":13,"column":24},"end":{"line":13,"column":null}},"1":{"start":{"line":3,"column":36},"end":{"line":3,"column":null}},"2":{"start":{"line":4,"column":27},"end":{"line":4,"column":null}},"3":{"start":{"line":5,"column":37},"end":{"line":5,"column":null}},"4":{"start":{"line":6,"column":27},"end":{"line":6,"column":null}},"5":{"start":{"line":7,"column":33},"end":{"line":7,"column":null}},"6":{"start":{"line":8,"column":43},"end":{"line":8,"column":null}},"7":{"start":{"line":9,"column":30},"end":{"line":9,"column":null}},"8":{"start":{"line":11,"column":23},"end":{"line":11,"column":null}},"9":{"start":{"line":14,"column":36},"end":{"line":14,"column":null}},"10":{"start":{"line":15,"column":32},"end":{"line":15,"column":null}},"11":{"start":{"line":16,"column":46},"end":{"line":16,"column":null}},"12":{"start":{"line":17,"column":40},"end":{"line":17,"column":null}},"13":{"start":{"line":18,"column":38},"end":{"line":18,"column":null}},"14":{"start":{"line":19,"column":44},"end":{"line":19,"column":null}},"15":{"start":{"line":20,"column":36},"end":{"line":20,"column":null}},"16":{"start":{"line":22,"column":2},"end":{"line":56,"column":null}},"17":{"start":{"line":23,"column":27},"end":{"line":53,"column":null}},"18":{"start":{"line":24,"column":6},"end":{"line":24,"column":null}},"19":{"start":{"line":26,"column":6},"end":{"line":26,"column":null}},"20":{"start":{"line":28,"column":30},"end":{"line":28,"column":null}},"21":{"start":{"line":29,"column":30},"end":{"line":29,"column":null}},"22":{"start":{"line":30,"column":25},"end":{"line":30,"column":null}},"23":{"start":{"line":32,"column":6},"end":{"line":36,"column":null}},"24":{"start":{"line":38,"column":31},"end":{"line":38,"column":null}},"25":{"start":{"line":39,"column":6},"end":{"line":39,"column":null}},"26":{"start":{"line":41,"column":31},"end":{"line":41,"column":null}},"27":{"start":{"line":42,"column":26},"end":{"line":42,"column":null}},"28":{"start":{"line":44,"column":32},"end":{"line":44,"column":null}},"29":{"start":{"line":45,"column":21},"end":{"line":45,"column":null}},"30":{"start":{"line":47,"column":6},"end":{"line":47,"column":null}},"31":{"start":{"line":48,"column":6},"end":{"line":48,"column":null}},"32":{"start":{"line":49,"column":6},"end":{"line":49,"column":null}},"33":{"start":{"line":50,"column":6},"end":{"line":50,"column":null}},"34":{"start":{"line":51,"column":6},"end":{"line":51,"column":null}},"35":{"start":{"line":52,"column":6},"end":{"line":52,"column":null}},"36":{"start":{"line":55,"column":4},"end":{"line":55,"column":null}},"37":{"start":{"line":58,"column":31},"end":{"line":60,"column":null}},"38":{"start":{"line":59,"column":4},"end":{"line":59,"column":null}},"39":{"start":{"line":62,"column":23},"end":{"line":87,"column":null}},"40":{"start":{"line":63,"column":4},"end":{"line":63,"column":null}},"41":{"start":{"line":63,"column":21},"end":{"line":63,"column":null}},"42":{"start":{"line":65,"column":4},"end":{"line":65,"column":null}},"43":{"start":{"line":67,"column":4},"end":{"line":86,"column":null}},"44":{"start":{"line":68,"column":27},"end":{"line":68,"column":null}},"45":{"start":{"line":69,"column":29},"end":{"line":69,"column":null}},"46":{"start":{"line":71,"column":6},"end":{"line":75,"column":null}},"47":{"start":{"line":77,"column":24},"end":{"line":77,"column":null}},"48":{"start":{"line":78,"column":25},"end":{"line":81,"column":null}},"49":{"start":{"line":83,"column":6},"end":{"line":83,"column":null}},"50":{"start":{"line":83,"column":29},"end":{"line":83,"column":null}},"51":{"start":{"line":84,"column":6},"end":{"line":84,"column":null}},"52":{"start":{"line":85,"column":6},"end":{"line":85,"column":null}},"53":{"start":{"line":89,"column":2},"end":{"line":99,"column":null}},"54":{"start":{"line":241,"column":31},"end":{"line":241,"column":null}}},"fnMap":{"0":{"name":"Home","decl":{"start":{"line":13,"column":24},"end":{"line":13,"column":null}},"loc":{"start":{"line":13,"column":24},"end":{"line":330,"column":null}}},"1":{"name":"(anonymous_2)","decl":{"start":{"line":22,"column":12},"end":{"line":22,"column":null}},"loc":{"start":{"line":22,"column":12},"end":{"line":56,"column":5}}},"2":{"name":"(anonymous_3)","decl":{"start":{"line":23,"column":27},"end":{"line":23,"column":null}},"loc":{"start":{"line":23,"column":27},"end":{"line":53,"column":null}}},"3":{"name":"(anonymous_4)","decl":{"start":{"line":58,"column":31},"end":{"line":58,"column":32}},"loc":{"start":{"line":58,"column":32},"end":{"line":60,"column":null}}},"4":{"name":"(anonymous_5)","decl":{"start":{"line":62,"column":23},"end":{"line":62,"column":null}},"loc":{"start":{"line":62,"column":23},"end":{"line":87,"column":null}}},"5":{"name":"(anonymous_6)","decl":{"start":{"line":67,"column":15},"end":{"line":67,"column":null}},"loc":{"start":{"line":67,"column":15},"end":{"line":86,"column":7}}},"6":{"name":"(anonymous_7)","decl":{"start":{"line":83,"column":19},"end":{"line":83,"column":20}},"loc":{"start":{"line":83,"column":29},"end":{"line":83,"column":null}}},"7":{"name":"(anonymous_8)","decl":{"start":{"line":241,"column":25},"end":{"line":241,"column":31}},"loc":{"start":{"line":241,"column":31},"end":{"line":241,"column":null}}}},"branchMap":{"0":{"loc":{"start":{"line":63,"column":4},"end":{"line":63,"column":null}},"type":"if","locations":[{"start":{"line":63,"column":4},"end":{"line":63,"column":null}},{"start":{},"end":{}}]},"1":{"loc":{"start":{"line":89,"column":2},"end":{"line":99,"column":null}},"type":"if","locations":[{"start":{"line":89,"column":2},"end":{"line":99,"column":null}},{"start":{},"end":{}}]},"2":{"loc":{"start":{"line":121,"column":17},"end":{"line":121,"column":null}},"type":"cond-expr","locations":[{"start":{"line":121,"column":30},"end":{"line":121,"column":77}},{"start":{"line":121,"column":77},"end":{"line":121,"column":null}}]},"3":{"loc":{"start":{"line":130,"column":16},"end":{"line":135,"column":null}},"type":"cond-expr","locations":[{"start":{"line":130,"column":16},"end":{"line":135,"column":null}}]},"4":{"loc":{"start":{"line":151,"column":19},"end":{"line":151,"column":null}},"type":"binary-expr","locations":[{"start":{"line":151,"column":19},"end":{"line":151,"column":56}},{"start":{"line":151,"column":56},"end":{"line":151,"column":null}}]},"5":{"loc":{"start":{"line":163,"column":19},"end":{"line":163,"column":null}},"type":"binary-expr","locations":[{"start":{"line":163,"column":19},"end":{"line":163,"column":59}},{"start":{"line":163,"column":59},"end":{"line":163,"column":null}}]},"6":{"loc":{"start":{"line":175,"column":19},"end":{"line":175,"column":null}},"type":"binary-expr","locations":[{"start":{"line":175,"column":19},"end":{"line":175,"column":55}},{"start":{"line":175,"column":55},"end":{"line":175,"column":null}}]},"7":{"loc":{"start":{"line":187,"column":19},"end":{"line":187,"column":null}},"type":"binary-expr","locations":[{"start":{"line":187,"column":19},"end":{"line":187,"column":56}},{"start":{"line":187,"column":56},"end":{"line":187,"column":null}}]},"8":{"loc":{"start":{"line":236,"column":9},"end":{"line":236,"column":null}},"type":"binary-expr","locations":[{"start":{"line":236,"column":9},"end":{"line":236,"column":null}}]},"9":{"loc":{"start":{"line":286,"column":48},"end":{"line":286,"column":109}},"type":"cond-expr","locations":[{"start":{"line":286,"column":72},"end":{"line":286,"column":92}},{"start":{"line":286,"column":92},"end":{"line":286,"column":109}}]},"10":{"loc":{"start":{"line":287,"column":19},"end":{"line":287,"column":null}},"type":"cond-expr","locations":[{"start":{"line":287,"column":43},"end":{"line":287,"column":55}},{"start":{"line":287,"column":55},"end":{"line":287,"column":null}}]}},"s":{"0":31,"1":1,"2":1,"3":1,"4":1,"5":1,"6":1,"7":1,"8":1,"9":65,"10":64,"11":64,"12":64,"13":64,"14":64,"15":64,"16":64,"17":31,"18":31,"19":31,"20":31,"21":31,"22":31,"23":31,"24":31,"25":31,"26":31,"27":31,"28":31,"29":31,"30":31,"31":31,"32":31,"33":31,"34":31,"35":31,"36":31,"37":64,"38":3,"39":64,"40":0,"41":0,"42":0,"43":0,"44":0,"45":0,"46":0,"47":0,"48":0,"49":0,"50":0,"51":0,"52":0,"53":64,"54":0},"f":{"0":65,"1":31,"2":31,"3":3,"4":0,"5":0,"6":0,"7":0},"b":{"0":[0,0],"1":[31,33],"2":[33,0],"3":[0],"4":[33,0],"5":[33,0],"6":[33,0],"7":[33,0],"8":[33],"9":[0,33],"10":[0,33]}}
,"/Users/yundongsoftware/Documents/projects/dogfoodings/OzoneNexus/src/components/charts/OzonePredictionChart.tsx": {"path":"/Users/yundongsoftware/Documents/projects/dogfoodings/OzoneNexus/src/components/charts/OzonePredictionChart.tsx","statementMap":{"0":{"start":{"line":12,"column":16},"end":{"line":12,"column":37}},"1":{"start":{"line":3,"column":116},"end":{"line":3,"column":null}},"2":{"start":{"line":4,"column":23},"end":{"line":4,"column":null}},"3":{"start":{"line":16,"column":20},"end":{"line":33,"column":null}},"4":{"start":{"line":17,"column":34},"end":{"line":24,"column":null}},"5":{"start":{"line":25,"column":31},"end":{"line":32,"column":null}}},"fnMap":{"0":{"name":"OzonePredictionChart","decl":{"start":{"line":12,"column":16},"end":{"line":12,"column":37}},"loc":{"start":{"line":15,"column":28},"end":{"line":110,"column":null}}},"1":{"name":"(anonymous_2)","decl":{"start":{"line":17,"column":26},"end":{"line":17,"column":27}},"loc":{"start":{"line":17,"column":34},"end":{"line":24,"column":null}}},"2":{"name":"(anonymous_3)","decl":{"start":{"line":25,"column":23},"end":{"line":25,"column":24}},"loc":{"start":{"line":25,"column":31},"end":{"line":32,"column":null}}}},"branchMap":{},"s":{"0":0,"1":0,"2":0,"3":0,"4":0,"5":0},"f":{"0":0,"1":0,"2":0},"b":{}}
,"/Users/yundongsoftware/Documents/projects/dogfoodings/OzoneNexus/src/components/globe/OzoneGlobe.tsx": {"path":"/Users/yundongsoftware/Documents/projects/dogfoodings/OzoneNexus/src/components/globe/OzoneGlobe.tsx","statementMap":{"0":{"start":{"line":14,"column":16},"end":{"line":14,"column":27}},"1":{"start":{"line":3,"column":44},"end":{"line":3,"column":null}},"2":{"start":{"line":4,"column":23},"end":{"line":4,"column":null}},"3":{"start":{"line":20,"column":23},"end":{"line":20,"column":null}},"4":{"start":{"line":21,"column":19},"end":{"line":21,"column":null}},"5":{"start":{"line":22,"column":20},"end":{"line":22,"column":null}},"6":{"start":{"line":23,"column":22},"end":{"line":23,"column":null}},"7":{"start":{"line":24,"column":24},"end":{"line":24,"column":null}},"8":{"start":{"line":25,"column":27},"end":{"line":25,"column":null}},"9":{"start":{"line":26,"column":30},"end":{"line":26,"column":null}},"10":{"start":{"line":27,"column":34},"end":{"line":27,"column":null}},"11":{"start":{"line":29,"column":27},"end":{"line":38,"column":null}},"12":{"start":{"line":30,"column":16},"end":{"line":30,"column":null}},"13":{"start":{"line":31,"column":18},"end":{"line":31,"column":null}},"14":{"start":{"line":33,"column":14},"end":{"line":33,"column":null}},"15":{"start":{"line":34,"column":14},"end":{"line":34,"column":null}},"16":{"start":{"line":35,"column":14},"end":{"line":35,"column":null}},"17":{"start":{"line":37,"column":4},"end":{"line":37,"column":null}},"18":{"start":{"line":40,"column":24},"end":{"line":62,"column":null}},"19":{"start":{"line":41,"column":23},"end":{"line":41,"column":null}},"20":{"start":{"line":43,"column":4},"end":{"line":61,"column":null}},"21":{"start":{"line":44,"column":6},"end":{"line":47,"column":null}},"22":{"start":{"line":49,"column":11},"end":{"line":61,"column":null}},"23":{"start":{"line":50,"column":6},"end":{"line":53,"column":null}},"24":{"start":{"line":56,"column":6},"end":{"line":59,"column":null}},"25":{"start":{"line":64,"column":2},"end":{"line":180,"column":null}},"26":{"start":{"line":65,"column":4},"end":{"line":65,"column":null}},"27":{"start":{"line":65,"column":31},"end":{"line":65,"column":null}},"28":{"start":{"line":67,"column":18},"end":{"line":67,"column":null}},"29":{"start":{"line":68,"column":4},"end":{"line":68,"column":null}},"30":{"start":{"line":69,"column":4},"end":{"line":69,"column":null}},"31":{"start":{"line":71,"column":19},"end":{"line":71,"column":null}},"32":{"start":{"line":72,"column":4},"end":{"line":72,"column":null}},"33":{"start":{"line":73,"column":4},"end":{"line":73,"column":null}},"34":{"start":{"line":75,"column":21},"end":{"line":75,"column":null}},"35":{"start":{"line":76,"column":4},"end":{"line":76,"column":null}},"36":{"start":{"line":77,"column":4},"end":{"line":77,"column":null}},"37":{"start":{"line":78,"column":4},"end":{"line":78,"column":null}},"38":{"start":{"line":79,"column":4},"end":{"line":79,"column":null}},"39":{"start":{"line":81,"column":25},"end":{"line":81,"column":null}},"40":{"start":{"line":82,"column":4},"end":{"line":82,"column":null}},"41":{"start":{"line":84,"column":29},"end":{"line":84,"column":null}},"42":{"start":{"line":85,"column":4},"end":{"line":85,"column":null}},"43":{"start":{"line":86,"column":4},"end":{"line":86,"column":null}},"44":{"start":{"line":88,"column":23},"end":{"line":88,"column":null}},"45":{"start":{"line":89,"column":4},"end":{"line":89,"column":null}},"46":{"start":{"line":90,"column":4},"end":{"line":90,"column":null}},"47":{"start":{"line":92,"column":26},"end":{"line":92,"column":null}},"48":{"start":{"line":93,"column":26},"end":{"line":98,"column":null}},"49":{"start":{"line":99,"column":18},"end":{"line":99,"column":null}},"50":{"start":{"line":100,"column":4},"end":{"line":100,"column":null}},"51":{"start":{"line":102,"column":30},"end":{"line":102,"column":null}},"52":{"start":{"line":103,"column":30},"end":{"line":108,"column":null}},"53":{"start":{"line":109,"column":22},"end":{"line":109,"column":null}},"54":{"start":{"line":110,"column":4},"end":{"line":110,"column":null}},"55":{"start":{"line":112,"column":26},"end":{"line":112,"column":null}},"56":{"start":{"line":113,"column":26},"end":{"line":118,"column":null}},"57":{"start":{"line":119,"column":23},"end":{"line":119,"column":null}},"58":{"start":{"line":120,"column":4},"end":{"line":120,"column":null}},"59":{"start":{"line":122,"column":31},"end":{"line":122,"column":null}},"60":{"start":{"line":123,"column":31},"end":{"line":128,"column":null}},"61":{"start":{"line":129,"column":23},"end":{"line":129,"column":null}},"62":{"start":{"line":130,"column":4},"end":{"line":130,"column":null}},"63":{"start":{"line":132,"column":26},"end":{"line":132,"column":null}},"64":{"start":{"line":133,"column":35},"end":{"line":133,"column":37}},"65":{"start":{"line":134,"column":4},"end":{"line":139,"column":null}},"66":{"start":{"line":134,"column":17},"end":{"line":134,"column":20}},"67":{"start":{"line":135,"column":16},"end":{"line":135,"column":null}},"68":{"start":{"line":136,"column":16},"end":{"line":136,"column":null}},"69":{"start":{"line":137,"column":16},"end":{"line":137,"column":null}},"70":{"start":{"line":138,"column":6},"end":{"line":138,"column":null}},"71":{"start":{"line":140,"column":4},"end":{"line":142,"column":null}},"72":{"start":{"line":144,"column":26},"end":{"line":147,"column":null}},"73":{"start":{"line":148,"column":18},"end":{"line":148,"column":null}},"74":{"start":{"line":149,"column":4},"end":{"line":149,"column":null}},"75":{"start":{"line":151,"column":4},"end":{"line":151,"column":null}},"76":{"start":{"line":154,"column":20},"end":{"line":170,"column":null}},"77":{"start":{"line":155,"column":6},"end":{"line":155,"column":null}},"78":{"start":{"line":157,"column":6},"end":{"line":157,"column":null}},"79":{"start":{"line":158,"column":6},"end":{"line":158,"column":null}},"80":{"start":{"line":159,"column":6},"end":{"line":159,"column":null}},"81":{"start":{"line":160,"column":6},"end":{"line":160,"column":null}},"82":{"start":{"line":162,"column":6},"end":{"line":167,"column":null}},"83":{"start":{"line":163,"column":8},"end":{"line":163,"column":null}},"84":{"start":{"line":164,"column":8},"end":{"line":164,"column":null}},"85":{"start":{"line":165,"column":8},"end":{"line":165,"column":null}},"86":{"start":{"line":166,"column":8},"end":{"line":166,"column":null}},"87":{"start":{"line":169,"column":6},"end":{"line":169,"column":null}},"88":{"start":{"line":171,"column":4},"end":{"line":171,"column":null}},"89":{"start":{"line":173,"column":4},"end":{"line":179,"column":null}},"90":{"start":{"line":174,"column":6},"end":{"line":174,"column":null}},"91":{"start":{"line":175,"column":6},"end":{"line":177,"column":null}},"92":{"start":{"line":176,"column":8},"end":{"line":176,"column":null}},"93":{"start":{"line":178,"column":6},"end":{"line":178,"column":null}},"94":{"start":{"line":182,"column":2},"end":{"line":213,"column":null}},"95":{"start":{"line":183,"column":4},"end":{"line":183,"column":null}},"96":{"start":{"line":183,"column":40},"end":{"line":183,"column":null}},"97":{"start":{"line":185,"column":18},"end":{"line":185,"column":34}},"98":{"start":{"line":187,"column":22},"end":{"line":188,"column":null}},"99":{"start":{"line":188,"column":17},"end":{"line":188,"column":74}},"100":{"start":{"line":190,"column":4},"end":{"line":200,"column":null}},"101":{"start":{"line":191,"column":6},"end":{"line":191,"column":null}},"102":{"start":{"line":192,"column":6},"end":{"line":199,"column":null}},"103":{"start":{"line":193,"column":8},"end":{"line":193,"column":null}},"104":{"start":{"line":194,"column":8},"end":{"line":198,"column":null}},"105":{"start":{"line":195,"column":10},"end":{"line":195,"column":null}},"106":{"start":{"line":195,"column":40},"end":{"line":195,"column":null}},"107":{"start":{"line":197,"column":10},"end":{"line":197,"column":null}},"108":{"start":{"line":202,"column":4},"end":{"line":212,"column":null}},"109":{"start":{"line":203,"column":23},"end":{"line":203,"column":null}},"110":{"start":{"line":204,"column":23},"end":{"line":204,"column":null}},"111":{"start":{"line":205,"column":23},"end":{"line":207,"column":null}},"112":{"start":{"line":208,"column":19},"end":{"line":208,"column":null}},"113":{"start":{"line":209,"column":6},"end":{"line":209,"column":null}},"114":{"start":{"line":210,"column":6},"end":{"line":210,"column":null}},"115":{"start":{"line":211,"column":6},"end":{"line":211,"column":null}},"116":{"start":{"line":215,"column":2},"end":{"line":299,"column":null}},"117":{"start":{"line":216,"column":4},"end":{"line":216,"column":null}},"118":{"start":{"line":216,"column":74},"end":{"line":216,"column":null}},"119":{"start":{"line":218,"column":22},"end":{"line":218,"column":42}},"120":{"start":{"line":219,"column":18},"end":{"line":219,"column":34}},"121":{"start":{"line":220,"column":19},"end":{"line":220,"column":36}},"122":{"start":{"line":222,"column":28},"end":{"line":225,"column":null}},"123":{"start":{"line":223,"column":6},"end":{"line":223,"column":null}},"124":{"start":{"line":224,"column":6},"end":{"line":224,"column":null}},"125":{"start":{"line":227,"column":28},"end":{"line":247,"column":null}},"126":{"start":{"line":228,"column":6},"end":{"line":228,"column":null}},"127":{"start":{"line":228,"column":55},"end":{"line":228,"column":null}},"128":{"start":{"line":230,"column":21},"end":{"line":230,"column":59}},"129":{"start":{"line":231,"column":21},"end":{"line":231,"column":59}},"130":{"start":{"line":233,"column":6},"end":{"line":239,"column":null}},"131":{"start":{"line":234,"column":8},"end":{"line":238,"column":null}},"132":{"start":{"line":235,"column":10},"end":{"line":235,"column":null}},"133":{"start":{"line":236,"column":10},"end":{"line":236,"column":null}},"134":{"start":{"line":237,"column":10},"end":{"line":237,"column":null}},"135":{"start":{"line":241,"column":6},"end":{"line":244,"column":null}},"136":{"start":{"line":246,"column":6},"end":{"line":246,"column":null}},"137":{"start":{"line":249,"column":26},"end":{"line":251,"column":null}},"138":{"start":{"line":250,"column":6},"end":{"line":250,"column":null}},"139":{"start":{"line":253,"column":24},"end":{"line":275,"column":null}},"140":{"start":{"line":254,"column":6},"end":{"line":254,"column":null}},"141":{"start":{"line":254,"column":25},"end":{"line":254,"column":null}},"142":{"start":{"line":256,"column":19},"end":{"line":256,"column":null}},"143":{"start":{"line":257,"column":20},"end":{"line":259,"column":null}},"144":{"start":{"line":262,"column":24},"end":{"line":262,"column":null}},"145":{"start":{"line":263,"column":6},"end":{"line":263,"column":null}},"146":{"start":{"line":265,"column":25},"end":{"line":266,"column":null}},"147":{"start":{"line":266,"column":19},"end":{"line":266,"column":76}},"148":{"start":{"line":269,"column":25},"end":{"line":269,"column":null}},"149":{"start":{"line":271,"column":6},"end":{"line":274,"column":null}},"150":{"start":{"line":272,"column":29},"end":{"line":272,"column":49}},"151":{"start":{"line":273,"column":8},"end":{"line":273,"column":null}},"152":{"start":{"line":277,"column":24},"end":{"line":282,"column":null}},"153":{"start":{"line":278,"column":6},"end":{"line":278,"column":null}},"154":{"start":{"line":279,"column":6},"end":{"line":279,"column":null}},"155":{"start":{"line":279,"column":30},"end":{"line":279,"column":null}},"156":{"start":{"line":280,"column":21},"end":{"line":280,"column":38}},"157":{"start":{"line":281,"column":6},"end":{"line":281,"column":null}},"158":{"start":{"line":284,"column":4},"end":{"line":284,"column":null}},"159":{"start":{"line":285,"column":4},"end":{"line":285,"column":null}},"160":{"start":{"line":286,"column":4},"end":{"line":286,"column":null}},"161":{"start":{"line":287,"column":4},"end":{"line":287,"column":null}},"162":{"start":{"line":288,"column":4},"end":{"line":288,"column":null}},"163":{"start":{"line":289,"column":4},"end":{"line":289,"column":null}},"164":{"start":{"line":291,"column":4},"end":{"line":298,"column":null}},"165":{"start":{"line":292,"column":6},"end":{"line":292,"column":null}},"166":{"start":{"line":293,"column":6},"end":{"line":293,"column":null}},"167":{"start":{"line":294,"column":6},"end":{"line":294,"column":null}},"168":{"start":{"line":295,"column":6},"end":{"line":295,"column":null}},"169":{"start":{"line":296,"column":6},"end":{"line":296,"column":null}},"170":{"start":{"line":297,"column":6},"end":{"line":297,"column":null}}},"fnMap":{"0":{"name":"OzoneGlobe","decl":{"start":{"line":14,"column":16},"end":{"line":14,"column":27}},"loc":{"start":{"line":19,"column":18},"end":{"line":308,"column":null}}},"1":{"name":"(anonymous_5)","decl":{"start":{"line":29,"column":27},"end":{"line":29,"column":28}},"loc":{"start":{"line":29,"column":54},"end":{"line":38,"column":null}}},"2":{"name":"(anonymous_6)","decl":{"start":{"line":40,"column":24},"end":{"line":40,"column":25}},"loc":{"start":{"line":40,"column":25},"end":{"line":62,"column":null}}},"3":{"name":"(anonymous_7)","decl":{"start":{"line":64,"column":12},"end":{"line":64,"column":null}},"loc":{"start":{"line":64,"column":12},"end":{"line":180,"column":5}}},"4":{"name":"(anonymous_8)","decl":{"start":{"line":154,"column":20},"end":{"line":154,"column":null}},"loc":{"start":{"line":154,"column":20},"end":{"line":170,"column":null}}},"5":{"name":"(anonymous_9)","decl":{"start":{"line":173,"column":11},"end":{"line":173,"column":null}},"loc":{"start":{"line":173,"column":11},"end":{"line":179,"column":null}}},"6":{"name":"(anonymous_10)","decl":{"start":{"line":182,"column":12},"end":{"line":182,"column":null}},"loc":{"start":{"line":182,"column":12},"end":{"line":213,"column":5}}},"7":{"name":"(anonymous_11)","decl":{"start":{"line":188,"column":6},"end":{"line":188,"column":7}},"loc":{"start":{"line":188,"column":17},"end":{"line":188,"column":74}}},"8":{"name":"(anonymous_12)","decl":{"start":{"line":190,"column":22},"end":{"line":190,"column":23}},"loc":{"start":{"line":190,"column":23},"end":{"line":200,"column":null}}},"9":{"name":"(anonymous_13)","decl":{"start":{"line":195,"column":33},"end":{"line":195,"column":34}},"loc":{"start":{"line":195,"column":40},"end":{"line":195,"column":null}}},"10":{"name":"(anonymous_14)","decl":{"start":{"line":202,"column":23},"end":{"line":202,"column":24}},"loc":{"start":{"line":202,"column":24},"end":{"line":212,"column":null}}},"11":{"name":"(anonymous_15)","decl":{"start":{"line":215,"column":12},"end":{"line":215,"column":null}},"loc":{"start":{"line":215,"column":12},"end":{"line":299,"column":5}}},"12":{"name":"(anonymous_16)","decl":{"start":{"line":222,"column":28},"end":{"line":222,"column":29}},"loc":{"start":{"line":222,"column":29},"end":{"line":225,"column":null}}},"13":{"name":"(anonymous_17)","decl":{"start":{"line":227,"column":28},"end":{"line":227,"column":29}},"loc":{"start":{"line":227,"column":29},"end":{"line":247,"column":null}}},"14":{"name":"(anonymous_18)","decl":{"start":{"line":233,"column":29},"end":{"line":233,"column":30}},"loc":{"start":{"line":233,"column":30},"end":{"line":239,"column":null}}},"15":{"name":"(anonymous_19)","decl":{"start":{"line":249,"column":26},"end":{"line":249,"column":null}},"loc":{"start":{"line":249,"column":26},"end":{"line":251,"column":null}}},"16":{"name":"(anonymous_20)","decl":{"start":{"line":253,"column":24},"end":{"line":253,"column":25}},"loc":{"start":{"line":253,"column":25},"end":{"line":275,"column":null}}},"17":{"name":"(anonymous_21)","decl":{"start":{"line":266,"column":8},"end":{"line":266,"column":9}},"loc":{"start":{"line":266,"column":19},"end":{"line":266,"column":76}}},"18":{"name":"(anonymous_22)","decl":{"start":{"line":277,"column":24},"end":{"line":277,"column":25}},"loc":{"start":{"line":277,"column":25},"end":{"line":282,"column":null}}},"19":{"name":"(anonymous_23)","decl":{"start":{"line":291,"column":11},"end":{"line":291,"column":null}},"loc":{"start":{"line":291,"column":11},"end":{"line":298,"column":null}}}},"branchMap":{"0":{"loc":{"start":{"line":15,"column":2},"end":{"line":15,"column":17}},"type":"default-arg","locations":[{"start":{"line":15,"column":15},"end":{"line":15,"column":17}}]},"1":{"loc":{"start":{"line":17,"column":2},"end":{"line":17,"column":13}},"type":"default-arg","locations":[{"start":{"line":17,"column":10},"end":{"line":17,"column":13}}]},"2":{"loc":{"start":{"line":18,"column":2},"end":{"line":18,"column":14}},"type":"default-arg","locations":[{"start":{"line":18,"column":11},"end":{"line":18,"column":14}}]},"3":{"loc":{"start":{"line":43,"column":4},"end":{"line":61,"column":null}},"type":"if","locations":[{"start":{"line":43,"column":4},"end":{"line":61,"column":null}},{"start":{"line":49,"column":11},"end":{"line":61,"column":null}}]},"4":{"loc":{"start":{"line":49,"column":11},"end":{"line":61,"column":null}},"type":"if","locations":[{"start":{"line":49,"column":11},"end":{"line":61,"column":null}},{"start":{"line":55,"column":11},"end":{"line":61,"column":null}}]},"5":{"loc":{"start":{"line":65,"column":4},"end":{"line":65,"column":null}},"type":"if","locations":[{"start":{"line":65,"column":4},"end":{"line":65,"column":null}},{"start":{},"end":{}}]},"6":{"loc":{"start":{"line":162,"column":6},"end":{"line":167,"column":null}},"type":"if","locations":[{"start":{"line":162,"column":6},"end":{"line":167,"column":null}},{"start":{},"end":{}}]},"7":{"loc":{"start":{"line":175,"column":6},"end":{"line":177,"column":null}},"type":"if","locations":[{"start":{"line":175,"column":6},"end":{"line":177,"column":null}},{"start":{},"end":{}}]},"8":{"loc":{"start":{"line":175,"column":10},"end":{"line":175,"column":53}},"type":"binary-expr","locations":[{"start":{"line":175,"column":10},"end":{"line":175,"column":30}},{"start":{"line":175,"column":34},"end":{"line":175,"column":53}}]},"9":{"loc":{"start":{"line":183,"column":4},"end":{"line":183,"column":null}},"type":"if","locations":[{"start":{"line":183,"column":4},"end":{"line":183,"column":null}},{"start":{},"end":{}}]},"10":{"loc":{"start":{"line":183,"column":8},"end":{"line":183,"column":40}},"type":"binary-expr","locations":[{"start":{"line":183,"column":8},"end":{"line":183,"column":25}},{"start":{"line":183,"column":29},"end":{"line":183,"column":40}}]},"11":{"loc":{"start":{"line":188,"column":17},"end":{"line":188,"column":74}},"type":"binary-expr","locations":[{"start":{"line":188,"column":17},"end":{"line":188,"column":44}},{"start":{"line":188,"column":48},"end":{"line":188,"column":74}}]},"12":{"loc":{"start":{"line":192,"column":6},"end":{"line":199,"column":null}},"type":"if","locations":[{"start":{"line":192,"column":6},"end":{"line":199,"column":null}},{"start":{},"end":{}}]},"13":{"loc":{"start":{"line":194,"column":8},"end":{"line":198,"column":null}},"type":"if","locations":[{"start":{"line":194,"column":8},"end":{"line":198,"column":null}},{"start":{"line":196,"column":15},"end":{"line":198,"column":null}}]},"14":{"loc":{"start":{"line":216,"column":4},"end":{"line":216,"column":null}},"type":"if","locations":[{"start":{"line":216,"column":4},"end":{"line":216,"column":null}},{"start":{},"end":{}}]},"15":{"loc":{"start":{"line":216,"column":8},"end":{"line":216,"column":72}},"type":"binary-expr","locations":[{"start":{"line":216,"column":8},"end":{"line":216,"column":29}},{"start":{"line":216,"column":33},"end":{"line":216,"column":50}},{"start":{"line":216,"column":54},"end":{"line":216,"column":72}}]},"16":{"loc":{"start":{"line":228,"column":6},"end":{"line":228,"column":null}},"type":"if","locations":[{"start":{"line":228,"column":6},"end":{"line":228,"column":null}},{"start":{},"end":{}}]},"17":{"loc":{"start":{"line":228,"column":10},"end":{"line":228,"column":53}},"type":"binary-expr","locations":[{"start":{"line":228,"column":10},"end":{"line":228,"column":32}},{"start":{"line":228,"column":36},"end":{"line":228,"column":53}}]},"18":{"loc":{"start":{"line":234,"column":8},"end":{"line":238,"column":null}},"type":"if","locations":[{"start":{"line":234,"column":8},"end":{"line":238,"column":null}},{"start":{},"end":{}}]},"19":{"loc":{"start":{"line":254,"column":6},"end":{"line":254,"column":null}},"type":"if","locations":[{"start":{"line":254,"column":6},"end":{"line":254,"column":null}},{"start":{},"end":{}}]},"20":{"loc":{"start":{"line":266,"column":19},"end":{"line":266,"column":76}},"type":"binary-expr","locations":[{"start":{"line":266,"column":19},"end":{"line":266,"column":46}},{"start":{"line":266,"column":50},"end":{"line":266,"column":76}}]},"21":{"loc":{"start":{"line":271,"column":6},"end":{"line":274,"column":null}},"type":"if","locations":[{"start":{"line":271,"column":6},"end":{"line":274,"column":null}},{"start":{},"end":{}}]},"22":{"loc":{"start":{"line":279,"column":6},"end":{"line":279,"column":null}},"type":"if","locations":[{"start":{"line":279,"column":6},"end":{"line":279,"column":null}},{"start":{},"end":{}}]}},"s":{"0":0,"1":0,"2":0,"3":0,"4":0,"5":0,"6":0,"7":0,"8":0,"9":0,"10":0,"11":0,"12":0,"13":0,"14":0,"15":0,"16":0,"17":0,"18":0,"19":0,"20":0,"21":0,"22":0,"23":0,"24":0,"25":0,"26":0,"27":0,"28":0,"29":0,"30":0,"31":0,"32":0,"33":0,"34":0,"35":0,"36":0,"37":0,"38":0,"39":0,"40":0,"41":0,"42":0,"43":0,"44":0,"45":0,"46":0,"47":0,"48":0,"49":0,"50":0,"51":0,"52":0,"53":0,"54":0,"55":0,"56":0,"57":0,"58":0,"59":0,"60":0,"61":0,"62":0,"63":0,"64":0,"65":0,"66":0,"67":0,"68":0,"69":0,"70":0,"71":0,"72":0,"73":0,"74":0,"75":0,"76":0,"77":0,"78":0,"79":0,"80":0,"81":0,"82":0,"83":0,"84":0,"85":0,"86":0,"87":0,"88":0,"89":0,"90":0,"91":0,"92":0,"93":0,"94":0,"95":0,"96":0,"97":0,"98":0,"99":0,"100":0,"101":0,"102":0,"103":0,"104":0,"105":0,"106":0,"107":0,"108":0,"109":0,"110":0,"111":0,"112":0,"113":0,"114":0,"115":0,"116":0,"117":0,"118":0,"119":0,"120":0,"121":0,"122":0,"123":0,"124":0,"125":0,"126":0,"127":0,"128":0,"129":0,"130":0,"131":0,"132":0,"133":0,"134":0,"135":0,"136":0,"137":0,"138":0,"139":0,"140":0,"141":0,"142":0,"143":0,"144":0,"145":0,"146":0,"147":0,"148":0,"149":0,"150":0,"151":0,"152":0,"153":0,"154":0,"155":0,"156":0,"157":0,"158":0,"159":0,"160":0,"161":0,"162":0,"163":0,"164":0,"165":0,"166":0,"167":0,"168":0,"169":0,"170":0},"f":{"0":0,"1":0,"2":0,"3":0,"4":0,"5":0,"6":0,"7":0,"8":0,"9":0,"10":0,"11":0,"12":0,"13":0,"14":0,"15":0,"16":0,"17":0,"18":0,"19":0},"b":{"0":[0],"1":[0],"2":[0],"3":[0,0],"4":[0,0],"5":[0,0],"6":[0,0],"7":[0,0],"8":[0,0],"9":[0,0],"10":[0,0],"11":[0,0],"12":[0,0],"13":[0,0],"14":[0,0],"15":[0,0,0],"16":[0,0],"17":[0,0],"18":[0,0],"19":[0,0],"20":[0,0],"21":[0,0],"22":[0,0]}}
,"/Users/yundongsoftware/Documents/projects/dogfoodings/OzoneNexus/src/components/ui/MetricCard.tsx": {"path":"/Users/yundongsoftware/Documents/projects/dogfoodings/OzoneNexus/src/components/ui/MetricCard.tsx","statementMap":{"0":{"start":{"line":11,"column":16},"end":{"line":11,"column":27}},"1":{"start":{"line":20,"column":26},"end":{"line":20,"column":null}}},"fnMap":{"0":{"name":"MetricCard","decl":{"start":{"line":11,"column":16},"end":{"line":11,"column":27}},"loc":{"start":{"line":19,"column":18},"end":{"line":51,"column":null}}}},"branchMap":{"0":{"loc":{"start":{"line":18,"column":2},"end":{"line":18,"column":16}},"type":"default-arg","locations":[{"start":{"line":18,"column":14},"end":{"line":18,"column":16}}]},"1":{"loc":{"start":{"line":20,"column":26},"end":{"line":20,"column":null}},"type":"binary-expr","locations":[{"start":{"line":20,"column":26},"end":{"line":20,"column":49}},{"start":{"line":20,"column":49},"end":{"line":20,"column":null}}]},"2":{"loc":{"start":{"line":29,"column":13},"end":{"line":29,"column":21}},"type":"binary-expr","locations":[{"start":{"line":29,"column":13},"end":{"line":29,"column":21}}]},"3":{"loc":{"start":{"line":32,"column":9},"end":{"line":32,"column":null}},"type":"binary-expr","locations":[{"start":{"line":32,"column":9},"end":{"line":32,"column":null}}]},"4":{"loc":{"start":{"line":39,"column":7},"end":{"line":39,"column":null}},"type":"binary-expr","locations":[{"start":{"line":39,"column":7},"end":{"line":39,"column":null}}]},"5":{"loc":{"start":{"line":42,"column":46},"end":{"line":42,"column":98}},"type":"cond-expr","locations":[{"start":{"line":42,"column":64},"end":{"line":42,"column":83}},{"start":{"line":42,"column":83},"end":{"line":42,"column":98}}]},"6":{"loc":{"start":{"line":44,"column":13},"end":{"line":44,"column":41}},"type":"cond-expr","locations":[{"start":{"line":44,"column":31},"end":{"line":44,"column":37}},{"start":{"line":44,"column":37},"end":{"line":44,"column":41}}]},"7":{"loc":{"start":{"line":46,"column":11},"end":{"line":46,"column":25}},"type":"binary-expr","locations":[{"start":{"line":46,"column":11},"end":{"line":46,"column":25}}]}},"s":{"0":132,"1":132},"f":{"0":132},"b":{"0":[132],"1":[132,132],"2":[132],"3":[132],"4":[132],"5":[66,66],"6":[66,66],"7":[132]}}
,"/Users/yundongsoftware/Documents/projects/dogfoodings/OzoneNexus/src/lib/data/OzoneDataService.ts": {"path":"/Users/yundongsoftware/Documents/projects/dogfoodings/OzoneNexus/src/lib/data/OzoneDataService.ts","statementMap":{"0":{"start":{"line":3,"column":13},"end":{"line":3,"column":null}},"1":{"start":{"line":5,"column":4},"end":{"line":5,"column":null}},"2":{"start":{"line":9,"column":41},"end":{"line":9,"column":43}},"3":{"start":{"line":10,"column":16},"end":{"line":10,"column":null}},"4":{"start":{"line":12,"column":4},"end":{"line":33,"column":null}},"5":{"start":{"line":12,"column":17},"end":{"line":12,"column":20}},"6":{"start":{"line":13,"column":18},"end":{"line":13,"column":null}},"7":{"start":{"line":14,"column":18},"end":{"line":14,"column":null}},"8":{"start":{"line":16,"column":24},"end":{"line":16,"column":null}},"9":{"start":{"line":17,"column":32},"end":{"line":17,"column":null}},"10":{"start":{"line":18,"column":20},"end":{"line":18,"column":null}},"11":{"start":{"line":20,"column":28},"end":{"line":20,"column":null}},"12":{"start":{"line":21,"column":22},"end":{"line":21,"column":null}},"13":{"start":{"line":23,"column":6},"end":{"line":32,"column":null}},"14":{"start":{"line":35,"column":4},"end":{"line":35,"column":null}},"15":{"start":{"line":35,"column":37},"end":{"line":35,"column":62}},"16":{"start":{"line":39,"column":36},"end":{"line":39,"column":38}},"17":{"start":{"line":40,"column":16},"end":{"line":40,"column":null}},"18":{"start":{"line":42,"column":4},"end":{"line":64,"column":null}},"19":{"start":{"line":42,"column":17},"end":{"line":42,"column":20}},"20":{"start":{"line":43,"column":6},"end":{"line":52,"column":null}},"21":{"start":{"line":54,"column":6},"end":{"line":63,"column":null}},"22":{"start":{"line":66,"column":4},"end":{"line":66,"column":null}},"23":{"start":{"line":66,"column":31},"end":{"line":66,"column":56}},"24":{"start":{"line":70,"column":35},"end":{"line":70,"column":37}},"25":{"start":{"line":71,"column":16},"end":{"line":71,"column":null}},"26":{"start":{"line":72,"column":20},"end":{"line":72,"column":null}},"27":{"start":{"line":74,"column":4},"end":{"line":84,"column":null}},"28":{"start":{"line":74,"column":17},"end":{"line":74,"column":20}},"29":{"start":{"line":75,"column":24},"end":{"line":75,"column":null}},"30":{"start":{"line":76,"column":29},"end":{"line":76,"column":null}},"31":{"start":{"line":77,"column":28},"end":{"line":77,"column":null}},"32":{"start":{"line":78,"column":20},"end":{"line":78,"column":null}},"33":{"start":{"line":80,"column":6},"end":{"line":83,"column":null}},"34":{"start":{"line":86,"column":4},"end":{"line":86,"column":null}},"35":{"start":{"line":90,"column":33},"end":{"line":90,"column":35}},"36":{"start":{"line":91,"column":16},"end":{"line":91,"column":null}},"37":{"start":{"line":92,"column":20},"end":{"line":92,"column":null}},"38":{"start":{"line":94,"column":4},"end":{"line":96,"column":null}},"39":{"start":{"line":94,"column":17},"end":{"line":94,"column":20}},"40":{"start":{"line":95,"column":6},"end":{"line":95,"column":null}},"41":{"start":{"line":98,"column":4},"end":{"line":98,"column":null}},"42":{"start":{"line":102,"column":4},"end":{"line":110,"column":null}},"43":{"start":{"line":103,"column":6},"end":{"line":109,"column":null}},"44":{"start":{"line":113,"column":6},"end":{"line":113,"column":86}},"45":{"start":{"line":113,"column":36},"end":{"line":113,"column":62}},"46":{"start":{"line":115,"column":28},"end":{"line":115,"column":null}},"47":{"start":{"line":115,"column":53},"end":{"line":115,"column":null}},"48":{"start":{"line":116,"column":29},"end":{"line":118,"column":null}},"49":{"start":{"line":117,"column":47},"end":{"line":117,"column":67}},"50":{"start":{"line":120,"column":25},"end":{"line":120,"column":null}},"51":{"start":{"line":120,"column":50},"end":{"line":120,"column":null}},"52":{"start":{"line":121,"column":26},"end":{"line":123,"column":null}},"53":{"start":{"line":122,"column":44},"end":{"line":122,"column":64}},"54":{"start":{"line":125,"column":25},"end":{"line":125,"column":null}},"55":{"start":{"line":126,"column":27},"end":{"line":126,"column":null}},"56":{"start":{"line":127,"column":27},"end":{"line":127,"column":null}},"57":{"start":{"line":128,"column":37},"end":{"line":128,"column":null}},"58":{"start":{"line":130,"column":4},"end":{"line":136,"column":null}}},"fnMap":{"0":{"name":"(anonymous_1)","decl":{"start":{"line":4,"column":2},"end":{"line":4,"column":17}},"loc":{"start":{"line":4,"column":38},"end":{"line":6,"column":null}}},"1":{"name":"(anonymous_2)","decl":{"start":{"line":8,"column":2},"end":{"line":8,"column":9}},"loc":{"start":{"line":8,"column":72},"end":{"line":36,"column":null}}},"2":{"name":"(anonymous_3)","decl":{"start":{"line":35,"column":27},"end":{"line":35,"column":28}},"loc":{"start":{"line":35,"column":37},"end":{"line":35,"column":62}}},"3":{"name":"(anonymous_4)","decl":{"start":{"line":38,"column":2},"end":{"line":38,"column":9}},"loc":{"start":{"line":38,"column":54},"end":{"line":67,"column":null}}},"4":{"name":"(anonymous_5)","decl":{"start":{"line":66,"column":21},"end":{"line":66,"column":22}},"loc":{"start":{"line":66,"column":31},"end":{"line":66,"column":56}}},"5":{"name":"(anonymous_6)","decl":{"start":{"line":69,"column":2},"end":{"line":69,"column":9}},"loc":{"start":{"line":69,"column":77},"end":{"line":87,"column":null}}},"6":{"name":"(anonymous_7)","decl":{"start":{"line":89,"column":2},"end":{"line":89,"column":9}},"loc":{"start":{"line":89,"column":65},"end":{"line":99,"column":null}}},"7":{"name":"(anonymous_8)","decl":{"start":{"line":101,"column":2},"end":{"line":101,"column":9}},"loc":{"start":{"line":101,"column":80},"end":{"line":137,"column":null}}},"8":{"name":"(anonymous_9)","decl":{"start":{"line":113,"column":24},"end":{"line":113,"column":25}},"loc":{"start":{"line":113,"column":36},"end":{"line":113,"column":62}}},"9":{"name":"(anonymous_10)","decl":{"start":{"line":115,"column":46},"end":{"line":115,"column":47}},"loc":{"start":{"line":115,"column":53},"end":{"line":115,"column":null}}},"10":{"name":"(anonymous_11)","decl":{"start":{"line":117,"column":40},"end":{"line":117,"column":41}},"loc":{"start":{"line":117,"column":47},"end":{"line":117,"column":67}}},"11":{"name":"(anonymous_12)","decl":{"start":{"line":120,"column":43},"end":{"line":120,"column":44}},"loc":{"start":{"line":120,"column":50},"end":{"line":120,"column":null}}},"12":{"name":"(anonymous_13)","decl":{"start":{"line":122,"column":37},"end":{"line":122,"column":38}},"loc":{"start":{"line":122,"column":44},"end":{"line":122,"column":64}}}},"branchMap":{"0":{"loc":{"start":{"line":8,"column":33},"end":{"line":8,"column":52}},"type":"default-arg","locations":[{"start":{"line":8,"column":49},"end":{"line":8,"column":52}}]},"1":{"loc":{"start":{"line":69,"column":38},"end":{"line":69,"column":57}},"type":"default-arg","locations":[{"start":{"line":69,"column":55},"end":{"line":69,"column":57}}]},"2":{"loc":{"start":{"line":89,"column":34},"end":{"line":89,"column":53}},"type":"default-arg","locations":[{"start":{"line":89,"column":51},"end":{"line":89,"column":53}}]},"3":{"loc":{"start":{"line":102,"column":4},"end":{"line":110,"column":null}},"type":"if","locations":[{"start":{"line":102,"column":4},"end":{"line":110,"column":null}},{"start":{},"end":{}}]},"4":{"loc":{"start":{"line":116,"column":29},"end":{"line":118,"column":null}},"type":"cond-expr","locations":[{"start":{"line":117,"column":8},"end":{"line":117,"column":null}},{"start":{"line":118,"column":8},"end":{"line":118,"column":null}}]},"5":{"loc":{"start":{"line":121,"column":26},"end":{"line":123,"column":null}},"type":"cond-expr","locations":[{"start":{"line":122,"column":8},"end":{"line":122,"column":null}},{"start":{"line":123,"column":8},"end":{"line":123,"column":null}}]}},"s":{"0":167,"1":6296,"2":33,"3":33,"4":33,"5":33,"6":4760,"7":4760,"8":4760,"9":4760,"10":4760,"11":4760,"12":4760,"13":4760,"14":33,"15":28102,"16":32,"17":32,"18":32,"19":32,"20":768,"21":768,"22":32,"23":7232,"24":38,"25":38,"26":38,"27":38,"28":38,"29":2165,"30":2165,"31":2165,"32":2165,"33":2165,"34":38,"35":32,"36":32,"37":32,"38":32,"39":32,"40":768,"41":32,"42":32,"43":0,"44":32,"45":4750,"46":32,"47":4750,"48":32,"49":822,"50":32,"51":4750,"52":32,"53":775,"54":32,"55":32,"56":32,"57":32,"58":32},"f":{"0":6296,"1":33,"2":28102,"3":32,"4":7232,"5":38,"6":32,"7":32,"8":4750,"9":4750,"10":822,"11":4750,"12":775},"b":{"0":[0],"1":[0],"2":[0],"3":[0,32],"4":[32,0],"5":[32,0]}}
,"/Users/yundongsoftware/Documents/projects/dogfoodings/OzoneNexus/src/lib/database/OzoneDatabase.ts": {"path":"/Users/yundongsoftware/Documents/projects/dogfoodings/OzoneNexus/src/lib/database/OzoneDatabase.ts","statementMap":{"0":{"start":{"line":35,"column":13},"end":{"line":35,"column":26}},"1":{"start":{"line":214,"column":13},"end":{"line":214,"column":26}},"2":{"start":{"line":1,"column":47},"end":{"line":1,"column":null}},"3":{"start":{"line":31,"column":16},"end":{"line":31,"column":null}},"4":{"start":{"line":32,"column":19},"end":{"line":32,"column":null}},"5":{"start":{"line":33,"column":21},"end":{"line":33,"column":null}},"6":{"start":{"line":39,"column":4},"end":{"line":39,"column":null}},"7":{"start":{"line":39,"column":17},"end":{"line":39,"column":null}},"8":{"start":{"line":41,"column":4},"end":{"line":58,"column":null}},"9":{"start":{"line":43,"column":27},"end":{"line":45,"column":null}},"10":{"start":{"line":46,"column":8},"end":{"line":46,"column":null}},"11":{"start":{"line":47,"column":8},"end":{"line":47,"column":null}},"12":{"start":{"line":49,"column":28},"end":{"line":51,"column":null}},"13":{"start":{"line":52,"column":8},"end":{"line":52,"column":null}},"14":{"start":{"line":53,"column":8},"end":{"line":53,"column":null}},"15":{"start":{"line":55,"column":8},"end":{"line":55,"column":null}},"16":{"start":{"line":56,"column":8},"end":{"line":56,"column":null}},"17":{"start":{"line":62,"column":4},"end":{"line":64,"column":null}},"18":{"start":{"line":63,"column":6},"end":{"line":63,"column":null}},"19":{"start":{"line":65,"column":4},"end":{"line":65,"column":null}},"20":{"start":{"line":69,"column":15},"end":{"line":69,"column":null}},"21":{"start":{"line":70,"column":4},"end":{"line":70,"column":null}},"22":{"start":{"line":71,"column":4},"end":{"line":71,"column":null}},"23":{"start":{"line":75,"column":15},"end":{"line":75,"column":null}},"24":{"start":{"line":76,"column":15},"end":{"line":76,"column":null}},"25":{"start":{"line":77,"column":4},"end":{"line":77,"column":null}},"26":{"start":{"line":77,"column":42},"end":{"line":77,"column":60}},"27":{"start":{"line":78,"column":4},"end":{"line":78,"column":null}},"28":{"start":{"line":78,"column":38},"end":{"line":78,"column":null}},"29":{"start":{"line":85,"column":15},"end":{"line":85,"column":null}},"30":{"start":{"line":86,"column":4},"end":{"line":86,"column":null}},"31":{"start":{"line":90,"column":15},"end":{"line":90,"column":null}},"32":{"start":{"line":91,"column":4},"end":{"line":91,"column":null}},"33":{"start":{"line":95,"column":15},"end":{"line":95,"column":null}},"34":{"start":{"line":96,"column":4},"end":{"line":96,"column":null}},"35":{"start":{"line":97,"column":4},"end":{"line":97,"column":null}},"36":{"start":{"line":101,"column":15},"end":{"line":101,"column":null}},"37":{"start":{"line":102,"column":15},"end":{"line":102,"column":null}},"38":{"start":{"line":103,"column":4},"end":{"line":103,"column":null}},"39":{"start":{"line":103,"column":42},"end":{"line":103,"column":60}},"40":{"start":{"line":104,"column":4},"end":{"line":104,"column":null}},"41":{"start":{"line":104,"column":38},"end":{"line":104,"column":null}},"42":{"start":{"line":110,"column":15},"end":{"line":110,"column":null}},"43":{"start":{"line":111,"column":4},"end":{"line":111,"column":null}},"44":{"start":{"line":119,"column":15},"end":{"line":119,"column":null}},"45":{"start":{"line":120,"column":4},"end":{"line":126,"column":null}},"46":{"start":{"line":130,"column":15},"end":{"line":130,"column":null}},"47":{"start":{"line":131,"column":4},"end":{"line":131,"column":null}},"48":{"start":{"line":135,"column":15},"end":{"line":135,"column":null}},"49":{"start":{"line":136,"column":4},"end":{"line":136,"column":null}},"50":{"start":{"line":140,"column":15},"end":{"line":140,"column":null}},"51":{"start":{"line":141,"column":21},"end":{"line":141,"column":null}},"52":{"start":{"line":143,"column":4},"end":{"line":150,"column":null}},"53":{"start":{"line":144,"column":6},"end":{"line":149,"column":null}},"54":{"start":{"line":152,"column":4},"end":{"line":157,"column":null}},"55":{"start":{"line":161,"column":15},"end":{"line":161,"column":null}},"56":{"start":{"line":162,"column":20},"end":{"line":162,"column":null}},"57":{"start":{"line":163,"column":4},"end":{"line":167,"column":null}},"58":{"start":{"line":175,"column":15},"end":{"line":175,"column":null}},"59":{"start":{"line":177,"column":4},"end":{"line":177,"column":null}},"60":{"start":{"line":179,"column":4},"end":{"line":194,"column":null}},"61":{"start":{"line":180,"column":6},"end":{"line":180,"column":null}},"62":{"start":{"line":181,"column":6},"end":{"line":181,"column":null}},"63":{"start":{"line":183,"column":6},"end":{"line":183,"column":null}},"64":{"start":{"line":185,"column":6},"end":{"line":190,"column":null}},"65":{"start":{"line":192,"column":6},"end":{"line":192,"column":null}},"66":{"start":{"line":193,"column":6},"end":{"line":193,"column":null}},"67":{"start":{"line":198,"column":15},"end":{"line":198,"column":null}},"68":{"start":{"line":199,"column":4},"end":{"line":203,"column":null}},"69":{"start":{"line":207,"column":4},"end":{"line":210,"column":null}},"70":{"start":{"line":208,"column":6},"end":{"line":208,"column":null}},"71":{"start":{"line":209,"column":6},"end":{"line":209,"column":null}},"72":{"start":{"line":36,"column":10},"end":{"line":36,"column":null}},"73":{"start":{"line":214,"column":29},"end":{"line":214,"column":null}}},"fnMap":{"0":{"name":"(anonymous_3)","decl":{"start":{"line":38,"column":2},"end":{"line":38,"column":8}},"loc":{"start":{"line":38,"column":30},"end":{"line":59,"column":null}}},"1":{"name":"(anonymous_4)","decl":{"start":{"line":42,"column":6},"end":{"line":42,"column":14}},"loc":{"start":{"line":42,"column":16},"end":{"line":57,"column":null}}},"2":{"name":"(anonymous_5)","decl":{"start":{"line":61,"column":10},"end":{"line":61,"column":44}},"loc":{"start":{"line":61,"column":44},"end":{"line":66,"column":null}}},"3":{"name":"(anonymous_6)","decl":{"start":{"line":68,"column":2},"end":{"line":68,"column":8}},"loc":{"start":{"line":68,"column":58},"end":{"line":72,"column":null}}},"4":{"name":"(anonymous_7)","decl":{"start":{"line":74,"column":2},"end":{"line":74,"column":8}},"loc":{"start":{"line":74,"column":64},"end":{"line":79,"column":null}}},"5":{"name":"(anonymous_8)","decl":{"start":{"line":77,"column":35},"end":{"line":77,"column":36}},"loc":{"start":{"line":77,"column":42},"end":{"line":77,"column":60}}},"6":{"name":"(anonymous_9)","decl":{"start":{"line":78,"column":31},"end":{"line":78,"column":32}},"loc":{"start":{"line":78,"column":38},"end":{"line":78,"column":null}}},"7":{"name":"(anonymous_10)","decl":{"start":{"line":81,"column":2},"end":{"line":81,"column":8}},"loc":{"start":{"line":84,"column":31},"end":{"line":87,"column":null}}},"8":{"name":"(anonymous_11)","decl":{"start":{"line":89,"column":2},"end":{"line":89,"column":8}},"loc":{"start":{"line":89,"column":53},"end":{"line":92,"column":null}}},"9":{"name":"(anonymous_12)","decl":{"start":{"line":94,"column":2},"end":{"line":94,"column":8}},"loc":{"start":{"line":94,"column":65},"end":{"line":98,"column":null}}},"10":{"name":"(anonymous_13)","decl":{"start":{"line":100,"column":2},"end":{"line":100,"column":8}},"loc":{"start":{"line":100,"column":71},"end":{"line":105,"column":null}}},"11":{"name":"(anonymous_14)","decl":{"start":{"line":103,"column":35},"end":{"line":103,"column":36}},"loc":{"start":{"line":103,"column":42},"end":{"line":103,"column":60}}},"12":{"name":"(anonymous_15)","decl":{"start":{"line":104,"column":31},"end":{"line":104,"column":32}},"loc":{"start":{"line":104,"column":38},"end":{"line":104,"column":null}}},"13":{"name":"(anonymous_16)","decl":{"start":{"line":107,"column":2},"end":{"line":107,"column":8}},"loc":{"start":{"line":109,"column":32},"end":{"line":112,"column":null}}},"14":{"name":"(anonymous_17)","decl":{"start":{"line":114,"column":2},"end":{"line":114,"column":16}},"loc":{"start":{"line":118,"column":19},"end":{"line":127,"column":null}}},"15":{"name":"(anonymous_18)","decl":{"start":{"line":129,"column":2},"end":{"line":129,"column":8}},"loc":{"start":{"line":129,"column":50},"end":{"line":132,"column":null}}},"16":{"name":"(anonymous_19)","decl":{"start":{"line":134,"column":2},"end":{"line":134,"column":8}},"loc":{"start":{"line":134,"column":45},"end":{"line":137,"column":null}}},"17":{"name":"(anonymous_20)","decl":{"start":{"line":139,"column":2},"end":{"line":139,"column":8}},"loc":{"start":{"line":139,"column":45},"end":{"line":158,"column":null}}},"18":{"name":"(anonymous_21)","decl":{"start":{"line":160,"column":2},"end":{"line":160,"column":8}},"loc":{"start":{"line":160,"column":69},"end":{"line":168,"column":null}}},"19":{"name":"(anonymous_22)","decl":{"start":{"line":170,"column":2},"end":{"line":170,"column":8}},"loc":{"start":{"line":174,"column":20},"end":{"line":195,"column":null}}},"20":{"name":"(anonymous_23)","decl":{"start":{"line":197,"column":2},"end":{"line":197,"column":8}},"loc":{"start":{"line":197,"column":38},"end":{"line":204,"column":null}}},"21":{"name":"(anonymous_24)","decl":{"start":{"line":206,"column":2},"end":{"line":206,"column":16}},"loc":{"start":{"line":206,"column":16},"end":{"line":211,"column":null}}}},"branchMap":{"0":{"loc":{"start":{"line":39,"column":4},"end":{"line":39,"column":null}},"type":"if","locations":[{"start":{"line":39,"column":4},"end":{"line":39,"column":null}},{"start":{},"end":{}}]},"1":{"loc":{"start":{"line":62,"column":4},"end":{"line":64,"column":null}},"type":"if","locations":[{"start":{"line":62,"column":4},"end":{"line":64,"column":null}},{"start":{},"end":{}}]},"2":{"loc":{"start":{"line":143,"column":4},"end":{"line":150,"column":null}},"type":"if","locations":[{"start":{"line":143,"column":4},"end":{"line":150,"column":null}},{"start":{},"end":{}}]},"3":{"loc":{"start":{"line":207,"column":4},"end":{"line":210,"column":null}},"type":"if","locations":[{"start":{"line":207,"column":4},"end":{"line":210,"column":null}},{"start":{},"end":{}}]}},"s":{"0":0,"1":0,"2":0,"3":0,"4":0,"5":0,"6":0,"7":0,"8":0,"9":0,"10":0,"11":0,"12":0,"13":0,"14":0,"15":0,"16":0,"17":0,"18":0,"19":0,"20":0,"21":0,"22":0,"23":0,"24":0,"25":0,"26":0,"27":0,"28":0,"29":0,"30":0,"31":0,"32":0,"33":0,"34":0,"35":0,"36":0,"37":0,"38":0,"39":0,"40":0,"41":0,"42":0,"43":0,"44":0,"45":0,"46":0,"47":0,"48":0,"49":0,"50":0,"51":0,"52":0,"53":0,"54":0,"55":0,"56":0,"57":0,"58":0,"59":0,"60":0,"61":0,"62":0,"63":0,"64":0,"65":0,"66":0,"67":0,"68":0,"69":0,"70":0,"71":0,"72":0,"73":0},"f":{"0":0,"1":0,"2":0,"3":0,"4":0,"5":0,"6":0,"7":0,"8":0,"9":0,"10":0,"11":0,"12":0,"13":0,"14":0,"15":0,"16":0,"17":0,"18":0,"19":0,"20":0,"21":0},"b":{"0":[0,0],"1":[0,0],"2":[0,0],"3":[0,0]}}
,"/Users/yundongsoftware/Documents/projects/dogfoodings/OzoneNexus/src/lib/prediction/TimeSeriesRegressionEngine.ts": {"path":"/Users/yundongsoftware/Documents/projects/dogfoodings/OzoneNexus/src/lib/prediction/TimeSeriesRegressionEngine.ts","statementMap":{"0":{"start":{"line":3,"column":13},"end":{"line":3,"column":39}},"1":{"start":{"line":154,"column":13},"end":{"line":154,"column":35}},"2":{"start":{"line":4,"column":10},"end":{"line":4,"column":null}},"3":{"start":{"line":5,"column":10},"end":{"line":10,"column":null}},"4":{"start":{"line":11,"column":10},"end":{"line":11,"column":null}},"5":{"start":{"line":14,"column":4},"end":{"line":16,"column":null}},"6":{"start":{"line":15,"column":6},"end":{"line":15,"column":null}},"7":{"start":{"line":20,"column":4},"end":{"line":21,"column":null}},"8":{"start":{"line":21,"column":16},"end":{"line":21,"column":41}},"9":{"start":{"line":23,"column":4},"end":{"line":23,"column":null}},"10":{"start":{"line":27,"column":4},"end":{"line":27,"column":null}},"11":{"start":{"line":28,"column":4},"end":{"line":28,"column":null}},"12":{"start":{"line":32,"column":23},"end":{"line":32,"column":null}},"13":{"start":{"line":32,"column":54},"end":{"line":32,"column":65}},"14":{"start":{"line":33,"column":17},"end":{"line":33,"column":74}},"15":{"start":{"line":33,"column":45},"end":{"line":33,"column":52}},"16":{"start":{"line":35,"column":6},"end":{"line":35,"column":83}},"17":{"start":{"line":35,"column":34},"end":{"line":35,"column":61}},"18":{"start":{"line":36,"column":16},"end":{"line":36,"column":null}},"19":{"start":{"line":38,"column":23},"end":{"line":38,"column":null}},"20":{"start":{"line":38,"column":45},"end":{"line":38,"column":null}},"21":{"start":{"line":39,"column":4},"end":{"line":39,"column":null}},"22":{"start":{"line":43,"column":34},"end":{"line":43,"column":null}},"23":{"start":{"line":44,"column":29},"end":{"line":44,"column":null}},"24":{"start":{"line":46,"column":4},"end":{"line":50,"column":null}},"25":{"start":{"line":47,"column":26},"end":{"line":47,"column":null}},"26":{"start":{"line":48,"column":6},"end":{"line":48,"column":null}},"27":{"start":{"line":49,"column":6},"end":{"line":49,"column":null}},"28":{"start":{"line":52,"column":4},"end":{"line":52,"column":null}},"29":{"start":{"line":52,"column":39},"end":{"line":52,"column":54}},"30":{"start":{"line":56,"column":4},"end":{"line":56,"column":null}},"31":{"start":{"line":56,"column":25},"end":{"line":56,"column":null}},"32":{"start":{"line":57,"column":4},"end":{"line":59,"column":null}},"33":{"start":{"line":58,"column":6},"end":{"line":58,"column":null}},"34":{"start":{"line":61,"column":4},"end":{"line":61,"column":null}},"35":{"start":{"line":63,"column":4},"end":{"line":103,"column":null}},"36":{"start":{"line":64,"column":6},"end":{"line":64,"column":null}},"37":{"start":{"line":64,"column":37},"end":{"line":64,"column":null}},"38":{"start":{"line":66,"column":62},"end":{"line":66,"column":null}},"39":{"start":{"line":67,"column":21},"end":{"line":67,"column":null}},"40":{"start":{"line":67,"column":52},"end":{"line":67,"column":59}},"41":{"start":{"line":69,"column":16},"end":{"line":69,"column":43}},"42":{"start":{"line":70,"column":19},"end":{"line":70,"column":null}},"43":{"start":{"line":70,"column":57},"end":{"line":70,"column":64}},"44":{"start":{"line":71,"column":19},"end":{"line":71,"column":null}},"45":{"start":{"line":71,"column":43},"end":{"line":71,"column":50}},"46":{"start":{"line":72,"column":20},"end":{"line":74,"column":null}},"47":{"start":{"line":73,"column":21},"end":{"line":73,"column":38}},"48":{"start":{"line":76,"column":20},"end":{"line":76,"column":null}},"49":{"start":{"line":76,"column":58},"end":{"line":76,"column":69}},"50":{"start":{"line":78,"column":20},"end":{"line":78,"column":null}},"51":{"start":{"line":79,"column":24},"end":{"line":79,"column":null}},"52":{"start":{"line":81,"column":20},"end":{"line":81,"column":null}},"53":{"start":{"line":82,"column":22},"end":{"line":82,"column":null}},"54":{"start":{"line":82,"column":46},"end":{"line":82,"column":74}},"55":{"start":{"line":83,"column":25},"end":{"line":86,"column":null}},"56":{"start":{"line":85,"column":10},"end":{"line":85,"column":null}},"57":{"start":{"line":88,"column":23},"end":{"line":88,"column":null}},"58":{"start":{"line":90,"column":24},"end":{"line":91,"column":66}},"59":{"start":{"line":91,"column":18},"end":{"line":91,"column":null}},"60":{"start":{"line":93,"column":26},"end":{"line":93,"column":null}},"61":{"start":{"line":95,"column":6},"end":{"line":100,"column":null}},"62":{"start":{"line":102,"column":6},"end":{"line":102,"column":null}},"63":{"start":{"line":107,"column":4},"end":{"line":109,"column":null}},"64":{"start":{"line":108,"column":6},"end":{"line":108,"column":null}},"65":{"start":{"line":111,"column":4},"end":{"line":113,"column":null}},"66":{"start":{"line":112,"column":6},"end":{"line":112,"column":null}},"67":{"start":{"line":115,"column":54},"end":{"line":115,"column":null}},"68":{"start":{"line":117,"column":4},"end":{"line":138,"column":null}},"69":{"start":{"line":118,"column":34},"end":{"line":118,"column":null}},"70":{"start":{"line":120,"column":8},"end":{"line":120,"column":null}},"71":{"start":{"line":121,"column":26},"end":{"line":121,"column":70}},"72":{"start":{"line":122,"column":32},"end":{"line":122,"column":74}},"73":{"start":{"line":124,"column":29},"end":{"line":124,"column":null}},"74":{"start":{"line":126,"column":23},"end":{"line":126,"column":null}},"75":{"start":{"line":127,"column":28},"end":{"line":127,"column":null}},"76":{"start":{"line":129,"column":6},"end":{"line":137,"column":null}},"77":{"start":{"line":142,"column":4},"end":{"line":142,"column":null}},"78":{"start":{"line":146,"column":4},"end":{"line":146,"column":null}},"79":{"start":{"line":150,"column":4},"end":{"line":150,"column":null}},"80":{"start":{"line":154,"column":38},"end":{"line":158,"column":null}},"81":{"start":{"line":157,"column":2},"end":{"line":157,"column":null}}},"fnMap":{"0":{"name":"(anonymous_3)","decl":{"start":{"line":13,"column":2},"end":{"line":13,"column":14}},"loc":{"start":{"line":13,"column":49},"end":{"line":17,"column":null}}},"1":{"name":"(anonymous_4)","decl":{"start":{"line":19,"column":2},"end":{"line":19,"column":10}},"loc":{"start":{"line":19,"column":40},"end":{"line":24,"column":null}}},"2":{"name":"(anonymous_5)","decl":{"start":{"line":21,"column":6},"end":{"line":21,"column":7}},"loc":{"start":{"line":21,"column":16},"end":{"line":21,"column":41}}},"3":{"name":"(anonymous_6)","decl":{"start":{"line":26,"column":2},"end":{"line":26,"column":20}},"loc":{"start":{"line":26,"column":20},"end":{"line":29,"column":null}}},"4":{"name":"(anonymous_7)","decl":{"start":{"line":31,"column":10},"end":{"line":31,"column":85}},"loc":{"start":{"line":31,"column":85},"end":{"line":40,"column":null}}},"5":{"name":"(anonymous_8)","decl":{"start":{"line":32,"column":47},"end":{"line":32,"column":48}},"loc":{"start":{"line":32,"column":54},"end":{"line":32,"column":65}}},"6":{"name":"(anonymous_9)","decl":{"start":{"line":33,"column":35},"end":{"line":33,"column":36}},"loc":{"start":{"line":33,"column":45},"end":{"line":33,"column":52}}},"7":{"name":"(anonymous_10)","decl":{"start":{"line":35,"column":24},"end":{"line":35,"column":25}},"loc":{"start":{"line":35,"column":34},"end":{"line":35,"column":61}}},"8":{"name":"(anonymous_11)","decl":{"start":{"line":38,"column":38},"end":{"line":38,"column":39}},"loc":{"start":{"line":38,"column":45},"end":{"line":38,"column":null}}},"9":{"name":"(anonymous_12)","decl":{"start":{"line":42,"column":10},"end":{"line":42,"column":31}},"loc":{"start":{"line":42,"column":80},"end":{"line":53,"column":null}}},"10":{"name":"(anonymous_13)","decl":{"start":{"line":46,"column":19},"end":{"line":46,"column":20}},"loc":{"start":{"line":46,"column":27},"end":{"line":50,"column":null}}},"11":{"name":"(anonymous_14)","decl":{"start":{"line":52,"column":27},"end":{"line":52,"column":28}},"loc":{"start":{"line":52,"column":39},"end":{"line":52,"column":54}}},"12":{"name":"(anonymous_15)","decl":{"start":{"line":55,"column":2},"end":{"line":55,"column":8}},"loc":{"start":{"line":55,"column":31},"end":{"line":104,"column":null}}},"13":{"name":"(anonymous_16)","decl":{"start":{"line":64,"column":24},"end":{"line":64,"column":25}},"loc":{"start":{"line":64,"column":37},"end":{"line":64,"column":null}}},"14":{"name":"(anonymous_17)","decl":{"start":{"line":67,"column":45},"end":{"line":67,"column":46}},"loc":{"start":{"line":67,"column":52},"end":{"line":67,"column":59}}},"15":{"name":"(anonymous_18)","decl":{"start":{"line":70,"column":47},"end":{"line":70,"column":48}},"loc":{"start":{"line":70,"column":57},"end":{"line":70,"column":64}}},"16":{"name":"(anonymous_19)","decl":{"start":{"line":71,"column":33},"end":{"line":71,"column":34}},"loc":{"start":{"line":71,"column":43},"end":{"line":71,"column":50}}},"17":{"name":"(anonymous_20)","decl":{"start":{"line":73,"column":8},"end":{"line":73,"column":9}},"loc":{"start":{"line":73,"column":21},"end":{"line":73,"column":38}}},"18":{"name":"(anonymous_21)","decl":{"start":{"line":76,"column":48},"end":{"line":76,"column":49}},"loc":{"start":{"line":76,"column":58},"end":{"line":76,"column":69}}},"19":{"name":"(anonymous_22)","decl":{"start":{"line":82,"column":36},"end":{"line":82,"column":37}},"loc":{"start":{"line":82,"column":46},"end":{"line":82,"column":74}}},"20":{"name":"(anonymous_23)","decl":{"start":{"line":84,"column":8},"end":{"line":84,"column":9}},"loc":{"start":{"line":85,"column":10},"end":{"line":85,"column":null}}},"21":{"name":"(anonymous_24)","decl":{"start":{"line":91,"column":8},"end":{"line":91,"column":9}},"loc":{"start":{"line":91,"column":18},"end":{"line":91,"column":null}}},"22":{"name":"(anonymous_25)","decl":{"start":{"line":106,"column":2},"end":{"line":106,"column":8}},"loc":{"start":{"line":106,"column":73},"end":{"line":139,"column":null}}},"23":{"name":"(anonymous_26)","decl":{"start":{"line":117,"column":32},"end":{"line":117,"column":33}},"loc":{"start":{"line":117,"column":44},"end":{"line":138,"column":null}}},"24":{"name":"(anonymous_27)","decl":{"start":{"line":141,"column":2},"end":{"line":141,"column":24}},"loc":{"start":{"line":141,"column":24},"end":{"line":143,"column":null}}},"25":{"name":"(anonymous_28)","decl":{"start":{"line":145,"column":2},"end":{"line":145,"column":19}},"loc":{"start":{"line":145,"column":19},"end":{"line":147,"column":null}}},"26":{"name":"(anonymous_29)","decl":{"start":{"line":149,"column":2},"end":{"line":149,"column":26}},"loc":{"start":{"line":149,"column":26},"end":{"line":151,"column":null}}},"27":{"name":"(anonymous_30)","decl":{"start":{"line":154,"column":38},"end":{"line":154,"column":null}},"loc":{"start":{"line":155,"column":2},"end":{"line":158,"column":null}}}},"branchMap":{"0":{"loc":{"start":{"line":14,"column":4},"end":{"line":16,"column":null}},"type":"if","locations":[{"start":{"line":14,"column":4},"end":{"line":16,"column":null}},{"start":{},"end":{}}]},"1":{"loc":{"start":{"line":42,"column":49},"end":{"line":42,"column":68}},"type":"default-arg","locations":[{"start":{"line":42,"column":66},"end":{"line":42,"column":68}}]},"2":{"loc":{"start":{"line":56,"column":4},"end":{"line":56,"column":null}},"type":"if","locations":[{"start":{"line":56,"column":4},"end":{"line":56,"column":null}},{"start":{},"end":{}}]},"3":{"loc":{"start":{"line":57,"column":4},"end":{"line":59,"column":null}},"type":"if","locations":[{"start":{"line":57,"column":4},"end":{"line":59,"column":null}},{"start":{},"end":{}}]},"4":{"loc":{"start":{"line":107,"column":4},"end":{"line":109,"column":null}},"type":"if","locations":[{"start":{"line":107,"column":4},"end":{"line":109,"column":null}},{"start":{},"end":{}}]},"5":{"loc":{"start":{"line":111,"column":4},"end":{"line":113,"column":null}},"type":"if","locations":[{"start":{"line":111,"column":4},"end":{"line":113,"column":null}},{"start":{},"end":{}}]},"6":{"loc":{"start":{"line":142,"column":11},"end":{"line":142,"column":null}},"type":"binary-expr","locations":[{"start":{"line":142,"column":11},"end":{"line":142,"column":41}},{"start":{"line":142,"column":41},"end":{"line":142,"column":null}}]},"7":{"loc":{"start":{"line":150,"column":11},"end":{"line":150,"column":56}},"type":"binary-expr","locations":[{"start":{"line":150,"column":11},"end":{"line":150,"column":40}},{"start":{"line":150,"column":40},"end":{"line":150,"column":56}}]}},"s":{"0":36,"1":0,"2":36,"3":36,"4":36,"5":36,"6":36,"7":1,"8":194,"9":1,"10":0,"11":0,"12":67,"13":3990,"14":67,"15":3990,"16":67,"17":3990,"18":67,"19":67,"20":3990,"21":67,"22":35,"23":35,"24":35,"25":2070,"26":2070,"27":2070,"28":35,"29":420,"30":36,"31":0,"32":36,"33":1,"34":35,"35":35,"36":35,"37":35,"38":35,"39":35,"40":2070,"41":35,"42":35,"43":2070,"44":35,"45":2070,"46":35,"47":2070,"48":35,"49":2070,"50":35,"51":35,"52":35,"53":35,"54":2070,"55":35,"56":2070,"57":35,"58":35,"59":2070,"60":35,"61":35,"62":35,"63":32,"64":0,"65":32,"66":0,"67":32,"68":32,"69":768,"70":768,"71":768,"72":768,"73":768,"74":768,"75":768,"76":768,"77":1,"78":1,"79":4,"80":1,"81":0},"f":{"0":36,"1":1,"2":194,"3":0,"4":67,"5":3990,"6":3990,"7":3990,"8":3990,"9":35,"10":2070,"11":420,"12":36,"13":35,"14":2070,"15":2070,"16":2070,"17":2070,"18":2070,"19":2070,"20":2070,"21":2070,"22":32,"23":768,"24":1,"25":1,"26":4,"27":0},"b":{"0":[36,0],"1":[35],"2":[0,36],"3":[1,35],"4":[0,32],"5":[0,32],"6":[1,0],"7":[4,3]}}
}
