TN:
SF:src/app/layout.tsx
FN:12,RootLayout
FNF:1
FNH:0
FNDA:0,RootLayout
DA:2,0
DA:3,0
DA:5,0
DA:7,0
DA:12,0
LF:5
LH:0
BRF:0
BRH:0
end_of_record
TN:
SF:src/app/page.tsx
FN:13,Home
FN:22,(anonymous_2)
FN:23,(anonymous_3)
FN:58,(anonymous_4)
FN:62,(anonymous_5)
FN:67,(anonymous_6)
FN:83,(anonymous_7)
FN:241,(anonymous_8)
FNF:8
FNH:4
FNDA:65,Home
FNDA:31,(anonymous_2)
FNDA:31,(anonymous_3)
FNDA:3,(anonymous_4)
FNDA:0,(anonymous_5)
FNDA:0,(anonymous_6)
FNDA:0,(anonymous_7)
FNDA:0,(anonymous_8)
DA:3,1
DA:4,1
DA:5,1
DA:6,1
DA:7,1
DA:8,1
DA:9,1
DA:11,1
DA:13,31
DA:14,65
DA:15,64
DA:16,64
DA:17,64
DA:18,64
DA:19,64
DA:20,64
DA:22,64
DA:23,31
DA:24,31
DA:26,31
DA:28,31
DA:29,31
DA:30,31
DA:32,31
DA:38,31
DA:39,31
DA:41,31
DA:42,31
DA:44,31
DA:45,31
DA:47,31
DA:48,31
DA:49,31
DA:50,31
DA:51,31
DA:52,31
DA:55,31
DA:58,64
DA:59,3
DA:62,64
DA:63,0
DA:65,0
DA:67,0
DA:68,0
DA:69,0
DA:71,0
DA:77,0
DA:78,0
DA:83,0
DA:84,0
DA:85,0
DA:89,64
DA:241,0
LF:53
LH:41
BRDA:63,0,0,0
BRDA:63,0,1,0
BRDA:89,1,0,31
BRDA:89,1,1,33
BRDA:121,2,0,33
BRDA:121,2,1,0
BRDA:130,3,0,0
BRDA:151,4,0,33
BRDA:151,4,1,0
BRDA:163,5,0,33
BRDA:163,5,1,0
BRDA:175,6,0,33
BRDA:175,6,1,0
BRDA:187,7,0,33
BRDA:187,7,1,0
BRDA:236,8,0,33
BRDA:286,9,0,0
BRDA:286,9,1,33
BRDA:287,10,0,0
BRDA:287,10,1,33
BRF:20
BRH:10
end_of_record
TN:
SF:src/components/charts/OzonePredictionChart.tsx
FN:12,OzonePredictionChart
FN:17,(anonymous_2)
FN:25,(anonymous_3)
FNF:3
FNH:0
FNDA:0,OzonePredictionChart
FNDA:0,(anonymous_2)
FNDA:0,(anonymous_3)
DA:3,0
DA:4,0
DA:12,0
DA:16,0
DA:17,0
DA:25,0
LF:6
LH:0
BRF:0
BRH:0
end_of_record
TN:
SF:src/components/globe/OzoneGlobe.tsx
FN:14,OzoneGlobe
FN:29,(anonymous_5)
FN:40,(anonymous_6)
FN:64,(anonymous_7)
FN:154,(anonymous_8)
FN:173,(anonymous_9)
FN:182,(anonymous_10)
FN:188,(anonymous_11)
FN:190,(anonymous_12)
FN:195,(anonymous_13)
FN:202,(anonymous_14)
FN:215,(anonymous_15)
FN:222,(anonymous_16)
FN:227,(anonymous_17)
FN:233,(anonymous_18)
FN:249,(anonymous_19)
FN:253,(anonymous_20)
FN:266,(anonymous_21)
FN:277,(anonymous_22)
FN:291,(anonymous_23)
FNF:20
FNH:0
FNDA:0,OzoneGlobe
FNDA:0,(anonymous_5)
FNDA:0,(anonymous_6)
FNDA:0,(anonymous_7)
FNDA:0,(anonymous_8)
FNDA:0,(anonymous_9)
FNDA:0,(anonymous_10)
FNDA:0,(anonymous_11)
FNDA:0,(anonymous_12)
FNDA:0,(anonymous_13)
FNDA:0,(anonymous_14)
FNDA:0,(anonymous_15)
FNDA:0,(anonymous_16)
FNDA:0,(anonymous_17)
FNDA:0,(anonymous_18)
FNDA:0,(anonymous_19)
FNDA:0,(anonymous_20)
FNDA:0,(anonymous_21)
FNDA:0,(anonymous_22)
FNDA:0,(anonymous_23)
DA:3,0
DA:4,0
DA:14,0
DA:20,0
DA:21,0
DA:22,0
DA:23,0
DA:24,0
DA:25,0
DA:26,0
DA:27,0
DA:29,0
DA:30,0
DA:31,0
DA:33,0
DA:34,0
DA:35,0
DA:37,0
DA:40,0
DA:41,0
DA:43,0
DA:44,0
DA:49,0
DA:50,0
DA:56,0
DA:64,0
DA:65,0
DA:67,0
DA:68,0
DA:69,0
DA:71,0
DA:72,0
DA:73,0
DA:75,0
DA:76,0
DA:77,0
DA:78,0
DA:79,0
DA:81,0
DA:82,0
DA:84,0
DA:85,0
DA:86,0
DA:88,0
DA:89,0
DA:90,0
DA:92,0
DA:93,0
DA:99,0
DA:100,0
DA:102,0
DA:103,0
DA:109,0
DA:110,0
DA:112,0
DA:113,0
DA:119,0
DA:120,0
DA:122,0
DA:123,0
DA:129,0
DA:130,0
DA:132,0
DA:133,0
DA:134,0
DA:135,0
DA:136,0
DA:137,0
DA:138,0
DA:140,0
DA:144,0
DA:148,0
DA:149,0
DA:151,0
DA:154,0
DA:155,0
DA:157,0
DA:158,0
DA:159,0
DA:160,0
DA:162,0
DA:163,0
DA:164,0
DA:165,0
DA:166,0
DA:169,0
DA:171,0
DA:173,0
DA:174,0
DA:175,0
DA:176,0
DA:178,0
DA:182,0
DA:183,0
DA:185,0
DA:187,0
DA:188,0
DA:190,0
DA:191,0
DA:192,0
DA:193,0
DA:194,0
DA:195,0
DA:197,0
DA:202,0
DA:203,0
DA:204,0
DA:205,0
DA:208,0
DA:209,0
DA:210,0
DA:211,0
DA:215,0
DA:216,0
DA:218,0
DA:219,0
DA:220,0
DA:222,0
DA:223,0
DA:224,0
DA:227,0
DA:228,0
DA:230,0
DA:231,0
DA:233,0
DA:234,0
DA:235,0
DA:236,0
DA:237,0
DA:241,0
DA:246,0
DA:249,0
DA:250,0
DA:253,0
DA:254,0
DA:256,0
DA:257,0
DA:262,0
DA:263,0
DA:265,0
DA:266,0
DA:269,0
DA:271,0
DA:272,0
DA:273,0
DA:277,0
DA:278,0
DA:279,0
DA:280,0
DA:281,0
DA:284,0
DA:285,0
DA:286,0
DA:287,0
DA:288,0
DA:289,0
DA:291,0
DA:292,0
DA:293,0
DA:294,0
DA:295,0
DA:296,0
DA:297,0
LF:163
LH:0
BRDA:15,0,0,0
BRDA:17,1,0,0
BRDA:18,2,0,0
BRDA:43,3,0,0
BRDA:43,3,1,0
BRDA:49,4,0,0
BRDA:49,4,1,0
BRDA:65,5,0,0
BRDA:65,5,1,0
BRDA:162,6,0,0
BRDA:162,6,1,0
BRDA:175,7,0,0
BRDA:175,7,1,0
BRDA:175,8,0,0
BRDA:175,8,1,0
BRDA:183,9,0,0
BRDA:183,9,1,0
BRDA:183,10,0,0
BRDA:183,10,1,0
BRDA:188,11,0,0
BRDA:188,11,1,0
BRDA:192,12,0,0
BRDA:192,12,1,0
BRDA:194,13,0,0
BRDA:194,13,1,0
BRDA:216,14,0,0
BRDA:216,14,1,0
BRDA:216,15,0,0
BRDA:216,15,1,0
BRDA:216,15,2,0
BRDA:228,16,0,0
BRDA:228,16,1,0
BRDA:228,17,0,0
BRDA:228,17,1,0
BRDA:234,18,0,0
BRDA:234,18,1,0
BRDA:254,19,0,0
BRDA:254,19,1,0
BRDA:266,20,0,0
BRDA:266,20,1,0
BRDA:271,21,0,0
BRDA:271,21,1,0
BRDA:279,22,0,0
BRDA:279,22,1,0
BRF:44
BRH:0
end_of_record
TN:
SF:src/components/ui/MetricCard.tsx
FN:11,MetricCard
FNF:1
FNH:1
FNDA:132,MetricCard
DA:11,132
DA:20,132
LF:2
LH:2
BRDA:18,0,0,132
BRDA:20,1,0,132
BRDA:20,1,1,132
BRDA:29,2,0,132
BRDA:32,3,0,132
BRDA:39,4,0,132
BRDA:42,5,0,66
BRDA:42,5,1,66
BRDA:44,6,0,66
BRDA:44,6,1,66
BRDA:46,7,0,132
BRF:11
BRH:11
end_of_record
TN:
SF:src/lib/data/OzoneDataService.ts
FN:4,(anonymous_1)
FN:8,(anonymous_2)
FN:35,(anonymous_3)
FN:38,(anonymous_4)
FN:66,(anonymous_5)
FN:69,(anonymous_6)
FN:89,(anonymous_7)
FN:101,(anonymous_8)
FN:113,(anonymous_9)
FN:115,(anonymous_10)
FN:117,(anonymous_11)
FN:120,(anonymous_12)
FN:122,(anonymous_13)
FNF:13
FNH:13
FNDA:6296,(anonymous_1)
FNDA:33,(anonymous_2)
FNDA:28102,(anonymous_3)
FNDA:32,(anonymous_4)
FNDA:7232,(anonymous_5)
FNDA:38,(anonymous_6)
FNDA:32,(anonymous_7)
FNDA:32,(anonymous_8)
FNDA:4750,(anonymous_9)
FNDA:4750,(anonymous_10)
FNDA:822,(anonymous_11)
FNDA:4750,(anonymous_12)
FNDA:775,(anonymous_13)
DA:3,167
DA:5,6296
DA:9,33
DA:10,33
DA:12,33
DA:13,4760
DA:14,4760
DA:16,4760
DA:17,4760
DA:18,4760
DA:20,4760
DA:21,4760
DA:23,4760
DA:35,28102
DA:39,32
DA:40,32
DA:42,32
DA:43,768
DA:54,768
DA:66,7232
DA:70,38
DA:71,38
DA:72,38
DA:74,38
DA:75,2165
DA:76,2165
DA:77,2165
DA:78,2165
DA:80,2165
DA:86,38
DA:90,32
DA:91,32
DA:92,32
DA:94,32
DA:95,768
DA:98,32
DA:102,32
DA:103,0
DA:113,4750
DA:115,4750
DA:116,32
DA:117,822
DA:120,4750
DA:121,32
DA:122,775
DA:125,32
DA:126,32
DA:127,32
DA:128,32
DA:130,32
LF:50
LH:49
BRDA:8,0,0,0
BRDA:69,1,0,0
BRDA:89,2,0,0
BRDA:102,3,0,0
BRDA:102,3,1,32
BRDA:116,4,0,32
BRDA:116,4,1,0
BRDA:121,5,0,32
BRDA:121,5,1,0
BRF:9
BRH:3
end_of_record
TN:
SF:src/lib/database/OzoneDatabase.ts
FN:38,(anonymous_3)
FN:42,(anonymous_4)
FN:61,(anonymous_5)
FN:68,(anonymous_6)
FN:74,(anonymous_7)
FN:77,(anonymous_8)
FN:78,(anonymous_9)
FN:81,(anonymous_10)
FN:89,(anonymous_11)
FN:94,(anonymous_12)
FN:100,(anonymous_13)
FN:103,(anonymous_14)
FN:104,(anonymous_15)
FN:107,(anonymous_16)
FN:114,(anonymous_17)
FN:129,(anonymous_18)
FN:134,(anonymous_19)
FN:139,(anonymous_20)
FN:160,(anonymous_21)
FN:170,(anonymous_22)
FN:197,(anonymous_23)
FN:206,(anonymous_24)
FNF:22
FNH:0
FNDA:0,(anonymous_3)
FNDA:0,(anonymous_4)
FNDA:0,(anonymous_5)
FNDA:0,(anonymous_6)
FNDA:0,(anonymous_7)
FNDA:0,(anonymous_8)
FNDA:0,(anonymous_9)
FNDA:0,(anonymous_10)
FNDA:0,(anonymous_11)
FNDA:0,(anonymous_12)
FNDA:0,(anonymous_13)
FNDA:0,(anonymous_14)
FNDA:0,(anonymous_15)
FNDA:0,(anonymous_16)
FNDA:0,(anonymous_17)
FNDA:0,(anonymous_18)
FNDA:0,(anonymous_19)
FNDA:0,(anonymous_20)
FNDA:0,(anonymous_21)
FNDA:0,(anonymous_22)
FNDA:0,(anonymous_23)
FNDA:0,(anonymous_24)
DA:1,0
DA:31,0
DA:32,0
DA:33,0
DA:35,0
DA:36,0
DA:39,0
DA:41,0
DA:43,0
DA:46,0
DA:47,0
DA:49,0
DA:52,0
DA:53,0
DA:55,0
DA:56,0
DA:62,0
DA:63,0
DA:65,0
DA:69,0
DA:70,0
DA:71,0
DA:75,0
DA:76,0
DA:77,0
DA:78,0
DA:85,0
DA:86,0
DA:90,0
DA:91,0
DA:95,0
DA:96,0
DA:97,0
DA:101,0
DA:102,0
DA:103,0
DA:104,0
DA:110,0
DA:111,0
DA:119,0
DA:120,0
DA:130,0
DA:131,0
DA:135,0
DA:136,0
DA:140,0
DA:141,0
DA:143,0
DA:144,0
DA:152,0
DA:161,0
DA:162,0
DA:163,0
DA:175,0
DA:177,0
DA:179,0
DA:180,0
DA:181,0
DA:183,0
DA:185,0
DA:192,0
DA:193,0
DA:198,0
DA:199,0
DA:207,0
DA:208,0
DA:209,0
DA:214,0
LF:68
LH:0
BRDA:39,0,0,0
BRDA:39,0,1,0
BRDA:62,1,0,0
BRDA:62,1,1,0
BRDA:143,2,0,0
BRDA:143,2,1,0
BRDA:207,3,0,0
BRDA:207,3,1,0
BRF:8
BRH:0
end_of_record
TN:
SF:src/lib/prediction/TimeSeriesRegressionEngine.ts
FN:13,(anonymous_3)
FN:19,(anonymous_4)
FN:21,(anonymous_5)
FN:26,(anonymous_6)
FN:31,(anonymous_7)
FN:32,(anonymous_8)
FN:33,(anonymous_9)
FN:35,(anonymous_10)
FN:38,(anonymous_11)
FN:42,(anonymous_12)
FN:46,(anonymous_13)
FN:52,(anonymous_14)
FN:55,(anonymous_15)
FN:64,(anonymous_16)
FN:67,(anonymous_17)
FN:70,(anonymous_18)
FN:71,(anonymous_19)
FN:73,(anonymous_20)
FN:76,(anonymous_21)
FN:82,(anonymous_22)
FN:84,(anonymous_23)
FN:91,(anonymous_24)
FN:106,(anonymous_25)
FN:117,(anonymous_26)
FN:141,(anonymous_27)
FN:145,(anonymous_28)
FN:149,(anonymous_29)
FN:154,(anonymous_30)
FNF:28
FNH:26
FNDA:36,(anonymous_3)
FNDA:1,(anonymous_4)
FNDA:194,(anonymous_5)
FNDA:0,(anonymous_6)
FNDA:67,(anonymous_7)
FNDA:3990,(anonymous_8)
FNDA:3990,(anonymous_9)
FNDA:3990,(anonymous_10)
FNDA:3990,(anonymous_11)
FNDA:35,(anonymous_12)
FNDA:2070,(anonymous_13)
FNDA:420,(anonymous_14)
FNDA:36,(anonymous_15)
FNDA:35,(anonymous_16)
FNDA:2070,(anonymous_17)
FNDA:2070,(anonymous_18)
FNDA:2070,(anonymous_19)
FNDA:2070,(anonymous_20)
FNDA:2070,(anonymous_21)
FNDA:2070,(anonymous_22)
FNDA:2070,(anonymous_23)
FNDA:2070,(anonymous_24)
FNDA:32,(anonymous_25)
FNDA:768,(anonymous_26)
FNDA:1,(anonymous_27)
FNDA:1,(anonymous_28)
FNDA:4,(anonymous_29)
FNDA:0,(anonymous_30)
DA:3,36
DA:4,36
DA:5,36
DA:11,36
DA:14,36
DA:15,36
DA:20,1
DA:21,194
DA:23,1
DA:27,0
DA:28,0
DA:32,3990
DA:33,3990
DA:35,3990
DA:36,67
DA:38,3990
DA:39,67
DA:43,35
DA:44,35
DA:46,35
DA:47,2070
DA:48,2070
DA:49,2070
DA:52,420
DA:56,36
DA:57,36
DA:58,1
DA:61,35
DA:63,35
DA:64,35
DA:66,35
DA:67,2070
DA:69,35
DA:70,2070
DA:71,2070
DA:72,35
DA:73,2070
DA:76,2070
DA:78,35
DA:79,35
DA:81,35
DA:82,2070
DA:83,35
DA:85,2070
DA:88,35
DA:90,35
DA:91,2070
DA:93,35
DA:95,35
DA:102,35
DA:107,32
DA:108,0
DA:111,32
DA:112,0
DA:115,32
DA:117,32
DA:118,768
DA:120,768
DA:121,768
DA:122,768
DA:124,768
DA:126,768
DA:127,768
DA:129,768
DA:142,1
DA:146,1
DA:150,4
DA:154,1
DA:157,0
LF:69
LH:64
BRDA:14,0,0,36
BRDA:14,0,1,0
BRDA:42,1,0,35
BRDA:56,2,0,0
BRDA:56,2,1,36
BRDA:57,3,0,1
BRDA:57,3,1,35
BRDA:107,4,0,0
BRDA:107,4,1,32
BRDA:111,5,0,0
BRDA:111,5,1,32
BRDA:142,6,0,1
BRDA:142,6,1,0
BRDA:150,7,0,4
BRDA:150,7,1,3
BRF:15
BRH:10
end_of_record
