{"total": {"lines":{"total":622,"covered":255,"skipped":0,"pct":40.99},"statements":{"total":659,"covered":268,"skipped":0,"pct":40.66},"functions":{"total":126,"covered":47,"skipped":0,"pct":37.3},"branches":{"total":247,"covered":68,"skipped":0,"pct":27.53},"branchesTrue":{"total":0,"covered":0,"skipped":0,"pct":100}}
,"/Users/yundongsoftware/Documents/projects/dogfoodings/SkywayNexus/components/ControlPanel.tsx": {"lines":{"total":30,"covered":0,"skipped":0,"pct":0},"functions":{"total":16,"covered":0,"skipped":0,"pct":0},"statements":{"total":33,"covered":0,"skipped":0,"pct":0},"branches":{"total":30,"covered":0,"skipped":0,"pct":0}}
,"/Users/yundongsoftware/Documents/projects/dogfoodings/SkywayNexus/components/FlightMap.tsx": {"lines":{"total":79,"covered":0,"skipped":0,"pct":0},"functions":{"total":12,"covered":0,"skipped":0,"pct":0},"statements":{"total":87,"covered":0,"skipped":0,"pct":0},"branches":{"total":48,"covered":0,"skipped":0,"pct":0}}
,"/Users/yundongsoftware/Documents/projects/dogfoodings/SkywayNexus/components/SkywayNexusApp.tsx": {"lines":{"total":128,"covered":0,"skipped":0,"pct":0},"functions":{"total":23,"covered":0,"skipped":0,"pct":0},"statements":{"total":132,"covered":0,"skipped":0,"pct":0},"branches":{"total":35,"covered":0,"skipped":0,"pct":0}}
,"/Users/yundongsoftware/Documents/projects/dogfoodings/SkywayNexus/lib/conflictDetection.ts": {"lines":{"total":124,"covered":118,"skipped":0,"pct":95.16},"functions":{"total":28,"covered":26,"skipped":0,"pct":92.85},"statements":{"total":136,"covered":126,"skipped":0,"pct":92.64},"branches":{"total":53,"covered":40,"skipped":0,"pct":75.47}}
,"/Users/yundongsoftware/Documents/projects/dogfoodings/SkywayNexus/lib/indexeddb.ts": {"lines":{"total":121,"covered":0,"skipped":0,"pct":0},"functions":{"total":25,"covered":0,"skipped":0,"pct":0},"statements":{"total":126,"covered":0,"skipped":0,"pct":0},"branches":{"total":49,"covered":0,"skipped":0,"pct":0}}
,"/Users/yundongsoftware/Documents/projects/dogfoodings/SkywayNexus/lib/mockData.ts": {"lines":{"total":50,"covered":50,"skipped":0,"pct":100},"functions":{"total":7,"covered":7,"skipped":0,"pct":100},"statements":{"total":53,"covered":53,"skipped":0,"pct":100},"branches":{"total":2,"covered":2,"skipped":0,"pct":100}}
,"/Users/yundongsoftware/Documents/projects/dogfoodings/SkywayNexus/lib/semanticAlignment.ts": {"lines":{"total":90,"covered":87,"skipped":0,"pct":96.66},"functions":{"total":15,"covered":14,"skipped":0,"pct":93.33},"statements":{"total":92,"covered":89,"skipped":0,"pct":96.73},"branches":{"total":30,"covered":26,"skipped":0,"pct":86.66}}
}
