TN:
SF:components/ControlPanel.tsx
FN:33,ControlPanel
FN:47,(anonymous_2)
FN:50,(anonymous_3)
FN:51,(anonymous_4)
FN:53,(anonymous_5)
FN:56,(anonymous_6)
FN:73,(anonymous_7)
FN:75,(anonymous_8)
FN:77,(anonymous_9)
FN:82,(anonymous_10)
FN:170,(anonymous_11)
FN:172,(anonymous_12)
FN:175,(anonymous_13)
FN:182,(anonymous_14)
FN:354,(anonymous_15)
FN:380,(anonymous_16)
FNF:16
FNH:0
FNDA:0,ControlPanel
FNDA:0,(anonymous_2)
FNDA:0,(anonymous_3)
FNDA:0,(anonymous_4)
FNDA:0,(anonymous_5)
FNDA:0,(anonymous_6)
FNDA:0,(anonymous_7)
FNDA:0,(anonymous_8)
FNDA:0,(anonymous_9)
FNDA:0,(anonymous_10)
FNDA:0,(anonymous_11)
FNDA:0,(anonymous_12)
FNDA:0,(anonymous_13)
FNDA:0,(anonymous_14)
FNDA:0,(anonymous_15)
FNDA:0,(anonymous_16)
DA:3,0
DA:33,0
DA:47,0
DA:48,0
DA:50,0
DA:51,0
DA:52,0
DA:53,0
DA:55,0
DA:56,0
DA:58,0
DA:62,0
DA:72,0
DA:74,0
DA:76,0
DA:77,0
DA:82,0
DA:83,0
DA:84,0
DA:85,0
DA:87,0
DA:171,0
DA:172,0
DA:174,0
DA:175,0
DA:177,0
DA:179,0
DA:182,0
DA:355,0
DA:381,0
LF:30
LH:0
BRDA:48,0,0,0
BRDA:48,0,1,0
BRDA:52,1,0,0
BRDA:52,1,1,0
BRDA:55,2,0,0
BRDA:55,2,1,0
BRDA:58,3,0,0
BRDA:58,3,1,0
BRDA:76,4,0,0
BRDA:76,4,1,0
BRDA:109,5,0,0
BRDA:109,5,1,0
BRDA:114,6,0,0
BRDA:114,6,1,0
BRDA:184,7,0,0
BRDA:184,7,1,0
BRDA:195,8,0,0
BRDA:195,8,1,0
BRDA:202,9,0,0
BRDA:236,10,0,0
BRDA:242,11,0,0
BRDA:263,12,0,0
BRDA:284,13,0,0
BRDA:291,14,0,0
BRDA:291,14,1,0
BRDA:306,15,0,0
BRDA:319,16,0,0
BRDA:368,17,0,0
BRDA:384,18,0,0
BRDA:384,18,1,0
BRF:30
BRH:0
end_of_record
TN:
SF:components/FlightMap.tsx
FN:20,FlightMap
FN:34,(anonymous_3)
FN:50,(anonymous_4)
FN:62,(anonymous_5)
FN:66,(anonymous_6)
FN:73,(anonymous_7)
FN:101,(anonymous_8)
FN:105,(anonymous_9)
FN:162,(anonymous_10)
FN:169,(anonymous_11)
FN:208,(anonymous_12)
FN:224,createAircraftIcon
FNF:12
FNH:0
FNDA:0,FlightMap
FNDA:0,(anonymous_3)
FNDA:0,(anonymous_4)
FNDA:0,(anonymous_5)
FNDA:0,(anonymous_6)
FNDA:0,(anonymous_7)
FNDA:0,(anonymous_8)
FNDA:0,(anonymous_9)
FNDA:0,(anonymous_10)
FNDA:0,(anonymous_11)
FNDA:0,(anonymous_12)
FNDA:0,createAircraftIcon
DA:3,0
DA:4,0
DA:5,0
DA:20,0
DA:27,0
DA:28,0
DA:29,0
DA:30,0
DA:31,0
DA:32,0
DA:34,0
DA:35,0
DA:37,0
DA:39,0
DA:47,0
DA:48,0
DA:50,0
DA:51,0
DA:52,0
DA:53,0
DA:55,0
DA:56,0
DA:57,0
DA:58,0
DA:62,0
DA:63,0
DA:65,0
DA:66,0
DA:67,0
DA:68,0
DA:72,0
DA:73,0
DA:78,0
DA:79,0
DA:80,0
DA:83,0
DA:89,0
DA:96,0
DA:101,0
DA:102,0
DA:104,0
DA:105,0
DA:106,0
DA:107,0
DA:111,0
DA:112,0
DA:115,0
DA:124,0
DA:132,0
DA:133,0
DA:137,0
DA:138,0
DA:140,0
DA:151,0
DA:157,0
DA:162,0
DA:163,0
DA:165,0
DA:169,0
DA:170,0
DA:171,0
DA:175,0
DA:176,0
DA:177,0
DA:179,0
DA:180,0
DA:185,0
DA:186,0
DA:188,0
DA:190,0
DA:192,0
DA:200,0
DA:208,0
DA:209,0
DA:212,0
DA:228,0
DA:229,0
DA:231,0
DA:246,0
LF:79
LH:0
BRDA:35,0,0,0
BRDA:35,0,1,0
BRDA:35,1,0,0
BRDA:35,1,1,0
BRDA:51,2,0,0
BRDA:51,2,1,0
BRDA:63,3,0,0
BRDA:63,3,1,0
BRDA:66,4,0,0
BRDA:66,4,1,0
BRDA:79,5,0,0
BRDA:79,5,1,0
BRDA:83,6,0,0
BRDA:83,6,1,0
BRDA:85,7,0,0
BRDA:85,7,1,0
BRDA:102,8,0,0
BRDA:102,8,1,0
BRDA:105,9,0,0
BRDA:105,9,1,0
BRDA:115,10,0,0
BRDA:115,10,1,0
BRDA:117,11,0,0
BRDA:117,11,1,0
BRDA:119,12,0,0
BRDA:119,12,1,0
BRDA:124,13,0,0
BRDA:124,13,1,0
BRDA:126,14,0,0
BRDA:126,14,1,0
BRDA:128,15,0,0
BRDA:128,15,1,0
BRDA:132,16,0,0
BRDA:132,16,1,0
BRDA:163,17,0,0
BRDA:163,17,1,0
BRDA:169,18,0,0
BRDA:169,18,1,0
BRDA:179,19,0,0
BRDA:179,19,1,0
BRDA:188,20,0,0
BRDA:188,20,1,0
BRDA:196,21,0,0
BRDA:196,21,1,0
BRDA:228,22,0,0
BRDA:228,22,1,0
BRDA:229,23,0,0
BRDA:229,23,1,0
BRF:48
BRH:0
end_of_record
TN:
SF:components/SkywayNexusApp.tsx
FN:20,SkywayNexusApp
FN:43,(anonymous_3)
FN:59,(anonymous_4)
FN:71,(anonymous_5)
FN:120,(anonymous_6)
FN:131,(anonymous_7)
FN:134,(anonymous_8)
FN:137,(anonymous_9)
FN:140,(anonymous_10)
FN:148,(anonymous_11)
FN:150,(anonymous_12)
FN:169,(anonymous_13)
FN:192,(anonymous_14)
FN:193,(anonymous_15)
FN:197,(anonymous_16)
FN:199,(anonymous_17)
FN:228,(anonymous_18)
FN:246,(anonymous_19)
FN:274,(anonymous_20)
FN:276,(anonymous_21)
FN:277,(anonymous_22)
FN:278,(anonymous_23)
FN:374,(anonymous_24)
FNF:23
FNH:0
FNDA:0,SkywayNexusApp
FNDA:0,(anonymous_3)
FNDA:0,(anonymous_4)
FNDA:0,(anonymous_5)
FNDA:0,(anonymous_6)
FNDA:0,(anonymous_7)
FNDA:0,(anonymous_8)
FNDA:0,(anonymous_9)
FNDA:0,(anonymous_10)
FNDA:0,(anonymous_11)
FNDA:0,(anonymous_12)
FNDA:0,(anonymous_13)
FNDA:0,(anonymous_14)
FNDA:0,(anonymous_15)
FNDA:0,(anonymous_16)
FNDA:0,(anonymous_17)
FNDA:0,(anonymous_18)
FNDA:0,(anonymous_19)
FNDA:0,(anonymous_20)
FNDA:0,(anonymous_21)
FNDA:0,(anonymous_22)
FNDA:0,(anonymous_23)
FNDA:0,(anonymous_24)
DA:3,0
DA:4,0
DA:13,0
DA:14,0
DA:15,0
DA:16,0
DA:17,0
DA:18,0
DA:20,0
DA:21,0
DA:22,0
DA:23,0
DA:24,0
DA:25,0
DA:26,0
DA:29,0
DA:32,0
DA:33,0
DA:34,0
DA:41,0
DA:43,0
DA:44,0
DA:46,0
DA:47,0
DA:48,0
DA:50,0
DA:55,0
DA:56,0
DA:57,0
DA:59,0
DA:60,0
DA:62,0
DA:63,0
DA:66,0
DA:67,0
DA:69,0
DA:70,0
DA:71,0
DA:72,0
DA:73,0
DA:74,0
DA:80,0
DA:82,0
DA:83,0
DA:84,0
DA:85,0
DA:86,0
DA:88,0
DA:89,0
DA:92,0
DA:93,0
DA:96,0
DA:97,0
DA:100,0
DA:101,0
DA:119,0
DA:120,0
DA:121,0
DA:122,0
DA:123,0
DA:128,0
DA:131,0
DA:132,0
DA:134,0
DA:135,0
DA:136,0
DA:137,0
DA:140,0
DA:141,0
DA:142,0
DA:144,0
DA:148,0
DA:149,0
DA:150,0
DA:151,0
DA:152,0
DA:157,0
DA:165,0
DA:169,0
DA:170,0
DA:171,0
DA:172,0
DA:173,0
DA:175,0
DA:176,0
DA:178,0
DA:179,0
DA:182,0
DA:183,0
DA:186,0
DA:187,0
DA:190,0
DA:192,0
DA:193,0
DA:194,0
DA:196,0
DA:197,0
DA:198,0
DA:199,0
DA:203,0
DA:204,0
DA:205,0
DA:206,0
DA:208,0
DA:225,0
DA:226,0
DA:228,0
DA:229,0
DA:230,0
DA:231,0
DA:234,0
DA:238,0
DA:242,0
DA:246,0
DA:247,0
DA:248,0
DA:249,0
DA:252,0
DA:254,0
DA:260,0
DA:273,0
DA:274,0
DA:276,0
DA:277,0
DA:278,0
DA:279,0
DA:285,0
DA:374,0
LF:128
LH:0
BRDA:50,0,0,0
BRDA:50,0,1,0
BRDA:51,1,0,0
BRDA:51,1,1,0
BRDA:51,1,2,0
BRDA:66,2,0,0
BRDA:66,2,1,0
BRDA:70,3,0,0
BRDA:70,3,1,0
BRDA:141,4,0,0
BRDA:141,4,1,0
BRDA:149,5,0,0
BRDA:149,5,1,0
BRDA:151,6,0,0
BRDA:151,6,1,0
BRDA:170,7,0,0
BRDA:170,7,1,0
BRDA:171,8,0,0
BRDA:171,8,1,0
BRDA:199,9,0,0
BRDA:199,9,1,0
BRDA:203,10,0,0
BRDA:203,10,1,0
BRDA:247,11,0,0
BRDA:247,11,1,0
BRDA:269,12,0,0
BRDA:269,12,1,0
BRDA:279,13,0,0
BRDA:279,13,1,0
BRDA:285,14,0,0
BRDA:285,14,1,0
BRDA:383,15,0,0
BRDA:383,15,1,0
BRDA:388,16,0,0
BRDA:388,16,1,0
BRF:35
BRH:0
end_of_record
TN:
SF:lib/conflictDetection.ts
FN:52,(anonymous_3)
FN:56,(anonymous_4)
FN:60,(anonymous_5)
FN:64,(anonymous_6)
FN:69,(anonymous_7)
FN:72,(anonymous_8)
FN:77,(anonymous_9)
FN:85,(anonymous_10)
FN:91,(anonymous_11)
FN:97,(anonymous_12)
FN:125,(anonymous_13)
FN:151,(anonymous_14)
FN:178,(anonymous_15)
FN:199,(anonymous_16)
FN:212,(anonymous_17)
FN:270,(anonymous_18)
FN:290,(anonymous_19)
FN:305,(anonymous_20)
FN:323,(anonymous_21)
FN:335,(anonymous_22)
FN:374,(anonymous_23)
FN:388,(anonymous_24)
FN:396,(anonymous_25)
FN:404,(anonymous_26)
FN:412,(anonymous_27)
FN:414,(anonymous_28)
FN:418,(anonymous_29)
FN:422,(anonymous_30)
FNF:28
FNH:26
FNDA:38,(anonymous_3)
FNDA:38,(anonymous_4)
FNDA:30,(anonymous_5)
FNDA:1,(anonymous_6)
FNDA:3,(anonymous_7)
FNDA:0,(anonymous_8)
FNDA:24,(anonymous_9)
FNDA:2,(anonymous_10)
FNDA:2,(anonymous_11)
FNDA:12,(anonymous_12)
FNDA:10,(anonymous_13)
FNDA:35,(anonymous_14)
FNDA:735,(anonymous_15)
FNDA:74,(anonymous_16)
FNDA:17094,(anonymous_17)
FNDA:1554,(anonymous_18)
FNDA:1579,(anonymous_19)
FNDA:25,(anonymous_20)
FNDA:0,(anonymous_21)
FNDA:25,(anonymous_22)
FNDA:10,(anonymous_23)
FNDA:25,(anonymous_24)
FNDA:25,(anonymous_25)
FNDA:25,(anonymous_26)
FNDA:14,(anonymous_27)
FNDA:7,(anonymous_28)
FNDA:2,(anonymous_29)
FNDA:12,(anonymous_30)
DA:9,2
DA:11,2
DA:12,2
DA:13,2
DA:14,2
DA:38,21
DA:39,23
DA:40,23
DA:41,23
DA:42,23
DA:43,23
DA:44,23
DA:45,23
DA:48,23
DA:53,38
DA:57,38
DA:61,30
DA:65,1
DA:66,1
DA:70,3
DA:71,3
DA:72,3
DA:73,0
DA:78,24
DA:79,24
DA:80,3
DA:81,3
DA:88,2
DA:94,2
DA:98,12
DA:100,12
DA:102,10
DA:104,10
DA:105,35
DA:106,74
DA:111,74
DA:112,25
DA:113,25
DA:114,25
DA:115,25
DA:116,25
DA:122,10
DA:128,10
DA:129,10
DA:131,10
DA:132,35
DA:133,35
DA:135,35
DA:142,35
DA:148,10
DA:157,35
DA:158,35
DA:160,35
DA:161,735
DA:162,735
DA:168,735
DA:175,35
DA:183,735
DA:184,735
DA:186,735
DA:187,735
DA:189,735
DA:192,735
DA:208,74
DA:210,74
DA:211,1554
DA:212,17094
DA:215,1554
DA:217,1554
DA:222,1554
DA:224,1554
DA:226,1554
DA:231,525
DA:235,25
DA:249,74
DA:251,25
DA:256,25
DA:274,1554
DA:275,1554
DA:276,1554
DA:279,1554
DA:285,1554
DA:287,1554
DA:294,1579
DA:295,1579
DA:297,1579
DA:299,1579
DA:300,1403
DA:301,1205
DA:302,1029
DA:308,25
DA:309,25
DA:311,25
DA:313,25
DA:315,25
DA:316,25
DA:321,25
DA:323,25
DA:324,0
DA:325,0
DA:326,0
DA:340,25
DA:341,17
DA:343,17
DA:356,8
DA:357,8
DA:371,0
DA:375,10
DA:376,10
DA:378,10
DA:379,25
DA:383,0
DA:392,25
DA:393,25
DA:399,25
DA:400,1
DA:407,25
DA:408,1
DA:413,14
DA:414,7
DA:419,2
DA:423,12
DA:424,12
DA:428,2
LF:124
LH:118
BRDA:70,0,0,0
BRDA:70,0,1,3
BRDA:79,1,0,3
BRDA:79,1,1,21
BRDA:100,2,0,2
BRDA:100,2,1,10
BRDA:111,3,0,25
BRDA:111,3,1,49
BRDA:113,4,0,25
BRDA:113,4,1,0
BRDA:133,5,0,35
BRDA:133,5,1,0
BRDA:215,6,0,0
BRDA:215,6,1,1554
BRDA:226,7,0,525
BRDA:226,7,1,1029
BRDA:227,8,0,1554
BRDA:227,8,1,1386
BRDA:227,8,2,1197
BRDA:231,9,0,25
BRDA:231,9,1,500
BRDA:232,10,0,525
BRDA:232,10,1,500
BRDA:249,11,0,49
BRDA:249,11,1,25
BRDA:299,12,0,176
BRDA:299,12,1,1403
BRDA:300,13,0,198
BRDA:300,13,1,1205
BRDA:301,14,0,176
BRDA:301,14,1,1029
BRDA:311,15,0,0
BRDA:311,15,1,25
BRDA:311,16,0,25
BRDA:311,16,1,25
BRDA:315,17,0,25
BRDA:315,17,1,0
BRDA:325,18,0,0
BRDA:325,18,1,0
BRDA:340,19,0,17
BRDA:340,19,1,8
BRDA:340,20,0,25
BRDA:340,20,1,17
BRDA:341,21,0,0
BRDA:341,21,1,17
BRDA:356,22,0,8
BRDA:356,22,1,0
BRDA:363,23,0,0
BRDA:363,23,1,8
BRDA:379,24,0,0
BRDA:379,24,1,25
BRDA:380,25,0,25
BRDA:380,25,1,0
BRF:53
BRH:40
end_of_record
TN:
SF:lib/indexeddb.ts
FN:28,(anonymous_1)
FN:32,(anonymous_2)
FN:118,(anonymous_3)
FN:125,(anonymous_4)
FN:133,(anonymous_5)
FN:151,(anonymous_6)
FN:161,(anonymous_7)
FN:170,(anonymous_8)
FN:177,(anonymous_9)
FN:186,(anonymous_10)
FN:196,(anonymous_11)
FN:202,(anonymous_12)
FN:213,(anonymous_13)
FN:218,(anonymous_14)
FN:224,(anonymous_15)
FN:229,(anonymous_16)
FN:235,(anonymous_17)
FN:240,(anonymous_18)
FN:246,(anonymous_19)
FN:259,(anonymous_20)
FN:265,(anonymous_21)
FN:278,(anonymous_22)
FN:284,(anonymous_23)
FN:293,(anonymous_24)
FN:299,(anonymous_25)
FNF:25
FNH:0
FNDA:0,(anonymous_1)
FNDA:0,(anonymous_2)
FNDA:0,(anonymous_3)
FNDA:0,(anonymous_4)
FNDA:0,(anonymous_5)
FNDA:0,(anonymous_6)
FNDA:0,(anonymous_7)
FNDA:0,(anonymous_8)
FNDA:0,(anonymous_9)
FNDA:0,(anonymous_10)
FNDA:0,(anonymous_11)
FNDA:0,(anonymous_12)
FNDA:0,(anonymous_13)
FNDA:0,(anonymous_14)
FNDA:0,(anonymous_15)
FNDA:0,(anonymous_16)
FNDA:0,(anonymous_17)
FNDA:0,(anonymous_18)
FNDA:0,(anonymous_19)
FNDA:0,(anonymous_20)
FNDA:0,(anonymous_21)
FNDA:0,(anonymous_22)
FNDA:0,(anonymous_23)
FNDA:0,(anonymous_24)
FNDA:0,(anonymous_25)
DA:1,0
DA:12,0
DA:13,0
DA:15,0
DA:26,0
DA:29,0
DA:31,0
DA:33,0
DA:34,0
DA:38,0
DA:41,0
DA:46,0
DA:47,0
DA:50,0
DA:51,0
DA:54,0
DA:59,0
DA:60,0
DA:63,0
DA:66,0
DA:67,0
DA:70,0
DA:73,0
DA:76,0
DA:77,0
DA:80,0
DA:81,0
DA:84,0
DA:89,0
DA:90,0
DA:93,0
DA:96,0
DA:99,0
DA:100,0
DA:103,0
DA:108,0
DA:115,0
DA:119,0
DA:120,0
DA:122,0
DA:128,0
DA:129,0
DA:130,0
DA:138,0
DA:139,0
DA:141,0
DA:142,0
DA:145,0
DA:147,0
DA:150,0
DA:151,0
DA:152,0
DA:153,0
DA:154,0
DA:158,0
DA:164,0
DA:165,0
DA:168,0
DA:169,0
DA:170,0
DA:172,0
DA:181,0
DA:182,0
DA:184,0
DA:185,0
DA:186,0
DA:189,0
DA:190,0
DA:191,0
DA:193,0
DA:197,0
DA:198,0
DA:199,0
DA:203,0
DA:204,0
DA:205,0
DA:208,0
DA:210,0
DA:214,0
DA:215,0
DA:219,0
DA:220,0
DA:221,0
DA:225,0
DA:226,0
DA:230,0
DA:231,0
DA:232,0
DA:236,0
DA:237,0
DA:241,0
DA:242,0
DA:243,0
DA:249,0
DA:250,0
DA:251,0
DA:254,0
DA:256,0
DA:260,0
DA:261,0
DA:262,0
DA:268,0
DA:269,0
DA:270,0
DA:273,0
DA:275,0
DA:279,0
DA:280,0
DA:281,0
DA:288,0
DA:289,0
DA:291,0
DA:292,0
DA:293,0
DA:296,0
DA:300,0
DA:301,0
DA:305,0
DA:306,0
DA:308,0
DA:312,0
LF:121
LH:0
BRDA:29,0,0,0
BRDA:29,0,1,0
BRDA:33,1,0,0
BRDA:33,1,1,0
BRDA:46,2,0,0
BRDA:46,2,1,0
BRDA:59,3,0,0
BRDA:59,3,1,0
BRDA:66,4,0,0
BRDA:66,4,1,0
BRDA:76,5,0,0
BRDA:76,5,1,0
BRDA:89,6,0,0
BRDA:89,6,1,0
BRDA:99,7,0,0
BRDA:99,7,1,0
BRDA:119,8,0,0
BRDA:119,8,1,0
BRDA:141,9,0,0
BRDA:141,9,1,0
BRDA:150,10,0,0
BRDA:150,10,1,0
BRDA:150,11,0,0
BRDA:150,11,1,0
BRDA:152,12,0,0
BRDA:152,12,1,0
BRDA:152,13,0,0
BRDA:152,13,1,0
BRDA:153,14,0,0
BRDA:153,14,1,0
BRDA:153,15,0,0
BRDA:153,15,1,0
BRDA:172,16,0,0
BRDA:172,16,1,0
BRDA:179,17,0,0
BRDA:182,18,0,0
BRDA:182,18,1,0
BRDA:204,19,0,0
BRDA:204,19,1,0
BRDA:250,20,0,0
BRDA:250,20,1,0
BRDA:269,21,0,0
BRDA:269,21,1,0
BRDA:291,22,0,0
BRDA:291,22,1,0
BRDA:291,23,0,0
BRDA:291,23,1,0
BRDA:293,24,0,0
BRDA:293,24,1,0
BRF:49
BRH:0
end_of_record
TN:
SF:lib/mockData.ts
FN:13,generateRandomWaypoint
FN:37,generateRoute
FN:88,generateAircraft
FN:110,generateFlightPlan
FN:135,generateFlightState
FN:165,generateInitialMockData
FN:196,updateFlightState
FNF:7
FNH:7
FNDA:890,generateRandomWaypoint
FNDA:150,generateRoute
FNDA:240,generateAircraft
FNDA:240,generateFlightPlan
FNDA:72,generateFlightState
FNDA:30,generateInitialMockData
FNDA:27,updateFlightState
DA:1,2
DA:11,2
DA:19,890
DA:20,890
DA:22,890
DA:38,150
DA:47,150
DA:48,150
DA:49,590
DA:59,150
DA:68,150
DA:73,150
DA:75,150
DA:89,240
DA:90,240
DA:91,240
DA:98,240
DA:114,240
DA:115,240
DA:121,240
DA:140,72
DA:141,72
DA:147,72
DA:165,30
DA:166,30
DA:167,30
DA:168,30
DA:169,30
DA:171,30
DA:172,150
DA:175,30
DA:176,240
DA:177,240
DA:179,240
DA:180,240
DA:181,240
DA:183,240
DA:184,72
DA:188,30
DA:196,27
DA:200,27
DA:201,27
DA:202,27
DA:204,27
DA:205,27
DA:207,27
DA:210,27
DA:212,27
DA:215,27
DA:220,27
LF:50
LH:50
BRDA:183,0,0,72
BRDA:183,0,1,168
BRF:2
BRH:2
end_of_record
TN:
SF:lib/semanticAlignment.ts
FN:98,(anonymous_3)
FN:102,(anonymous_4)
FN:109,(anonymous_5)
FN:157,(anonymous_6)
FN:205,(anonymous_7)
FN:239,(anonymous_8)
FN:273,(anonymous_9)
FN:307,(anonymous_10)
FN:321,(anonymous_11)
FN:350,(anonymous_12)
FN:362,(anonymous_13)
FN:374,(anonymous_14)
FN:378,(anonymous_15)
FN:383,(anonymous_16)
FN:384,(anonymous_17)
FNF:15
FNH:14
FNDA:2,(anonymous_3)
FNDA:2,(anonymous_4)
FNDA:2,(anonymous_5)
FNDA:2,(anonymous_6)
FNDA:18,(anonymous_7)
FNDA:15,(anonymous_8)
FNDA:7,(anonymous_9)
FNDA:0,(anonymous_10)
FNDA:40,(anonymous_11)
FNDA:40,(anonymous_12)
FNDA:38,(anonymous_13)
FNDA:4,(anonymous_14)
FNDA:1,(anonymous_15)
FNDA:2,(anonymous_16)
FNDA:25,(anonymous_17)
DA:11,2
DA:16,2
DA:46,2
DA:75,2
DA:95,0
DA:96,2
DA:99,2
DA:103,2
DA:110,2
DA:112,2
DA:113,6
DA:114,18
DA:115,12
DA:117,12
DA:121,12
DA:125,12
DA:126,72
DA:127,432
DA:128,96
DA:140,12
DA:154,2
DA:158,2
DA:160,2
DA:161,6
DA:162,18
DA:163,12
DA:165,12
DA:169,12
DA:173,12
DA:174,44
DA:175,160
DA:176,40
DA:188,12
DA:202,2
DA:210,18
DA:211,18
DA:212,18
DA:214,18
DA:221,18
DA:226,18
DA:227,18
DA:228,18
DA:230,18
DA:244,15
DA:245,15
DA:246,15
DA:248,15
DA:255,15
DA:260,15
DA:261,15
DA:262,15
DA:264,15
DA:278,7
DA:279,7
DA:280,7
DA:282,7
DA:289,7
DA:294,7
DA:295,7
DA:296,7
DA:298,7
DA:312,0
DA:327,40
DA:328,40
DA:330,40
DA:331,0
DA:334,40
DA:335,40
DA:336,2
DA:339,38
DA:340,38
DA:341,2
DA:344,36
DA:354,40
DA:355,121
DA:356,38
DA:359,2
DA:366,38
DA:367,117
DA:368,36
DA:371,2
DA:375,4
DA:379,1
DA:380,1
DA:384,25
DA:385,2
DA:386,1
DA:387,1
DA:389,1
DA:393,47
LF:90
LH:87
BRDA:114,0,0,12
BRDA:114,0,1,6
BRDA:127,1,0,96
BRDA:127,1,1,336
BRDA:162,2,0,12
BRDA:162,2,1,6
BRDA:175,3,0,40
BRDA:175,3,1,120
BRDA:235,4,0,18
BRDA:235,4,1,0
BRDA:269,5,0,15
BRDA:269,5,1,0
BRDA:303,6,0,7
BRDA:303,6,1,0
BRDA:330,7,0,0
BRDA:330,7,1,40
BRDA:330,8,0,40
BRDA:330,8,1,40
BRDA:335,9,0,2
BRDA:335,9,1,38
BRDA:340,10,0,2
BRDA:340,10,1,36
BRDA:355,11,0,38
BRDA:355,11,1,83
BRDA:355,12,0,121
BRDA:355,12,1,83
BRDA:367,13,0,36
BRDA:367,13,1,81
BRDA:385,14,0,1
BRDA:385,14,1,1
BRF:30
BRH:26
end_of_record
